Log file open, 04/08/20 13:59:18
LogWindows: Failed to load 'aqProf.dll' (GetLastError=126)
LogWindows: File 'aqProf.dll' does not exist
LogWindows: Failed to load 'VtuneApi.dll' (GetLastError=126)
LogWindows: File 'VtuneApi.dll' does not exist
LogWindows: Failed to load 'VtuneApi32e.dll' (GetLastError=126)
LogWindows: File 'VtuneApi32e.dll' does not exist
LogConsoleResponse: Display: Failed to find resolution value strings in scalability ini. Falling back to default.
LogInit: Display: Running engine for game: Code_DM
LogPlatformFile: Not using cached read wrapper
LogTaskGraph: Started task graph with 5 named threads and 23 total threads with 3 sets of task threads.
LogStats: Stats thread started at 4.058340
LogD3D11RHI: Loaded GFSDK_Aftermath_Lib.x64.dll
LogICUInternationalization: ICU TimeZone Detection - Raw Offset: -8:00, Platform Override: ''
LogPluginManager: Mounting plugin Paper2D
LogPluginManager: Mounting plugin AISupport
LogPluginManager: Mounting plugin LightPropagationVolume
LogPluginManager: Mounting plugin ActorLayerUtilities
LogPluginManager: Mounting plugin AnimationSharing
LogPluginManager: Mounting plugin CLionSourceCodeAccess
LogPluginManager: Mounting plugin CodeLiteSourceCodeAccess
LogPluginManager: Mounting plugin GitSourceControl
LogPluginManager: Mounting plugin KDevelopSourceCodeAccess
LogPluginManager: Mounting plugin NullSourceCodeAccess
LogPluginManager: Mounting plugin PerforceSourceControl
LogPluginManager: Mounting plugin PlasticSourceControl
LogPluginManager: Mounting plugin SubversionSourceControl
LogPluginManager: Mounting plugin UObjectPlugin
LogPluginManager: Mounting plugin VisualStudioCodeSourceCodeAccess
LogPluginManager: Mounting plugin VisualStudioSourceCodeAccess
LogPluginManager: Mounting plugin XCodeSourceCodeAccess
LogPluginManager: Mounting plugin AssetManagerEditor
LogPluginManager: Mounting plugin CryptoKeys
LogPluginManager: Mounting plugin CurveEditorTools
LogPluginManager: Mounting plugin DataValidation
LogPluginManager: Mounting plugin FacialAnimation
LogPluginManager: Mounting plugin GameplayTagsEditor
LogPluginManager: Mounting plugin MacGraphicsSwitching
LogPluginManager: Mounting plugin MaterialAnalyzer
LogPluginManager: Mounting plugin MobileLauncherProfileWizard
LogPluginManager: Mounting plugin PluginBrowser
LogPluginManager: Mounting plugin SpeedTreeImporter
LogPluginManager: Mounting plugin DatasmithContent
LogPluginManager: Mounting plugin VariantManagerContent
LogPluginManager: Mounting plugin AlembicImporter
LogPluginManager: Mounting plugin AutomationUtils
LogPluginManager: Mounting plugin BackChannel
LogPluginManager: Mounting plugin CharacterAI
LogPluginManager: Mounting plugin GeometryCache
LogPluginManager: Mounting plugin PlatformCrypto
LogPluginManager: Mounting plugin ProxyLODPlugin
LogPluginManager: Mounting plugin SkeletalReduction
LogPluginManager: Mounting plugin MagicLeap
LogPluginManager: Mounting plugin MagicLeapMedia
LogPluginManager: Mounting plugin MLSDK
LogPluginManager: Mounting plugin AndroidMedia
LogPluginManager: Mounting plugin AvfMedia
LogPluginManager: Mounting plugin ImgMedia
LogPluginManager: Mounting plugin MediaCompositing
LogPluginManager: Mounting plugin MediaPlayerEditor
LogPluginManager: Mounting plugin WebMMedia
LogPluginManager: Mounting plugin WmfMedia
LogPluginManager: Mounting plugin TcpMessaging
LogPluginManager: Mounting plugin UdpMessaging
LogPluginManager: Mounting plugin ActorSequence
LogPluginManager: Mounting plugin LevelSequenceEditor
LogPluginManager: Mounting plugin MatineeToLevelSequence
LogPluginManager: Mounting plugin NetcodeUnitTest
LogPluginManager: Mounting plugin NUTUnrealEngine4
LogPluginManager: Mounting plugin OnlineSubsystemGooglePlay
LogPluginManager: Mounting plugin OnlineSubsystemIOS
LogPluginManager: Mounting plugin OnlineSubsystem
LogPluginManager: Mounting plugin OnlineSubsystemNull
LogPluginManager: Mounting plugin OnlineSubsystemUtils
LogPluginManager: Mounting plugin LauncherChunkInstaller
LogPluginManager: Mounting plugin AndroidDeviceProfileSelector
LogPluginManager: Mounting plugin AndroidMoviePlayer
LogPluginManager: Mounting plugin AndroidPermission
LogPluginManager: Mounting plugin AppleImageUtils
LogPluginManager: Mounting plugin AppleMoviePlayer
LogPluginManager: Mounting plugin ArchVisCharacter
LogPluginManager: Mounting plugin AssetTags
LogPluginManager: Mounting plugin AudioCapture
LogPluginManager: Mounting plugin CableComponent
LogPluginManager: Mounting plugin CustomMeshComponent
LogPluginManager: Mounting plugin EditableMesh
LogPluginManager: Mounting plugin ExampleDeviceProfileSelector
LogPluginManager: Mounting plugin GoogleCloudMessaging
LogPluginManager: Mounting plugin IOSDeviceProfileSelector
LogPluginManager: Mounting plugin LinuxDeviceProfileSelector
LogPluginManager: Mounting plugin LocationServicesBPLibrary
LogPluginManager: Mounting plugin MobilePatchingUtils
LogPluginManager: Mounting plugin OculusVR
LogPluginManager: Mounting plugin PhysXVehicles
LogPluginManager: Mounting plugin PostSplashScreen
LogPluginManager: Mounting plugin ProceduralMeshComponent
LogPluginManager: Mounting plugin RuntimePhysXCooking
LogPluginManager: Mounting plugin SignificanceManager
LogPluginManager: Mounting plugin SteamVR
LogPluginManager: Mounting plugin WebMMoviePlayer
LogPluginManager: Mounting plugin WindowsMoviePlayer
LogPluginManager: Mounting plugin ScreenshotTools
LogInit: Using libcurl 7.55.1-DEV
LogInit:  - built for x86_64-pc-win32
LogInit:  - supports SSL with OpenSSL/1.1.1
LogInit:  - supports HTTP deflate (compression) using libz 1.2.8
LogInit:  - other features:
LogInit:      CURL_VERSION_SSL
LogInit:      CURL_VERSION_LIBZ
LogInit:      CURL_VERSION_IPV6
LogInit:      CURL_VERSION_ASYNCHDNS
LogInit:      CURL_VERSION_LARGEFILE
LogInit:      CURL_VERSION_IDN
LogInit:  CurlRequestOptions (configurable via config and command line):
LogInit:  - bVerifyPeer = true  - Libcurl will verify peer certificate
LogInit:  - bUseHttpProxy = false  - Libcurl will NOT use HTTP proxy
LogInit:  - bDontReuseConnections = false  - Libcurl will reuse connections
LogInit:  - MaxHostConnections = 16  - Libcurl will limit the number of connections to a host
LogInit:  - LocalHostAddr = Default
LogInit:  - BufferSize = 65536
LogOnline: OSS: Creating online subsystem instance for: NULL
LogInit: WinSock: version 1.1 (2.2), MaxSocks=32767, MaxUdp=65467
LogOnline: OSS: TryLoadSubsystemAndSetDefault: Loaded subsystem for module [NULL]
LogInit: Build: ++UE4+Release-4.24-CL-11590370
LogInit: Engine Version: 4.24.3-11590370+++UE4+Release-4.24
LogInit: Compatible Engine Version: 4.24.0-10570792+++UE4+Release-4.24
LogInit: Net CL: 10570792
LogInit: OS: Windows 10 (Release 1903) (), CPU: AMD Ryzen 5 2500U with Radeon Vega Mobile Gfx  , GPU: AMD Radeon(TM) Vega 8 Graphics
LogInit: Compiled (64-bit): Feb 24 2020 15:39:18
LogInit: Compiled with Visual C++: 19.16.27032.01
LogInit: Build Configuration: Development
LogInit: Branch Name: ++UE4+Release-4.24
LogInit: Command Line: 
LogInit: Base Directory: C:/Program Files/Epic Games/UE_4.24/Engine/Binaries/Win64/
LogInit: Installed Engine Build: 1
LogDevObjectVersion: Number of dev versions registered: 25
LogDevObjectVersion:   Dev-Blueprints (B0D832E4-1F89-4F0D-ACCF-7EB736FD4AA2): 10
LogDevObjectVersion:   Dev-Build (E1C64328-A22C-4D53-A36C-8E866417BD8C): 0
LogDevObjectVersion:   Dev-Core (375EC13C-06E4-48FB-B500-84F0262A717E): 3
LogDevObjectVersion:   Dev-Editor (E4B068ED-F494-42E9-A231-DA0B2E46BB41): 37
LogDevObjectVersion:   Dev-Framework (CFFC743F-43B0-4480-9391-14DF171D2073): 36
LogDevObjectVersion:   Dev-Mobile (B02B49B5-BB20-44E9-A304-32B752E40360): 2
LogDevObjectVersion:   Dev-Networking (A4E4105C-59A1-49B5-A7C5-40C4547EDFEE): 0
LogDevObjectVersion:   Dev-Online (39C831C9-5AE6-47DC-9A44-9C173E1C8E7C): 0
LogDevObjectVersion:   Dev-Physics (78F01B33-EBEA-4F98-B9B4-84EACCB95AA2): 2
LogDevObjectVersion:   Dev-Platform (6631380F-2D4D-43E0-8009-CF276956A95A): 0
LogDevObjectVersion:   Dev-Rendering (12F88B9F-8875-4AFC-A67C-D90C383ABD29): 36
LogDevObjectVersion:   Dev-Sequencer (7B5AE74C-D270-4C10-A958-57980B212A5A): 11
LogDevObjectVersion:   Dev-VR (D7296918-1DD6-4BDD-9DE2-64A83CC13884): 2
LogDevObjectVersion:   Dev-LoadTimes (C2A15278-BFE7-4AFE-6C17-90FF531DF755): 1
LogDevObjectVersion:   Private-Geometry (6EACA3D4-40EC-4CC1-B786-8BED09428FC5): 3
LogDevObjectVersion:   Dev-AnimPhys (29E575DD-E0A3-4627-9D10-D276232CDCEA): 17
LogDevObjectVersion:   Dev-Anim (AF43A65D-7FD3-4947-9873-3E8ED9C1BB05): 2
LogDevObjectVersion:   Dev-ReflectionCapture (6B266CEC-1EC7-4B8F-A30B-E4D90942FC07): 1
LogDevObjectVersion:   Dev-Automation (0DF73D61-A23F-47EA-B727-89E90C41499A): 1
LogDevObjectVersion:   FortniteMain (601D1886-AC64-4F84-AA16-D3DE0DEAC7D6): 31
LogDevObjectVersion:   Dev-Enterprise (9DFFBCD6-494F-0158-E221-12823C92A888): 8
LogDevObjectVersion:   Dev-Niagara (F2AED0AC-9AFE-416F-8664-AA7FFA26D6FC): 1
LogDevObjectVersion:   Dev-Destruction (174F1F0B-B4C6-45A5-B13F-2EE8D0FB917D): 9
LogDevObjectVersion:   Dev-Physics-Ext (35F94A83-E258-406C-A318-09F59610247C): 8
LogDevObjectVersion:   Dev-CineCamera (B2E18506-4273-CFC2-A54E-F4BB758BBA07): 1
LogInit: Presizing for max 25165824 objects, including 0 objects not considered by GC, pre-allocating 0 bytes for permanent pool.
LogInit: Object subsystem initialized
LogConfig: Setting CVar [[con.DebugEarlyDefault:1]]
LogConfig: Setting CVar [[r.setres:1280x720]]
[2020.04.08-20.59.32:040][  0]LogConfig: Setting CVar [[r.VSync:0]]
[2020.04.08-20.59.32:040][  0]LogConfig: Setting CVar [[r.RHICmdBypass:0]]
[2020.04.08-20.59.32:041][  0]LogConfig: Applying CVar settings from Section [/Script/Engine.RendererSettings] File [C:/Users/SWIZZ_DC/Documents/GitHub/UE4COLLAB-/Code_DM/Saved/Config/Windows/Engine.ini]
[2020.04.08-20.59.32:042][  0]LogConfig: Setting CVar [[r.GPUCrashDebugging:0]]
[2020.04.08-20.59.32:042][  0]LogConfig: Applying CVar settings from Section [/Script/Engine.RendererOverrideSettings] File [C:/Users/SWIZZ_DC/Documents/GitHub/UE4COLLAB-/Code_DM/Saved/Config/Windows/Engine.ini]
[2020.04.08-20.59.32:042][  0]LogConfig: Applying CVar settings from Section [/Script/Engine.StreamingSettings] File [C:/Users/SWIZZ_DC/Documents/GitHub/UE4COLLAB-/Code_DM/Saved/Config/Windows/Engine.ini]
[2020.04.08-20.59.32:042][  0]LogConfig: Setting CVar [[s.MinBulkDataSizeForAsyncLoading:131072]]
[2020.04.08-20.59.32:042][  0]LogConfig: Setting CVar [[s.AsyncLoadingThreadEnabled:0]]
[2020.04.08-20.59.32:043][  0]LogConfig: Setting CVar [[s.EventDrivenLoaderEnabled:1]]
[2020.04.08-20.59.32:043][  0]LogConfig: Setting CVar [[s.WarnIfTimeLimitExceeded:0]]
[2020.04.08-20.59.32:043][  0]LogConfig: Setting CVar [[s.TimeLimitExceededMultiplier:1.5]]
[2020.04.08-20.59.32:043][  0]LogConfig: Setting CVar [[s.TimeLimitExceededMinTime:0.005]]
[2020.04.08-20.59.32:043][  0]LogConfig: Setting CVar [[s.UseBackgroundLevelStreaming:1]]
[2020.04.08-20.59.32:043][  0]LogConfig: Setting CVar [[s.PriorityAsyncLoadingExtraTime:15.0]]
[2020.04.08-20.59.32:043][  0]LogConfig: Setting CVar [[s.LevelStreamingActorsUpdateTimeLimit:5.0]]
[2020.04.08-20.59.32:043][  0]LogConfig: Setting CVar [[s.PriorityLevelStreamingActorsUpdateExtraTime:5.0]]
[2020.04.08-20.59.32:044][  0]LogConfig: Setting CVar [[s.LevelStreamingComponentsRegistrationGranularity:10]]
[2020.04.08-20.59.32:044][  0]LogConfig: Setting CVar [[s.UnregisterComponentsTimeLimit:1.0]]
[2020.04.08-20.59.32:044][  0]LogConfig: Setting CVar [[s.LevelStreamingComponentsUnregistrationGranularity:5]]
[2020.04.08-20.59.32:044][  0]LogConfig: Setting CVar [[s.FlushStreamingOnExit:1]]
[2020.04.08-20.59.32:045][  0]LogConfig: Applying CVar settings from Section [/Script/Engine.GarbageCollectionSettings] File [C:/Users/SWIZZ_DC/Documents/GitHub/UE4COLLAB-/Code_DM/Saved/Config/Windows/Engine.ini]
[2020.04.08-20.59.32:045][  0]LogConfig: Setting CVar [[gc.MaxObjectsNotConsideredByGC:1]]
[2020.04.08-20.59.32:045][  0]LogConfig: Setting CVar [[gc.SizeOfPermanentObjectPool:0]]
[2020.04.08-20.59.32:045][  0]LogConfig: Setting CVar [[gc.FlushStreamingOnGC:0]]
[2020.04.08-20.59.32:045][  0]LogConfig: Setting CVar [[gc.NumRetriesBeforeForcingGC:10]]
[2020.04.08-20.59.32:045][  0]LogConfig: Setting CVar [[gc.AllowParallelGC:1]]
[2020.04.08-20.59.32:045][  0]LogConfig: Setting CVar [[gc.TimeBetweenPurgingPendingKillObjects:61.1]]
[2020.04.08-20.59.32:046][  0]LogConfig: Setting CVar [[gc.MaxObjectsInEditor:25165824]]
[2020.04.08-20.59.32:046][  0]LogConfig: Setting CVar [[gc.IncrementalBeginDestroyEnabled:1]]
[2020.04.08-20.59.32:046][  0]LogConfig: Setting CVar [[gc.CreateGCClusters:1]]
[2020.04.08-20.59.32:046][  0]LogConfig: Setting CVar [[gc.MinGCClusterSize:5]]
[2020.04.08-20.59.32:046][  0]LogConfig: Setting CVar [[gc.ActorClusteringEnabled:0]]
[2020.04.08-20.59.32:046][  0]LogConfig: Setting CVar [[gc.BlueprintClusteringEnabled:0]]
[2020.04.08-20.59.32:046][  0]LogConfig: Setting CVar [[gc.UseDisregardForGCOnDedicatedServers:0]]
[2020.04.08-20.59.32:047][  0]LogConfig: Applying CVar settings from Section [/Script/Engine.NetworkSettings] File [C:/Users/SWIZZ_DC/Documents/GitHub/UE4COLLAB-/Code_DM/Saved/Config/Windows/Engine.ini]
[2020.04.08-20.59.32:047][  0]LogConfig: Applying CVar settings from Section [/Script/UnrealEd.CookerSettings] File [C:/Users/SWIZZ_DC/Documents/GitHub/UE4COLLAB-/Code_DM/Saved/Config/Windows/Engine.ini]
[2020.04.08-20.59.32:104][  0]LogConfig: Applying CVar settings from Section [ViewDistanceQuality@3] File [C:/Users/SWIZZ_DC/Documents/GitHub/UE4COLLAB-/Code_DM/Saved/Config/Windows/Scalability.ini]
[2020.04.08-20.59.32:104][  0]LogConfig: Setting CVar [[r.SkeletalMeshLODBias:0]]
[2020.04.08-20.59.32:104][  0]LogConfig: Setting CVar [[r.ViewDistanceScale:1.0]]
[2020.04.08-20.59.32:105][  0]LogConfig: Applying CVar settings from Section [AntiAliasingQuality@3] File [C:/Users/SWIZZ_DC/Documents/GitHub/UE4COLLAB-/Code_DM/Saved/Config/Windows/Scalability.ini]
[2020.04.08-20.59.32:105][  0]LogConfig: Setting CVar [[r.PostProcessAAQuality:4]]
[2020.04.08-20.59.32:105][  0]LogConfig: Applying CVar settings from Section [ShadowQuality@3] File [C:/Users/SWIZZ_DC/Documents/GitHub/UE4COLLAB-/Code_DM/Saved/Config/Windows/Scalability.ini]
[2020.04.08-20.59.32:105][  0]LogConfig: Setting CVar [[r.LightFunctionQuality:1]]
[2020.04.08-20.59.32:105][  0]LogConfig: Setting CVar [[r.ShadowQuality:5]]
[2020.04.08-20.59.32:105][  0]LogConfig: Setting CVar [[r.Shadow.CSM.MaxCascades:10]]
[2020.04.08-20.59.32:106][  0]LogConfig: Setting CVar [[r.Shadow.MaxResolution:2048]]
[2020.04.08-20.59.32:106][  0]LogConfig: Setting CVar [[r.Shadow.MaxCSMResolution:2048]]
[2020.04.08-20.59.32:106][  0]LogConfig: Setting CVar [[r.Shadow.RadiusThreshold:0.01]]
[2020.04.08-20.59.32:106][  0]LogConfig: Setting CVar [[r.Shadow.DistanceScale:1.0]]
[2020.04.08-20.59.32:106][  0]LogConfig: Setting CVar [[r.Shadow.CSM.TransitionScale:1.0]]
[2020.04.08-20.59.32:106][  0]LogConfig: Setting CVar [[r.Shadow.PreShadowResolutionFactor:1.0]]
[2020.04.08-20.59.32:107][  0]LogConfig: Setting CVar [[r.DistanceFieldShadowing:1]]
[2020.04.08-20.59.32:107][  0]LogConfig: Setting CVar [[r.DistanceFieldAO:1]]
[2020.04.08-20.59.32:107][  0]LogConfig: Setting CVar [[r.AOQuality:2]]
[2020.04.08-20.59.32:107][  0]LogConfig: Setting CVar [[r.VolumetricFog:1]]
[2020.04.08-20.59.32:107][  0]LogConfig: Setting CVar [[r.VolumetricFog.GridPixelSize:8]]
[2020.04.08-20.59.32:107][  0]LogConfig: Setting CVar [[r.VolumetricFog.GridSizeZ:128]]
[2020.04.08-20.59.32:108][  0]LogConfig: Setting CVar [[r.VolumetricFog.HistoryMissSupersampleCount:4]]
[2020.04.08-20.59.32:108][  0]LogConfig: Setting CVar [[r.LightMaxDrawDistanceScale:1]]
[2020.04.08-20.59.32:108][  0]LogConfig: Setting CVar [[r.CapsuleShadows:1]]
[2020.04.08-20.59.32:108][  0]LogConfig: Applying CVar settings from Section [PostProcessQuality@3] File [C:/Users/SWIZZ_DC/Documents/GitHub/UE4COLLAB-/Code_DM/Saved/Config/Windows/Scalability.ini]
[2020.04.08-20.59.32:109][  0]LogConfig: Setting CVar [[r.MotionBlurQuality:4]]
[2020.04.08-20.59.32:109][  0]LogConfig: Setting CVar [[r.AmbientOcclusionMipLevelFactor:0.4]]
[2020.04.08-20.59.32:109][  0]LogConfig: Setting CVar [[r.AmbientOcclusionMaxQuality:100]]
[2020.04.08-20.59.32:109][  0]LogConfig: Setting CVar [[r.AmbientOcclusionLevels:-1]]
[2020.04.08-20.59.32:109][  0]LogConfig: Setting CVar [[r.AmbientOcclusionRadiusScale:1.0]]
[2020.04.08-20.59.32:110][  0]LogConfig: Setting CVar [[r.DepthOfFieldQuality:2]]
[2020.04.08-20.59.32:110][  0]LogConfig: Setting CVar [[r.RenderTargetPoolMin:400]]
[2020.04.08-20.59.32:110][  0]LogConfig: Setting CVar [[r.LensFlareQuality:2]]
[2020.04.08-20.59.32:110][  0]LogConfig: Setting CVar [[r.SceneColorFringeQuality:1]]
[2020.04.08-20.59.32:110][  0]LogConfig: Setting CVar [[r.EyeAdaptationQuality:2]]
[2020.04.08-20.59.32:111][  0]LogConfig: Setting CVar [[r.BloomQuality:5]]
[2020.04.08-20.59.32:111][  0]LogConfig: Setting CVar [[r.FastBlurThreshold:100]]
[2020.04.08-20.59.32:111][  0]LogConfig: Setting CVar [[r.Upscale.Quality:3]]
[2020.04.08-20.59.32:111][  0]LogConfig: Setting CVar [[r.Tonemapper.GrainQuantization:1]]
[2020.04.08-20.59.32:111][  0]LogConfig: Setting CVar [[r.LightShaftQuality:1]]
[2020.04.08-20.59.32:112][  0]LogConfig: Setting CVar [[r.Filter.SizeScale:1]]
[2020.04.08-20.59.32:112][  0]LogConfig: Setting CVar [[r.Tonemapper.Quality:5]]
[2020.04.08-20.59.32:112][  0]LogConfig: Setting CVar [[r.DOF.Gather.AccumulatorQuality:1        ; higher gathering accumulator quality]]
[2020.04.08-20.59.32:112][  0]LogConfig: Setting CVar [[r.DOF.Gather.PostfilterMethod:1          ; Median3x3 postfilering method]]
[2020.04.08-20.59.32:112][  0]LogConfig: Setting CVar [[r.DOF.Gather.EnableBokehSettings:0       ; no bokeh simulation when gathering]]
[2020.04.08-20.59.32:113][  0]LogConfig: Setting CVar [[r.DOF.Gather.RingCount:4                 ; medium number of samples when gathering]]
[2020.04.08-20.59.32:113][  0]LogConfig: Setting CVar [[r.DOF.Scatter.ForegroundCompositing:1    ; additive foreground scattering]]
[2020.04.08-20.59.32:113][  0]LogConfig: Setting CVar [[r.DOF.Scatter.BackgroundCompositing:2    ; additive background scattering]]
[2020.04.08-20.59.32:113][  0]LogConfig: Setting CVar [[r.DOF.Scatter.EnableBokehSettings:1      ; bokeh simulation when scattering]]
[2020.04.08-20.59.32:114][  0]LogConfig: Setting CVar [[r.DOF.Scatter.MaxSpriteRatio:0.1         ; only a maximum of 10% of scattered bokeh]]
[2020.04.08-20.59.32:114][  0]LogConfig: Setting CVar [[r.DOF.Recombine.Quality:1                ; cheap slight out of focus]]
[2020.04.08-20.59.32:114][  0]LogConfig: Setting CVar [[r.DOF.Recombine.EnableBokehSettings:0    ; no bokeh simulation on slight out of focus]]
[2020.04.08-20.59.32:114][  0]LogConfig: Setting CVar [[r.DOF.TemporalAAQuality:1                ; more stable temporal accumulation]]
[2020.04.08-20.59.32:114][  0]LogConfig: Setting CVar [[r.DOF.Kernel.MaxForegroundRadius:0.025]]
[2020.04.08-20.59.32:115][  0]LogConfig: Setting CVar [[r.DOF.Kernel.MaxBackgroundRadius:0.025]]
[2020.04.08-20.59.32:115][  0]LogConfig: Applying CVar settings from Section [TextureQuality@3] File [C:/Users/SWIZZ_DC/Documents/GitHub/UE4COLLAB-/Code_DM/Saved/Config/Windows/Scalability.ini]
[2020.04.08-20.59.32:115][  0]LogConfig: Setting CVar [[r.Streaming.MipBias:0]]
[2020.04.08-20.59.32:115][  0]LogConfig: Setting CVar [[r.Streaming.AmortizeCPUToGPUCopy:0]]
[2020.04.08-20.59.32:115][  0]LogConfig: Setting CVar [[r.Streaming.MaxNumTexturesToStreamPerFrame:0]]
[2020.04.08-20.59.32:115][  0]LogConfig: Setting CVar [[r.Streaming.Boost:1]]
[2020.04.08-20.59.32:116][  0]LogConfig: Setting CVar [[r.MaxAnisotropy:8]]
[2020.04.08-20.59.32:116][  0]LogConfig: Setting CVar [[r.VT.MaxAnisotropy:8]]
[2020.04.08-20.59.32:116][  0]LogConfig: Setting CVar [[r.Streaming.LimitPoolSizeToVRAM:0]]
[2020.04.08-20.59.32:116][  0]LogConfig: Setting CVar [[r.Streaming.PoolSize:1000]]
[2020.04.08-20.59.32:116][  0]LogConfig: Setting CVar [[r.Streaming.MaxEffectiveScreenSize:0]]
[2020.04.08-20.59.32:116][  0]LogConfig: Applying CVar settings from Section [EffectsQuality@3] File [C:/Users/SWIZZ_DC/Documents/GitHub/UE4COLLAB-/Code_DM/Saved/Config/Windows/Scalability.ini]
[2020.04.08-20.59.32:117][  0]LogConfig: Setting CVar [[r.TranslucencyLightingVolumeDim:64]]
[2020.04.08-20.59.32:117][  0]LogConfig: Setting CVar [[r.RefractionQuality:2]]
[2020.04.08-20.59.32:117][  0]LogConfig: Setting CVar [[r.SSR.Quality:3]]
[2020.04.08-20.59.32:117][  0]LogConfig: Setting CVar [[r.SSR.HalfResSceneColor:0]]
[2020.04.08-20.59.32:117][  0]LogConfig: Setting CVar [[r.SceneColorFormat:4]]
[2020.04.08-20.59.32:117][  0]LogConfig: Setting CVar [[r.DetailMode:2]]
[2020.04.08-20.59.32:117][  0]LogConfig: Setting CVar [[r.TranslucencyVolumeBlur:1]]
[2020.04.08-20.59.32:117][  0]LogConfig: Setting CVar [[r.MaterialQualityLevel:1 ; High quality]]
[2020.04.08-20.59.32:118][  0]LogConfig: Setting CVar [[r.SSS.Scale:1]]
[2020.04.08-20.59.32:118][  0]LogConfig: Setting CVar [[r.SSS.SampleSet:2]]
[2020.04.08-20.59.32:118][  0]LogConfig: Setting CVar [[r.SSS.Quality:1]]
[2020.04.08-20.59.32:118][  0]LogConfig: Setting CVar [[r.SSS.HalfRes:1]]
[2020.04.08-20.59.32:118][  0]LogConfig: Setting CVar [[r.SSGI.Quality:3]]
[2020.04.08-20.59.32:118][  0]LogConfig: Setting CVar [[r.EmitterSpawnRateScale:1.0]]
[2020.04.08-20.59.32:118][  0]LogConfig: Setting CVar [[r.ParticleLightQuality:2]]
[2020.04.08-20.59.32:119][  0]LogConfig: Setting CVar [[r.SkyAtmosphere.AerialPerspectiveLUT.FastApplyOnOpaque:1 ; Always have FastSkyLUT 1 in this case to avoid wrong sky]]
[2020.04.08-20.59.32:119][  0]LogConfig: Setting CVar [[r.SkyAtmosphere.AerialPerspectiveLUT.SampleCountPerSlice:1]]
[2020.04.08-20.59.32:119][  0]LogConfig: Setting CVar [[r.SkyAtmosphere.AerialPerspectiveLUT.DepthResolution:16.0]]
[2020.04.08-20.59.32:119][  0]LogConfig: Setting CVar [[r.SkyAtmosphere.FastSkyLUT:1]]
[2020.04.08-20.59.32:119][  0]LogConfig: Setting CVar [[r.SkyAtmosphere.FastSkyLUT.SampleCountMin:4.0]]
[2020.04.08-20.59.32:119][  0]LogConfig: Setting CVar [[r.SkyAtmosphere.FastSkyLUT.SampleCountMax:32.0]]
[2020.04.08-20.59.32:119][  0]LogConfig: Setting CVar [[r.SkyAtmosphere.SampleCountMin:4.0]]
[2020.04.08-20.59.32:120][  0]LogConfig: Setting CVar [[r.SkyAtmosphere.SampleCountMax:32.0]]
[2020.04.08-20.59.32:120][  0]LogConfig: Setting CVar [[r.SkyAtmosphere.TransmittanceLUT.UseSmallFormat:0]]
[2020.04.08-20.59.32:120][  0]LogConfig: Setting CVar [[r.SkyAtmosphere.TransmittanceLUT.SampleCount:10.0]]
[2020.04.08-20.59.32:120][  0]LogConfig: Setting CVar [[r.SkyAtmosphere.MultiScatteringLUT.SampleCount:15.0]]
[2020.04.08-20.59.32:120][  0]LogConfig: Applying CVar settings from Section [FoliageQuality@3] File [C:/Users/SWIZZ_DC/Documents/GitHub/UE4COLLAB-/Code_DM/Saved/Config/Windows/Scalability.ini]
[2020.04.08-20.59.32:120][  0]LogConfig: Setting CVar [[foliage.DensityScale:1.0]]
[2020.04.08-20.59.32:120][  0]LogConfig: Setting CVar [[grass.DensityScale:1.0]]
[2020.04.08-20.59.32:121][  0]LogConfig: Applying CVar settings from Section [ShadingQuality@3] File [C:/Users/SWIZZ_DC/Documents/GitHub/UE4COLLAB-/Code_DM/Saved/Config/Windows/Scalability.ini]
[2020.04.08-20.59.32:121][  0]LogConfig: Setting CVar [[r.HairStrands.SkyLighting.SampleCount:16]]
[2020.04.08-20.59.32:121][  0]LogConfig: Setting CVar [[r.HairStrands.SkyLighting.JitterIntegration:0]]
[2020.04.08-20.59.32:121][  0]LogConfig: Setting CVar [[r.HairStrands.SkyAO.SampleCount:16]]
[2020.04.08-20.59.32:121][  0]LogInit: Selected Device Profile: [Windows]
[2020.04.08-20.59.32:122][  0]LogInit: Applying CVar settings loaded from the selected device profile: [Windows]
[2020.04.08-20.59.32:284][  0]LogHAL: Display: Platform has ~ 8 GB [8208637952 / 8589934592 / 8], which maps to Default [LargestMinGB=32, LargerMinGB=12, DefaultMinGB=8, SmallerMinGB=6, SmallestMinGB=0)
[2020.04.08-20.59.32:285][  0]LogInit: Going up to parent DeviceProfile []
[2020.04.08-20.59.32:285][  0]LogConfig: Applying CVar settings from Section [ViewDistanceQuality@3] File [C:/Users/SWIZZ_DC/Documents/GitHub/UE4COLLAB-/Code_DM/Saved/Config/Windows/Scalability.ini]
[2020.04.08-20.59.32:285][  0]LogConfig: Setting CVar [[r.SkeletalMeshLODBias:0]]
[2020.04.08-20.59.32:285][  0]LogConfig: Setting CVar [[r.ViewDistanceScale:1.0]]
[2020.04.08-20.59.32:286][  0]LogConfig: Applying CVar settings from Section [AntiAliasingQuality@3] File [C:/Users/SWIZZ_DC/Documents/GitHub/UE4COLLAB-/Code_DM/Saved/Config/Windows/Scalability.ini]
[2020.04.08-20.59.32:286][  0]LogConfig: Setting CVar [[r.PostProcessAAQuality:4]]
[2020.04.08-20.59.32:286][  0]LogConfig: Applying CVar settings from Section [ShadowQuality@3] File [C:/Users/SWIZZ_DC/Documents/GitHub/UE4COLLAB-/Code_DM/Saved/Config/Windows/Scalability.ini]
[2020.04.08-20.59.32:286][  0]LogConfig: Setting CVar [[r.LightFunctionQuality:1]]
[2020.04.08-20.59.32:286][  0]LogConfig: Setting CVar [[r.ShadowQuality:5]]
[2020.04.08-20.59.32:286][  0]LogConfig: Setting CVar [[r.Shadow.CSM.MaxCascades:10]]
[2020.04.08-20.59.32:287][  0]LogConfig: Setting CVar [[r.Shadow.MaxResolution:2048]]
[2020.04.08-20.59.32:287][  0]LogConfig: Setting CVar [[r.Shadow.MaxCSMResolution:2048]]
[2020.04.08-20.59.32:287][  0]LogConfig: Setting CVar [[r.Shadow.RadiusThreshold:0.01]]
[2020.04.08-20.59.32:287][  0]LogConfig: Setting CVar [[r.Shadow.DistanceScale:1.0]]
[2020.04.08-20.59.32:287][  0]LogConfig: Setting CVar [[r.Shadow.CSM.TransitionScale:1.0]]
[2020.04.08-20.59.32:287][  0]LogConfig: Setting CVar [[r.Shadow.PreShadowResolutionFactor:1.0]]
[2020.04.08-20.59.32:287][  0]LogConfig: Setting CVar [[r.DistanceFieldShadowing:1]]
[2020.04.08-20.59.32:287][  0]LogConfig: Setting CVar [[r.DistanceFieldAO:1]]
[2020.04.08-20.59.32:288][  0]LogConfig: Setting CVar [[r.AOQuality:2]]
[2020.04.08-20.59.32:288][  0]LogConfig: Setting CVar [[r.VolumetricFog:1]]
[2020.04.08-20.59.32:288][  0]LogConfig: Setting CVar [[r.VolumetricFog.GridPixelSize:8]]
[2020.04.08-20.59.32:288][  0]LogConfig: Setting CVar [[r.VolumetricFog.GridSizeZ:128]]
[2020.04.08-20.59.32:288][  0]LogConfig: Setting CVar [[r.VolumetricFog.HistoryMissSupersampleCount:4]]
[2020.04.08-20.59.32:288][  0]LogConfig: Setting CVar [[r.LightMaxDrawDistanceScale:1]]
[2020.04.08-20.59.32:288][  0]LogConfig: Setting CVar [[r.CapsuleShadows:1]]
[2020.04.08-20.59.32:289][  0]LogConfig: Applying CVar settings from Section [PostProcessQuality@3] File [C:/Users/SWIZZ_DC/Documents/GitHub/UE4COLLAB-/Code_DM/Saved/Config/Windows/Scalability.ini]
[2020.04.08-20.59.32:289][  0]LogConfig: Setting CVar [[r.MotionBlurQuality:4]]
[2020.04.08-20.59.32:289][  0]LogConfig: Setting CVar [[r.AmbientOcclusionMipLevelFactor:0.4]]
[2020.04.08-20.59.32:289][  0]LogConfig: Setting CVar [[r.AmbientOcclusionMaxQuality:100]]
[2020.04.08-20.59.32:289][  0]LogConfig: Setting CVar [[r.AmbientOcclusionLevels:-1]]
[2020.04.08-20.59.32:289][  0]LogConfig: Setting CVar [[r.AmbientOcclusionRadiusScale:1.0]]
[2020.04.08-20.59.32:289][  0]LogConfig: Setting CVar [[r.DepthOfFieldQuality:2]]
[2020.04.08-20.59.32:289][  0]LogConfig: Setting CVar [[r.RenderTargetPoolMin:400]]
[2020.04.08-20.59.32:290][  0]LogConfig: Setting CVar [[r.LensFlareQuality:2]]
[2020.04.08-20.59.32:290][  0]LogConfig: Setting CVar [[r.SceneColorFringeQuality:1]]
[2020.04.08-20.59.32:290][  0]LogConfig: Setting CVar [[r.EyeAdaptationQuality:2]]
[2020.04.08-20.59.32:290][  0]LogConfig: Setting CVar [[r.BloomQuality:5]]
[2020.04.08-20.59.32:290][  0]LogConfig: Setting CVar [[r.FastBlurThreshold:100]]
[2020.04.08-20.59.32:290][  0]LogConfig: Setting CVar [[r.Upscale.Quality:3]]
[2020.04.08-20.59.32:291][  0]LogConfig: Setting CVar [[r.Tonemapper.GrainQuantization:1]]
[2020.04.08-20.59.32:291][  0]LogConfig: Setting CVar [[r.LightShaftQuality:1]]
[2020.04.08-20.59.32:291][  0]LogConfig: Setting CVar [[r.Filter.SizeScale:1]]
[2020.04.08-20.59.32:291][  0]LogConfig: Setting CVar [[r.Tonemapper.Quality:5]]
[2020.04.08-20.59.32:291][  0]LogConfig: Setting CVar [[r.DOF.Gather.AccumulatorQuality:1        ; higher gathering accumulator quality]]
[2020.04.08-20.59.32:291][  0]LogConfig: Setting CVar [[r.DOF.Gather.PostfilterMethod:1          ; Median3x3 postfilering method]]
[2020.04.08-20.59.32:291][  0]LogConfig: Setting CVar [[r.DOF.Gather.EnableBokehSettings:0       ; no bokeh simulation when gathering]]
[2020.04.08-20.59.32:291][  0]LogConfig: Setting CVar [[r.DOF.Gather.RingCount:4                 ; medium number of samples when gathering]]
[2020.04.08-20.59.32:292][  0]LogConfig: Setting CVar [[r.DOF.Scatter.ForegroundCompositing:1    ; additive foreground scattering]]
[2020.04.08-20.59.32:292][  0]LogConfig: Setting CVar [[r.DOF.Scatter.BackgroundCompositing:2    ; additive background scattering]]
[2020.04.08-20.59.32:292][  0]LogConfig: Setting CVar [[r.DOF.Scatter.EnableBokehSettings:1      ; bokeh simulation when scattering]]
[2020.04.08-20.59.32:292][  0]LogConfig: Setting CVar [[r.DOF.Scatter.MaxSpriteRatio:0.1         ; only a maximum of 10% of scattered bokeh]]
[2020.04.08-20.59.32:292][  0]LogConfig: Setting CVar [[r.DOF.Recombine.Quality:1                ; cheap slight out of focus]]
[2020.04.08-20.59.32:292][  0]LogConfig: Setting CVar [[r.DOF.Recombine.EnableBokehSettings:0    ; no bokeh simulation on slight out of focus]]
[2020.04.08-20.59.32:292][  0]LogConfig: Setting CVar [[r.DOF.TemporalAAQuality:1                ; more stable temporal accumulation]]
[2020.04.08-20.59.32:293][  0]LogConfig: Setting CVar [[r.DOF.Kernel.MaxForegroundRadius:0.025]]
[2020.04.08-20.59.32:293][  0]LogConfig: Setting CVar [[r.DOF.Kernel.MaxBackgroundRadius:0.025]]
[2020.04.08-20.59.32:293][  0]LogConfig: Applying CVar settings from Section [TextureQuality@3] File [C:/Users/SWIZZ_DC/Documents/GitHub/UE4COLLAB-/Code_DM/Saved/Config/Windows/Scalability.ini]
[2020.04.08-20.59.32:293][  0]LogConfig: Setting CVar [[r.Streaming.MipBias:0]]
[2020.04.08-20.59.32:293][  0]LogConfig: Setting CVar [[r.Streaming.AmortizeCPUToGPUCopy:0]]
[2020.04.08-20.59.32:293][  0]LogConfig: Setting CVar [[r.Streaming.MaxNumTexturesToStreamPerFrame:0]]
[2020.04.08-20.59.32:293][  0]LogConfig: Setting CVar [[r.Streaming.Boost:1]]
[2020.04.08-20.59.32:294][  0]LogConfig: Setting CVar [[r.MaxAnisotropy:8]]
[2020.04.08-20.59.32:294][  0]LogConfig: Setting CVar [[r.VT.MaxAnisotropy:8]]
[2020.04.08-20.59.32:294][  0]LogConfig: Setting CVar [[r.Streaming.LimitPoolSizeToVRAM:0]]
[2020.04.08-20.59.32:294][  0]LogConfig: Setting CVar [[r.Streaming.PoolSize:1000]]
[2020.04.08-20.59.32:294][  0]LogConfig: Setting CVar [[r.Streaming.MaxEffectiveScreenSize:0]]
[2020.04.08-20.59.32:294][  0]LogConfig: Applying CVar settings from Section [EffectsQuality@3] File [C:/Users/SWIZZ_DC/Documents/GitHub/UE4COLLAB-/Code_DM/Saved/Config/Windows/Scalability.ini]
[2020.04.08-20.59.32:294][  0]LogConfig: Setting CVar [[r.TranslucencyLightingVolumeDim:64]]
[2020.04.08-20.59.32:294][  0]LogConfig: Setting CVar [[r.RefractionQuality:2]]
[2020.04.08-20.59.32:295][  0]LogConfig: Setting CVar [[r.SSR.Quality:3]]
[2020.04.08-20.59.32:295][  0]LogConfig: Setting CVar [[r.SSR.HalfResSceneColor:0]]
[2020.04.08-20.59.32:295][  0]LogConfig: Setting CVar [[r.SceneColorFormat:4]]
[2020.04.08-20.59.32:295][  0]LogConfig: Setting CVar [[r.DetailMode:2]]
[2020.04.08-20.59.32:295][  0]LogConfig: Setting CVar [[r.TranslucencyVolumeBlur:1]]
[2020.04.08-20.59.32:295][  0]LogConfig: Setting CVar [[r.MaterialQualityLevel:1 ; High quality]]
[2020.04.08-20.59.32:296][  0]LogConfig: Setting CVar [[r.SSS.Scale:1]]
[2020.04.08-20.59.32:296][  0]LogConfig: Setting CVar [[r.SSS.SampleSet:2]]
[2020.04.08-20.59.32:296][  0]LogConfig: Setting CVar [[r.SSS.Quality:1]]
[2020.04.08-20.59.32:296][  0]LogConfig: Setting CVar [[r.SSS.HalfRes:1]]
[2020.04.08-20.59.32:296][  0]LogConfig: Setting CVar [[r.SSGI.Quality:3]]
[2020.04.08-20.59.32:296][  0]LogConfig: Setting CVar [[r.EmitterSpawnRateScale:1.0]]
[2020.04.08-20.59.32:297][  0]LogConfig: Setting CVar [[r.ParticleLightQuality:2]]
[2020.04.08-20.59.32:297][  0]LogConfig: Setting CVar [[r.SkyAtmosphere.AerialPerspectiveLUT.FastApplyOnOpaque:1 ; Always have FastSkyLUT 1 in this case to avoid wrong sky]]
[2020.04.08-20.59.32:297][  0]LogConfig: Setting CVar [[r.SkyAtmosphere.AerialPerspectiveLUT.SampleCountPerSlice:1]]
[2020.04.08-20.59.32:297][  0]LogConfig: Setting CVar [[r.SkyAtmosphere.AerialPerspectiveLUT.DepthResolution:16.0]]
[2020.04.08-20.59.32:297][  0]LogConfig: Setting CVar [[r.SkyAtmosphere.FastSkyLUT:1]]
[2020.04.08-20.59.32:297][  0]LogConfig: Setting CVar [[r.SkyAtmosphere.FastSkyLUT.SampleCountMin:4.0]]
[2020.04.08-20.59.32:297][  0]LogConfig: Setting CVar [[r.SkyAtmosphere.FastSkyLUT.SampleCountMax:32.0]]
[2020.04.08-20.59.32:297][  0]LogConfig: Setting CVar [[r.SkyAtmosphere.SampleCountMin:4.0]]
[2020.04.08-20.59.32:298][  0]LogConfig: Setting CVar [[r.SkyAtmosphere.SampleCountMax:32.0]]
[2020.04.08-20.59.32:298][  0]LogConfig: Setting CVar [[r.SkyAtmosphere.TransmittanceLUT.UseSmallFormat:0]]
[2020.04.08-20.59.32:298][  0]LogConfig: Setting CVar [[r.SkyAtmosphere.TransmittanceLUT.SampleCount:10.0]]
[2020.04.08-20.59.32:298][  0]LogConfig: Setting CVar [[r.SkyAtmosphere.MultiScatteringLUT.SampleCount:15.0]]
[2020.04.08-20.59.32:298][  0]LogConfig: Applying CVar settings from Section [FoliageQuality@3] File [C:/Users/SWIZZ_DC/Documents/GitHub/UE4COLLAB-/Code_DM/Saved/Config/Windows/Scalability.ini]
[2020.04.08-20.59.32:298][  0]LogConfig: Setting CVar [[foliage.DensityScale:1.0]]
[2020.04.08-20.59.32:299][  0]LogConfig: Setting CVar [[grass.DensityScale:1.0]]
[2020.04.08-20.59.32:299][  0]LogConfig: Applying CVar settings from Section [ShadingQuality@3] File [C:/Users/SWIZZ_DC/Documents/GitHub/UE4COLLAB-/Code_DM/Saved/Config/Windows/Scalability.ini]
[2020.04.08-20.59.32:299][  0]LogConfig: Setting CVar [[r.HairStrands.SkyLighting.SampleCount:16]]
[2020.04.08-20.59.32:299][  0]LogConfig: Setting CVar [[r.HairStrands.SkyLighting.JitterIntegration:0]]
[2020.04.08-20.59.32:299][  0]LogConfig: Setting CVar [[r.HairStrands.SkyAO.SampleCount:16]]
[2020.04.08-20.59.32:300][  0]LogConfig: Applying CVar settings from Section [Startup] File [../../../Engine/Config/ConsoleVariables.ini]
[2020.04.08-20.59.32:447][  0]LogConfig: Setting CVar [[net.UseAdaptiveNetUpdateFrequency:0]]
[2020.04.08-20.59.32:447][  0]LogConfig: Setting CVar [[p.chaos.AllowCreatePhysxBodies:1]]
[2020.04.08-20.59.32:447][  0]LogConfig: Applying CVar settings from Section [ConsoleVariables] File [C:/Users/SWIZZ_DC/Documents/GitHub/UE4COLLAB-/Code_DM/Saved/Config/Windows/Engine.ini]
[2020.04.08-20.59.32:479][  0]LogInit: Computer: DESKTOP-V65GGMP
[2020.04.08-20.59.32:479][  0]LogInit: User: SWIZZDC
[2020.04.08-20.59.32:479][  0]LogInit: CPU Page size=4096, Cores=4
[2020.04.08-20.59.32:479][  0]LogInit: High frequency timer resolution =10.000000 MHz
[2020.04.08-20.59.32:481][  0]LogMemory: Memory total: Physical=7.6GB (8GB approx)
[2020.04.08-20.59.32:492][  0]LogMemory: Platform Memory Stats for Windows
[2020.04.08-20.59.32:493][  0]LogMemory: Process Physical Memory: 105.66 MB used, 105.67 MB peak
[2020.04.08-20.59.32:493][  0]LogMemory: Process Virtual Memory: 100.47 MB used, 100.47 MB peak
[2020.04.08-20.59.32:493][  0]LogMemory: Physical Memory: 4159.45 MB used,  3668.91 MB free, 7828.37 MB total
[2020.04.08-20.59.32:493][  0]LogMemory: Virtual Memory: 5137.60 MB used,  134212592.00 MB free, 134217728.00 MB total
[2020.04.08-20.59.32:530][  0]LogWindows: WindowsPlatformFeatures enabled
[2020.04.08-20.59.33:779][  0]LogInit: Using OS detected language (en-US).
[2020.04.08-20.59.33:780][  0]LogInit: Using OS detected locale (en-US).
[2020.04.08-20.59.33:791][  0]LogTextLocalizationManager: No specific localization for 'en-US' exists, so the 'en' localization will be used.
[2020.04.08-20.59.37:345][  0]LogInit: Setting process to per monitor DPI aware
[2020.04.08-20.59.38:062][  0]LogSlate: New Slate User Created.  User Index 0, Is Virtual User: 0
[2020.04.08-20.59.38:062][  0]LogSlate: Slate User Registered.  User Index 0, Is Virtual User: 0
[2020.04.08-21.00.16:347][  0]LogHMD: Failed to initialize OpenVR with code 110
[2020.04.08-21.00.16:348][  0]LogD3D11RHI: D3D11 min allowed feature level: 11_0
[2020.04.08-21.00.16:348][  0]LogD3D11RHI: D3D11 max allowed feature level: 11_0
[2020.04.08-21.00.16:348][  0]LogD3D11RHI: D3D11 adapters:
[2020.04.08-21.00.16:773][  0]LogD3D11RHI:    0. 'AMD Radeon(TM) Vega 8 Graphics' (Feature Level 11_0)
[2020.04.08-21.00.16:773][  0]LogD3D11RHI:       240/0/3914 MB DedicatedVideo/DedicatedSystem/SharedSystem, Outputs:1, VendorId:0x1002
[2020.04.08-21.00.16:791][  0]LogD3D11RHI:    1. 'Microsoft Basic Render Driver' (Feature Level 11_0)
[2020.04.08-21.00.16:791][  0]LogD3D11RHI:       0/0/3914 MB DedicatedVideo/DedicatedSystem/SharedSystem, Outputs:0, VendorId:0x1414
[2020.04.08-21.00.16:792][  0]LogD3D11RHI: Chosen D3D11 Adapter: 0
[2020.04.08-21.00.16:865][  0]LogD3D11RHI: Creating new Direct3DDevice
[2020.04.08-21.00.16:866][  0]LogD3D11RHI:     GPU DeviceId: 0x15dd (for the marketing name, search the web for "GPU Device Id")
[2020.04.08-21.00.16:866][  0]LogWindows: EnumDisplayDevices:
[2020.04.08-21.00.16:868][  0]LogWindows:    0. 'AMD Radeon(TM) Vega 8 Graphics' (P:1 D:1)
[2020.04.08-21.00.16:873][  0]LogWindows:    1. 'AMD Radeon(TM) Vega 8 Graphics' (P:0 D:0)
[2020.04.08-21.00.16:877][  0]LogWindows:    2. 'AMD Radeon(TM) Vega 8 Graphics' (P:0 D:0)
[2020.04.08-21.00.16:881][  0]LogWindows:    3. 'AMD Radeon(TM) Vega 8 Graphics' (P:0 D:0)
[2020.04.08-21.00.16:885][  0]LogWindows:    4. 'AMD Radeon(TM) Vega 8 Graphics' (P:0 D:0)
[2020.04.08-21.00.16:889][  0]LogWindows:    5. 'AMD Radeon(TM) Vega 8 Graphics' (P:0 D:0)
[2020.04.08-21.00.16:892][  0]LogWindows: DebugString: FoundDriverCount:6 
[2020.04.08-21.00.16:892][  0]LogD3D11RHI:     Adapter Name: AMD Radeon(TM) Vega 8 Graphics
[2020.04.08-21.00.16:892][  0]LogD3D11RHI:   Driver Version: Adrenalin 2019 19.11.2 (internal:26.20.13031.15006, unified:26.20.13031.15006)
[2020.04.08-21.00.16:892][  0]LogD3D11RHI:      Driver Date: 11-12-2019
[2020.04.08-21.00.16:893][  0]LogRHI: Texture pool is 168 MB (70% of 240 MB)
[2020.04.08-21.00.17:663][  0]LogD3D11RHI: RHI does not have support for 64 bit atomics
[2020.04.08-21.00.17:663][  0]LogD3D11RHI: Async texture creation enabled
[2020.04.08-21.00.18:164][  0]LogD3D11RHI: GPU Timing Frequency: 25.000000 (Debug: 2 1)
[2020.04.08-21.00.22:861][  0]LogTargetPlatformManager: Display: Loaded TargetPlatform 'AllDesktop'
[2020.04.08-21.00.23:389][  0]LogTargetPlatformManager: Display: Loaded TargetPlatform 'Android'
[2020.04.08-21.00.23:390][  0]LogTargetPlatformManager: Display: Loaded TargetPlatform 'Android_ASTC'
[2020.04.08-21.00.23:390][  0]LogTargetPlatformManager: Display: Loaded TargetPlatform 'Android_ATC'
[2020.04.08-21.00.23:390][  0]LogTargetPlatformManager: Display: Loaded TargetPlatform 'Android_DXT'
[2020.04.08-21.00.23:390][  0]LogTargetPlatformManager: Display: Loaded TargetPlatform 'Android_ETC1'
[2020.04.08-21.00.23:390][  0]LogTargetPlatformManager: Display: Loaded TargetPlatform 'Android_ETC1a'
[2020.04.08-21.00.23:390][  0]LogTargetPlatformManager: Display: Loaded TargetPlatform 'Android_ETC2'
[2020.04.08-21.00.23:390][  0]LogTargetPlatformManager: Display: Loaded TargetPlatform 'Android_PVRTC'
[2020.04.08-21.00.23:391][  0]LogTargetPlatformManager: Display: Loaded TargetPlatform 'AndroidClient'
[2020.04.08-21.00.23:391][  0]LogTargetPlatformManager: Display: Loaded TargetPlatform 'Android_ASTCClient'
[2020.04.08-21.00.23:391][  0]LogTargetPlatformManager: Display: Loaded TargetPlatform 'Android_ATCClient'
[2020.04.08-21.00.23:391][  0]LogTargetPlatformManager: Display: Loaded TargetPlatform 'Android_DXTClient'
[2020.04.08-21.00.23:391][  0]LogTargetPlatformManager: Display: Loaded TargetPlatform 'Android_ETC1Client'
[2020.04.08-21.00.23:391][  0]LogTargetPlatformManager: Display: Loaded TargetPlatform 'Android_ETC1aClient'
[2020.04.08-21.00.23:391][  0]LogTargetPlatformManager: Display: Loaded TargetPlatform 'Android_ETC2Client'
[2020.04.08-21.00.23:392][  0]LogTargetPlatformManager: Display: Loaded TargetPlatform 'Android_PVRTCClient'
[2020.04.08-21.00.23:392][  0]LogTargetPlatformManager: Display: Loaded TargetPlatform 'Android_Multi'
[2020.04.08-21.00.23:392][  0]LogTargetPlatformManager: Display: Loaded TargetPlatform 'Android_MultiClient'
[2020.04.08-21.00.23:917][  0]LogTargetPlatformManager: Display: Loaded TargetPlatform 'IOSClient'
[2020.04.08-21.00.23:917][  0]LogTargetPlatformManager: Display: Loaded TargetPlatform 'IOS'
[2020.04.08-21.00.24:010][  0]LogTargetPlatformManager: Display: Loaded TargetPlatform 'LinuxNoEditor'
[2020.04.08-21.00.24:097][  0]LogTargetPlatformManager: Display: Loaded TargetPlatform 'LinuxClient'
[2020.04.08-21.00.24:219][  0]LogTargetPlatformManager: Display: Loaded TargetPlatform 'LinuxServer'
[2020.04.08-21.00.24:326][  0]LogTargetPlatformManager: Display: Loaded TargetPlatform 'LinuxAArch64NoEditor'
[2020.04.08-21.00.24:417][  0]LogTargetPlatformManager: Display: Loaded TargetPlatform 'LinuxAArch64Client'
[2020.04.08-21.00.24:514][  0]LogTargetPlatformManager: Display: Loaded TargetPlatform 'LinuxAArch64Server'
[2020.04.08-21.00.24:835][  0]LogTargetPlatformManager: Display: Loaded TargetPlatform 'Lumin'
[2020.04.08-21.00.24:836][  0]LogTargetPlatformManager: Display: Loaded TargetPlatform 'LuminClient'
[2020.04.08-21.00.25:028][  0]LogTargetPlatformManager: Display: Loaded TargetPlatform 'TVOSClient'
[2020.04.08-21.00.25:028][  0]LogTargetPlatformManager: Display: Loaded TargetPlatform 'TVOS'
[2020.04.08-21.00.25:139][  0]LogTargetPlatformManager: Display: Loaded TargetPlatform 'WindowsNoEditor'
[2020.04.08-21.00.25:259][  0]LogTargetPlatformManager: Display: Loaded TargetPlatform 'Windows'
[2020.04.08-21.00.25:344][  0]LogTargetPlatformManager: Display: Loaded TargetPlatform 'WindowsClient'
[2020.04.08-21.00.25:513][  0]LogTargetPlatformManager: Display: Loaded TargetPlatform 'WindowsServer'
[2020.04.08-21.00.25:513][  0]LogTargetPlatformManager: Display: Building Assets For Windows
[2020.04.08-21.00.25:756][  0]LogAudioDebug: Display: Lib vorbis DLL was dynamically loaded.
[2020.04.08-21.00.27:075][  0]LogShaderCompilers: Guid format shader working directory is -19 characters bigger than the processId version (../../../../../../Users/SWIZZ_DC/Documents/GitHub/UE4COLLAB-/Code_DM/Intermediate/Shaders/WorkingDirectory/3376/).
[2020.04.08-21.00.27:077][  0]LogShaderCompilers: Cleaned the shader compiler working directory 'C:/Users/SWIZZ_DC/AppData/Local/Temp/UnrealShaderWorkingDir/5753DA8C4DB1F5FE84295F8E1F197168/'.
[2020.04.08-21.00.27:116][  0]LogXGEController: Cannot use XGE Controller as Incredibuild is not installed on this machine.
[2020.04.08-21.00.27:118][  0]LogShaderCompilers: Cannot use XGE Shader Compiler as Incredibuild is not installed on this machine.
[2020.04.08-21.00.27:118][  0]LogShaderCompilers: Display: Using Local Shader Compiler.
[2020.04.08-21.01.13:422][  0]LogDerivedDataCache: Display: Max Cache Size: 512 MB
[2020.04.08-21.01.15:239][  0]LogDerivedDataCache: Loaded boot cache 1.77s 78MB C:/Users/SWIZZ_DC/AppData/Local/UnrealEngine/4.24/DerivedDataCache/Boot.ddc.
[2020.04.08-21.01.15:240][  0]LogDerivedDataCache: Display: Loaded Boot cache: C:/Users/SWIZZ_DC/AppData/Local/UnrealEngine/4.24/DerivedDataCache/Boot.ddc
[2020.04.08-21.01.15:241][  0]LogDerivedDataCache: FDerivedDataBackendGraph:  Pak pak cache file ../../../../../../Users/SWIZZ_DC/Documents/GitHub/UE4COLLAB-/Code_DM/DerivedDataCache/DDC.ddp not found, will not use a pak cache.
[2020.04.08-21.01.15:241][  0]LogDerivedDataCache: Unable to find inner node Pak for hierarchical cache Hierarchy.
[2020.04.08-21.01.15:242][  0]LogDerivedDataCache: FDerivedDataBackendGraph:  CompressedPak pak cache file ../../../../../../Users/SWIZZ_DC/Documents/GitHub/UE4COLLAB-/Code_DM/DerivedDataCache/Compressed.ddp not found, will not use a pak cache.
[2020.04.08-21.01.15:242][  0]LogDerivedDataCache: Unable to find inner node CompressedPak for hierarchical cache Hierarchy.
[2020.04.08-21.01.15:553][  0]LogDerivedDataCache: Display: Pak cache opened for reading ../../../Engine/DerivedDataCache/Compressed.ddp.
[2020.04.08-21.01.15:554][  0]LogDerivedDataCache: FDerivedDataBackendGraph:  EnterprisePak pak cache file ../../../Enterprise/DerivedDataCache/Compressed.ddp not found, will not use a pak cache.
[2020.04.08-21.01.15:555][  0]LogDerivedDataCache: Unable to find inner node EnterprisePak for hierarchical cache Hierarchy.
[2020.04.08-21.01.15:595][  0]LogDerivedDataCache: Using Local data cache path C:/Users/SWIZZ_DC/AppData/Local/UnrealEngine/Common/DerivedDataCache: Writable
[2020.04.08-21.01.15:596][  0]LogDerivedDataCache: Shared data cache path not found in *engine.ini, will not use an Shared cache.
[2020.04.08-21.01.15:596][  0]LogDerivedDataCache: Unable to find inner node Shared for hierarchical cache Hierarchy.
[2020.04.08-21.01.15:954][  0]LogMaterial: Verifying Global Shaders for PCD3D_SM5
[2020.04.08-21.01.16:536][  0]LogSlate: Using FreeType 2.10.0
[2020.04.08-21.01.16:604][  0]LogSlate: SlateFontServices - WITH_FREETYPE: 1, WITH_HARFBUZZ: 1
[2020.04.08-21.01.18:399][  0]LogAssetRegistry: FAssetRegistry took 0.0235 seconds to start up
[2020.04.08-21.01.29:600][  0]LogInit: Selected Device Profile: [Windows]
[2020.04.08-21.01.35:952][  0]LogMeshReduction: Using QuadricMeshReduction for automatic static mesh reduction
[2020.04.08-21.01.35:952][  0]LogMeshReduction: Using SimplygonMeshReduction for automatic skeletal mesh reduction
[2020.04.08-21.01.35:952][  0]LogMeshReduction: Using ProxyLODMeshReduction for automatic mesh merging
[2020.04.08-21.01.35:952][  0]LogMeshReduction: No distributed automatic mesh merging module available
[2020.04.08-21.01.36:004][  0]LogMeshMerging: No distributed automatic mesh merging module available
[2020.04.08-21.01.37:555][  0]LogNetVersion: Code_DM 1.0.0, NetCL: 10570792, EngineNetVer: 13, GameNetVer: 0 (Checksum: 1792905491)
[2020.04.08-21.02.50:679][  0]LogPackageLocalizationCache: Processed 10 localized package path(s) for 1 prioritized culture(s) in 0.607843 seconds
[2020.04.08-21.02.50:763][  0]LogUObjectArray: 46750 objects as part of root set at end of initial load.
[2020.04.08-21.02.50:764][  0]LogUObjectAllocator: 8137160 out of 0 bytes used by permanent object pool.
[2020.04.08-21.02.50:764][  0]LogUObjectArray: CloseDisregardForGC: 0/0 objects in disregard for GC pool
[2020.04.08-21.03.04:300][  0]LogTcpMessaging: Initializing TcpMessaging bridge
[2020.04.08-21.03.04:345][  0]LogUdpMessaging: Initializing bridge on interface 0.0.0.0:0 to multicast group 230.0.0.1:6666.
[2020.04.08-21.03.05:783][  0]SourceControl: Source control is disabled
[2020.04.08-21.03.05:784][  0]SourceControl: Source control is disabled
[2020.04.08-21.03.05:868][  0]SourceControl: Source control is disabled
[2020.04.08-21.03.05:983][  0]SourceControl: Source control is disabled
[2020.04.08-21.03.06:073][  0]SourceControl: Source control is disabled
[2020.04.08-21.03.06:254][  0]LogVSAccessor: Display: Unable to create Visual Studio setup instance: 80040154
[2020.04.08-21.03.06:262][  0]LogVSAccessor: Display: Unable to create Visual Studio setup instance: 80040154
[2020.04.08-21.03.09:035][  0]LogAndroidPermission: UAndroidPermissionCallbackProxy::GetInstance
[2020.04.08-21.03.09:235][  0]LogAudioCaptureCore: Display: No Audio Capture implementations found. Audio input will be silent.
[2020.04.08-21.03.09:236][  0]LogAudioCaptureCore: Display: No Audio Capture implementations found. Audio input will be silent.
[2020.04.08-21.03.11:269][  0]LogOcInput: OculusInput pre-init called
[2020.04.08-21.03.11:494][  0]LogWindows: Failed to load 'OVRPlugin.dll' (GetLastError=126)
[2020.04.08-21.03.11:494][  0]LogWindows: File 'OVRPlugin.dll' does not exist
[2020.04.08-21.03.15:596][  0]LogEngine: Initializing Engine...
[2020.04.08-21.03.15:728][  0]LogHMD: Failed to initialize OpenVR with code 110
[2020.04.08-21.03.15:771][  0]LogStats: UGameplayTagsManager::InitializeManager -  0.003 s
[2020.04.08-21.03.22:939][  0]LogInit: Initializing FReadOnlyCVARCache
[2020.04.08-21.03.23:193][  0]LogAIModule: Creating AISystem for world Untitled
[2020.04.08-21.03.23:426][  0]LogAudioMixer: Display: Audio Mixer Platform Settings:
[2020.04.08-21.03.23:426][  0]LogAudioMixer: Display: 	Sample Rate:						  48000
[2020.04.08-21.03.23:426][  0]LogAudioMixer: Display: 	Callback Buffer Frame Size Requested: 1024
[2020.04.08-21.03.23:426][  0]LogAudioMixer: Display: 	Callback Buffer Frame Size To Use:	  1024
[2020.04.08-21.03.23:426][  0]LogAudioMixer: Display: 	Number of buffers to queue:			  2
[2020.04.08-21.03.23:426][  0]LogAudioMixer: Display: 	Max Channels (voices):				  32
[2020.04.08-21.03.23:427][  0]LogAudioMixer: Display: 	Number of Async Source Workers:		  0
[2020.04.08-21.03.23:427][  0]LogAudio: Display: AudioDevice MaxSources: 32
[2020.04.08-21.03.23:429][  0]LogAudio: Display: Using built-in audio occlusion.
[2020.04.08-21.03.23:429][  0]LogAudioMixer: Display: Initializing audio mixer.
[2020.04.08-21.03.23:804][  0]LogAudioMixer: Display: Audio Device Output Speaker Info:
[2020.04.08-21.03.23:804][  0]LogAudioMixer: Display: Name: 1 - NS-19E310A13 (2- AMD High Definition Audio Device)
[2020.04.08-21.03.23:804][  0]LogAudioMixer: Display: Is Default: Yes
[2020.04.08-21.03.23:804][  0]LogAudioMixer: Display: Sample Rate: 48000
[2020.04.08-21.03.23:804][  0]LogAudioMixer: Display: Channel Count Used: 2
[2020.04.08-21.03.23:804][  0]LogAudioMixer: Display: Device Channel Count: 2
[2020.04.08-21.03.23:805][  0]LogAudioMixer: Display: Channel Order:
[2020.04.08-21.03.23:805][  0]LogAudioMixer: Display: 0: FrontLeft
[2020.04.08-21.03.23:805][  0]LogAudioMixer: Display: 1: FrontRight
[2020.04.08-21.03.23:955][  0]LogAudioMixer: Display: Using Audio Device 1 - NS-19E310A13 (2- AMD High Definition Audio Device)
[2020.04.08-21.03.23:972][  0]LogInit: FAudioDevice initialized.
[2020.04.08-21.03.23:974][  0]LogNetVersion: Set ProjectVersion to 1.0.0.0. Version Checksum will be recalculated on next use.
[2020.04.08-21.03.24:520][  0]LogDerivedDataCache: Saved boot cache 0.55s 78MB C:/Users/SWIZZ_DC/AppData/Local/UnrealEngine/4.24/DerivedDataCache/Boot.ddc.
[2020.04.08-21.03.24:592][  0]LogInit: Texture streaming: Enabled
[2020.04.08-21.03.25:124][  0]LogEngineSessionManager: EngineSessionManager initialized
[2020.04.08-21.03.25:146][  0]LogEngineSessionManager: EngineSessionManager sent abnormal shutdown report. Type=Crashed, SessionId={4DA618FE-41DF-9352-6F10-8EA46C09FB91}
[2020.04.08-21.03.25:146][  0]LogEditorSessionSummary: Verbose: Initializing EditorSessionSummaryWriter for editor session tracking
[2020.04.08-21.03.25:203][  0]LogEditorSessionSummary: EditorSessionSummaryWriter initialized
[2020.04.08-21.03.26:089][  0]LogInit: Transaction tracking system initialized
[2020.04.08-21.03.26:704][  0]BlueprintLog: New page: Editor Load
[2020.04.08-21.03.28:390][  0]LocalizationService: Localization service is disabled
[2020.04.08-21.03.30:006][  0]LogVSAccessor: Display: Unable to create Visual Studio setup instance: 80040154
[2020.04.08-21.03.30:013][  0]LogVSAccessor: Display: Unable to create Visual Studio setup instance: 80040154
[2020.04.08-21.03.37:802][  0]LogFileCache: Scanning file cache for directory 'C:/Users/SWIZZ_DC/Documents/GitHub/UE4COLLAB-/Code_DM/Content/' took 0.05s
[2020.04.08-21.03.37:802][  0]LogCook: Display: Max memory allowance for cook 16384mb min free memory 0mb
[2020.04.08-21.03.37:803][  0]LogCook: Display: Mobile HDR setting 1
[2020.04.08-21.03.48:781][  0]SourceControl: Source control is disabled
[2020.04.08-21.03.49:155][  0]LogSlate: Took 0.001700 seconds to synchronously load lazily loaded font '../../../Engine/Content/Slate/Fonts/Roboto-Regular.ttf' (155K)
[2020.04.08-21.04.23:187][  0]LogSlate: Window 'Restore Packages' being destroyed
[2020.04.08-21.04.23:190][  0]LogWindowsTextInputMethodSystem: Display: IME system now deactivated.
[2020.04.08-21.04.23:406][  0]LogWindowsTextInputMethodSystem: Display: IME system now deactivated.
[2020.04.08-21.04.28:193][  0]LogSlate: Window 'Unable to Check Out From Source Control!' being destroyed
[2020.04.08-21.04.28:198][  0]LogWindowsTextInputMethodSystem: Display: IME system now deactivated.
[2020.04.08-21.04.28:632][  0]LogWindowsTextInputMethodSystem: Display: IME system now deactivated.
[2020.04.08-21.04.28:653][  0]Cmd: MAP LOAD FILE="../../../../../../Users/SWIZZ_DC/Documents/GitHub/UE4COLLAB-/Code_DM/Content/ThirdPersonBP/Maps/ThirdPersonExampleMap.umap" TEMPLATE=0 SHOWPROGRESS=1 FEATURELEVEL=3
[2020.04.08-21.04.28:669][  0]LightingResults: New page: Lighting Build
[2020.04.08-21.04.28:706][  0]LogWorld: UWorld::CleanupWorld for Untitled, bSessionEnded=true, bCleanupResources=true
[2020.04.08-21.04.28:706][  0]LogSlate: InvalidateAllWidgets triggered.  All widgets were invalidated
[2020.04.08-21.04.28:707][  0]MapCheck: New page: Map Check
[2020.04.08-21.04.28:707][  0]LightingResults: New page: Lighting Build
[2020.04.08-21.04.28:961][  0]LogUObjectHash: Compacting FUObjectHashTables data took  24.38ms
[2020.04.08-21.05.01:814][  0]LogAIModule: Creating AISystem for world ThirdPersonExampleMap
[2020.04.08-21.05.02:758][  0]LogEditorServer: Finished looking for orphan Actors (0.001 secs)
[2020.04.08-21.05.03:160][  0]LogUObjectHash: Compacting FUObjectHashTables data took  30.76ms
[2020.04.08-21.05.03:168][  0]Cmd: MAP CHECKDEP NOCLEARLOG
[2020.04.08-21.05.03:171][  0]MapCheck: Map check complete: 0 Error(s), 0 Warning(s), took 2.658ms to complete.
[2020.04.08-21.05.03:172][  0]LogFileHelpers: Loading map 'ThirdPersonExampleMap' took 34.518
[2020.04.08-21.05.06:030][  0]LogSlate: Updating window title bar state: overlay mode, drag disabled, window buttons hidden, title bar hidden
[2020.04.08-21.05.06:127][  0]LogSlate: Updating window title bar state: overlay mode, drag disabled, window buttons hidden, title bar hidden
[2020.04.08-21.05.06:223][  0]LogSlate: Updating window title bar state: overlay mode, drag disabled, window buttons hidden, title bar hidden
[2020.04.08-21.05.06:317][  0]LogSlate: Updating window title bar state: overlay mode, drag disabled, window buttons hidden, title bar hidden
[2020.04.08-21.05.06:721][  0]LogCollectionManager: Loaded 0 collections in 0.020952 seconds
[2020.04.08-21.05.08:838][  0]LogFileCache: Scanning file cache for directory 'C:/Users/SWIZZ_DC/Documents/GitHub/UE4COLLAB-/Code_DM/Saved/Collections/' took 0.01s
[2020.04.08-21.05.08:838][  0]LogFileCache: Scanning file cache for directory 'C:/Users/SWIZZ_DC/Documents/GitHub/UE4COLLAB-/Code_DM/Content/Developers/SWIZZDC/Collections/' took 0.00s
[2020.04.08-21.05.08:839][  0]LogFileCache: Scanning file cache for directory 'C:/Users/SWIZZ_DC/Documents/GitHub/UE4COLLAB-/Code_DM/Content/Collections/' took 0.00s
[2020.04.08-21.05.08:839][  0]LogContentBrowser: Native class hierarchy populated in 0.2641 seconds. Added 3015 classes and 717 folders.
[2020.04.08-21.05.09:071][  0]LogContentBrowser: Native class hierarchy updated for 'WidgetCarousel' in 0.0023 seconds. Added 0 classes and 0 folders.
[2020.04.08-21.05.16:125][  0]LogContentBrowser: Native class hierarchy updated for 'AddContentDialog' in 0.0023 seconds. Added 0 classes and 0 folders.
[2020.04.08-21.05.16:458][  0]LogContentBrowser: Native class hierarchy updated for 'SceneOutliner' in 0.0025 seconds. Added 2 classes and 3 folders.
[2020.04.08-21.05.18:562][  0]LogSlate: Took 0.001420 seconds to synchronously load lazily loaded font '../../../Engine/Content/Slate/Fonts/Roboto-Bold.ttf' (160K)
[2020.04.08-21.05.20:565][  0]LogRenderer: Reallocating scene render targets to support 688x300 Format 10 NumSamples 1 (Frame:1).
[2020.04.08-21.05.22:372][  0]LogContentBrowser: Native class hierarchy updated for 'HierarchicalLODOutliner' in 0.0020 seconds. Added 0 classes and 0 folders.
[2020.04.08-21.05.22:373][  0]LogLoad: (Engine Initialization) Total time: 494.21 seconds
[2020.04.08-21.05.22:373][  0]LogLoad: (Engine Initialization) Total Blueprint compile time: 0.00 seconds
[2020.04.08-21.05.23:093][  0]LogContentStreaming: Texture pool size now 1000 MB
[2020.04.08-21.05.24:506][  3]LogSlate: Took 0.128926 seconds to synchronously load lazily loaded font '../../../Engine/Content/Slate/Fonts/Roboto-Light.ttf' (167K)
[2020.04.08-21.05.36:736][ 94]LogAssetRegistry: Asset discovery search completed in 258.3431 seconds
[2020.04.08-21.05.36:769][ 94]LogCollectionManager: Fixed up redirectors for 0 collections in 0.000065 seconds (updated 0 objects)
[2020.04.08-21.06.05:956][572]LogSlate: Took 0.065484 seconds to synchronously load lazily loaded font '../../../Engine/Content/Editor/Slate/Fonts/FontAwesome.ttf' (139K)
[2020.04.08-21.06.06:220][572]LogSlate: Took 0.001279 seconds to synchronously load lazily loaded font '../../../Engine/Content/Slate/Fonts/Roboto-Light.ttf' (167K)
[2020.04.08-21.06.17:712][778]LogAIModule: Creating AISystem for world World
[2020.04.08-21.06.17:746][778]LogAssetEditorSubsystem: Opening Asset editor for World /Game/Levels/World.World
[2020.04.08-21.06.17:974][778]LogUObjectHash: Compacting FUObjectHashTables data took  28.07ms
[2020.04.08-21.06.17:990][778]Cmd: MAP LOAD FILE="../../../../../../Users/SWIZZ_DC/Documents/GitHub/UE4COLLAB-/Code_DM/Content/Levels/World.umap" TEMPLATE=0 SHOWPROGRESS=1 FEATURELEVEL=3
[2020.04.08-21.06.17:999][778]LightingResults: New page: Lighting Build
[2020.04.08-21.06.18:006][778]LoadErrors: New page: Loading map: World.umap
[2020.04.08-21.06.18:029][778]LogWorld: UWorld::CleanupWorld for ThirdPersonExampleMap, bSessionEnded=true, bCleanupResources=true
[2020.04.08-21.06.18:030][778]LogSlate: InvalidateAllWidgets triggered.  All widgets were invalidated
[2020.04.08-21.06.18:031][778]MapCheck: New page: Map Check
[2020.04.08-21.06.18:031][778]LightingResults: New page: Lighting Build
[2020.04.08-21.06.18:283][778]LogUObjectHash: Compacting FUObjectHashTables data took  18.80ms
[2020.04.08-21.06.19:474][778]LogEditorServer: Finished looking for orphan Actors (0.000 secs)
[2020.04.08-21.06.19:683][778]LogUObjectHash: Compacting FUObjectHashTables data took  17.94ms
[2020.04.08-21.06.20:078][778]Cmd: MAP CHECKDEP NOCLEARLOG
[2020.04.08-21.06.20:088][778]MapCheck: Map check complete: 0 Error(s), 0 Warning(s), took 9.717ms to complete.
[2020.04.08-21.06.20:089][778]LogFileHelpers: Loading map 'World' took 2.104
[2020.04.08-21.06.46:244][441]LogConfig: Applying CVar settings from Section [ViewDistanceQuality@Cine] File [C:/Users/SWIZZ_DC/Documents/GitHub/UE4COLLAB-/Code_DM/Saved/Config/Windows/Scalability.ini]
[2020.04.08-21.06.46:245][441]LogConfig: Setting CVar [[r.SkeletalMeshLODBias:0]]
[2020.04.08-21.06.46:245][441]LogConfig: Setting CVar [[r.ViewDistanceScale:10.0]]
[2020.04.08-21.06.46:245][441]LogConfig: Applying CVar settings from Section [AntiAliasingQuality@Cine] File [C:/Users/SWIZZ_DC/Documents/GitHub/UE4COLLAB-/Code_DM/Saved/Config/Windows/Scalability.ini]
[2020.04.08-21.06.46:245][441]LogConfig: Setting CVar [[r.PostProcessAAQuality:6]]
[2020.04.08-21.06.46:246][441]LogConfig: Applying CVar settings from Section [ShadowQuality@Cine] File [C:/Users/SWIZZ_DC/Documents/GitHub/UE4COLLAB-/Code_DM/Saved/Config/Windows/Scalability.ini]
[2020.04.08-21.06.46:246][441]LogConfig: Setting CVar [[r.LightFunctionQuality:1]]
[2020.04.08-21.06.46:246][441]LogConfig: Setting CVar [[r.ShadowQuality:5]]
[2020.04.08-21.06.46:246][441]LogConfig: Setting CVar [[r.Shadow.CSM.MaxCascades:10]]
[2020.04.08-21.06.46:246][441]LogConfig: Setting CVar [[r.Shadow.MaxResolution:4096]]
[2020.04.08-21.06.46:246][441]LogConfig: Setting CVar [[r.Shadow.MaxCSMResolution:4096]]
[2020.04.08-21.06.46:247][441]LogConfig: Setting CVar [[r.Shadow.RadiusThreshold:0]]
[2020.04.08-21.06.46:247][441]LogConfig: Setting CVar [[r.Shadow.DistanceScale:1.0]]
[2020.04.08-21.06.46:247][441]LogConfig: Setting CVar [[r.Shadow.CSM.TransitionScale:1.0]]
[2020.04.08-21.06.46:247][441]LogConfig: Setting CVar [[r.Shadow.PreShadowResolutionFactor:1.0]]
[2020.04.08-21.06.46:247][441]LogConfig: Setting CVar [[r.DistanceFieldShadowing:1]]
[2020.04.08-21.06.46:247][441]LogConfig: Setting CVar [[r.DistanceFieldAO:1]]
[2020.04.08-21.06.46:247][441]LogConfig: Setting CVar [[r.AOQuality:2]]
[2020.04.08-21.06.46:248][441]LogConfig: Setting CVar [[r.VolumetricFog:1]]
[2020.04.08-21.06.46:248][441]LogConfig: Setting CVar [[r.VolumetricFog.GridPixelSize:4]]
[2020.04.08-21.06.46:248][441]LogConfig: Setting CVar [[r.VolumetricFog.GridSizeZ:128]]
[2020.04.08-21.06.46:248][441]LogConfig: Setting CVar [[r.VolumetricFog.HistoryMissSupersampleCount:16]]
[2020.04.08-21.06.46:248][441]LogConfig: Setting CVar [[r.LightMaxDrawDistanceScale:1]]
[2020.04.08-21.06.46:249][441]LogConfig: Setting CVar [[r.CapsuleShadows:1]]
[2020.04.08-21.06.46:249][441]LogConfig: Applying CVar settings from Section [PostProcessQuality@Cine] File [C:/Users/SWIZZ_DC/Documents/GitHub/UE4COLLAB-/Code_DM/Saved/Config/Windows/Scalability.ini]
[2020.04.08-21.06.46:249][441]LogConfig: Setting CVar [[r.MotionBlurQuality:4]]
[2020.04.08-21.06.46:249][441]LogConfig: Setting CVar [[r.AmbientOcclusionMipLevelFactor:0.4]]
[2020.04.08-21.06.46:249][441]LogConfig: Setting CVar [[r.AmbientOcclusionMaxQuality:100]]
[2020.04.08-21.06.46:249][441]LogConfig: Setting CVar [[r.AmbientOcclusionLevels:-1]]
[2020.04.08-21.06.46:250][441]LogConfig: Setting CVar [[r.AmbientOcclusionRadiusScale:1.0]]
[2020.04.08-21.06.46:250][441]LogConfig: Setting CVar [[r.DepthOfFieldQuality:4]]
[2020.04.08-21.06.46:250][441]LogConfig: Setting CVar [[r.RenderTargetPoolMin:1000]]
[2020.04.08-21.06.46:250][441]LogConfig: Setting CVar [[r.LensFlareQuality:3]]
[2020.04.08-21.06.46:250][441]LogConfig: Setting CVar [[r.SceneColorFringeQuality:1]]
[2020.04.08-21.06.46:250][441]LogConfig: Setting CVar [[r.EyeAdaptationQuality:2]]
[2020.04.08-21.06.46:251][441]LogConfig: Setting CVar [[r.BloomQuality:5]]
[2020.04.08-21.06.46:251][441]LogConfig: Setting CVar [[r.FastBlurThreshold:100]]
[2020.04.08-21.06.46:251][441]LogConfig: Setting CVar [[r.Upscale.Quality:3]]
[2020.04.08-21.06.46:251][441]LogConfig: Setting CVar [[r.Tonemapper.GrainQuantization:1]]
[2020.04.08-21.06.46:251][441]LogConfig: Setting CVar [[r.LightShaftQuality:1]]
[2020.04.08-21.06.46:251][441]LogConfig: Setting CVar [[r.Filter.SizeScale:1]]
[2020.04.08-21.06.46:251][441]LogConfig: Setting CVar [[r.Tonemapper.Quality:5]]
[2020.04.08-21.06.46:252][441]LogConfig: Setting CVar [[r.DOF.Gather.AccumulatorQuality:1        ; higher gathering accumulator quality]]
[2020.04.08-21.06.46:252][441]LogConfig: Setting CVar [[r.DOF.Gather.PostfilterMethod:1          ; Median3x3 postfilering method]]
[2020.04.08-21.06.46:252][441]LogConfig: Setting CVar [[r.DOF.Gather.EnableBokehSettings:1       ; bokeh simulation when gathering]]
[2020.04.08-21.06.46:252][441]LogConfig: Setting CVar [[r.DOF.Gather.RingCount:5                 ; high number of samples when gathering]]
[2020.04.08-21.06.46:252][441]LogConfig: Setting CVar [[r.DOF.Scatter.ForegroundCompositing:1    ; additive foreground scattering]]
[2020.04.08-21.06.46:252][441]LogConfig: Setting CVar [[r.DOF.Scatter.BackgroundCompositing:2    ; background scattering occlusion]]
[2020.04.08-21.06.46:253][441]LogConfig: Setting CVar [[r.DOF.Scatter.EnableBokehSettings:1      ; no bokeh simulation when scattering]]
[2020.04.08-21.06.46:253][441]LogConfig: Setting CVar [[r.DOF.Scatter.MaxSpriteRatio:0.25        ; only a maximum of 10% of scattered bokeh]]
[2020.04.08-21.06.46:253][441]LogConfig: Setting CVar [[r.DOF.Recombine.Quality:2                ; highest slight out of focus]]
[2020.04.08-21.06.46:253][441]LogConfig: Setting CVar [[r.DOF.Recombine.EnableBokehSettings:1    ; bokeh simulation on slight out of focus]]
[2020.04.08-21.06.46:253][441]LogConfig: Setting CVar [[r.DOF.TemporalAAQuality:1                ; more stable temporal accumulation]]
[2020.04.08-21.06.46:253][441]LogConfig: Setting CVar [[r.DOF.Kernel.MaxForegroundRadius:0.025]]
[2020.04.08-21.06.46:254][441]LogConfig: Setting CVar [[r.DOF.Kernel.MaxBackgroundRadius:0.025]]
[2020.04.08-21.06.46:254][441]LogConfig: Applying CVar settings from Section [TextureQuality@Cine] File [C:/Users/SWIZZ_DC/Documents/GitHub/UE4COLLAB-/Code_DM/Saved/Config/Windows/Scalability.ini]
[2020.04.08-21.06.46:254][441]LogConfig: Setting CVar [[r.Streaming.MipBias:0]]
[2020.04.08-21.06.46:254][441]LogConfig: Setting CVar [[r.Streaming.AmortizeCPUToGPUCopy:0]]
[2020.04.08-21.06.46:254][441]LogConfig: Setting CVar [[r.Streaming.MaxNumTexturesToStreamPerFrame:0]]
[2020.04.08-21.06.46:254][441]LogConfig: Setting CVar [[r.Streaming.Boost:1]]
[2020.04.08-21.06.46:254][441]LogConfig: Setting CVar [[r.MaxAnisotropy:8]]
[2020.04.08-21.06.46:255][441]LogConfig: Setting CVar [[r.VT.MaxAnisotropy:8]]
[2020.04.08-21.06.46:255][441]LogConfig: Setting CVar [[r.Streaming.LimitPoolSizeToVRAM:0]]
[2020.04.08-21.06.46:255][441]LogConfig: Setting CVar [[r.Streaming.PoolSize:3000]]
[2020.04.08-21.06.46:255][441]LogConfig: Setting CVar [[r.Streaming.MaxEffectiveScreenSize:0]]
[2020.04.08-21.06.46:255][441]LogConfig: Applying CVar settings from Section [EffectsQuality@Cine] File [C:/Users/SWIZZ_DC/Documents/GitHub/UE4COLLAB-/Code_DM/Saved/Config/Windows/Scalability.ini]
[2020.04.08-21.06.46:256][441]LogConfig: Setting CVar [[r.TranslucencyLightingVolumeDim:64]]
[2020.04.08-21.06.46:256][441]LogConfig: Setting CVar [[r.RefractionQuality:2]]
[2020.04.08-21.06.46:256][441]LogConfig: Setting CVar [[r.SSR.Quality:4]]
[2020.04.08-21.06.46:256][441]LogConfig: Setting CVar [[r.SSR.HalfResSceneColor:0]]
[2020.04.08-21.06.46:256][441]LogConfig: Setting CVar [[r.SceneColorFormat:4]]
[2020.04.08-21.06.46:256][441]LogConfig: Setting CVar [[r.DetailMode:2]]
[2020.04.08-21.06.46:257][441]LogConfig: Setting CVar [[r.TranslucencyVolumeBlur:1]]
[2020.04.08-21.06.46:257][441]LogConfig: Setting CVar [[r.MaterialQualityLevel:1 ; High quality]]
[2020.04.08-21.06.46:257][441]LogConfig: Setting CVar [[r.SSS.Scale:1]]
[2020.04.08-21.06.46:257][441]LogConfig: Setting CVar [[r.SSS.SampleSet:2]]
[2020.04.08-21.06.46:257][441]LogConfig: Setting CVar [[r.SSS.Quality:1]]
[2020.04.08-21.06.46:257][441]LogConfig: Setting CVar [[r.SSS.HalfRes:0]]
[2020.04.08-21.06.46:257][441]LogConfig: Setting CVar [[r.SSGI.Quality:4]]
[2020.04.08-21.06.46:258][441]LogConfig: Setting CVar [[r.EmitterSpawnRateScale:1.0]]
[2020.04.08-21.06.46:258][441]LogConfig: Setting CVar [[r.ParticleLightQuality:2]]
[2020.04.08-21.06.46:258][441]LogConfig: Setting CVar [[r.SkyAtmosphere.AerialPerspectiveLUT.FastApplyOnOpaque:0]]
[2020.04.08-21.06.46:258][441]LogConfig: Setting CVar [[r.SkyAtmosphere.AerialPerspectiveLUT.SampleCountPerSlice:2]]
[2020.04.08-21.06.46:258][441]LogConfig: Setting CVar [[r.SkyAtmosphere.AerialPerspectiveLUT.DepthResolution:32.0]]
[2020.04.08-21.06.46:259][441]LogConfig: Setting CVar [[r.SkyAtmosphere.FastSkyLUT:0]]
[2020.04.08-21.06.46:259][441]LogConfig: Setting CVar [[r.SkyAtmosphere.FastSkyLUT.SampleCountMin:4.0]]
[2020.04.08-21.06.46:259][441]LogConfig: Setting CVar [[r.SkyAtmosphere.FastSkyLUT.SampleCountMax:32.0]]
[2020.04.08-21.06.46:259][441]LogConfig: Setting CVar [[r.SkyAtmosphere.SampleCountMin:8.0]]
[2020.04.08-21.06.46:259][441]LogConfig: Setting CVar [[r.SkyAtmosphere.SampleCountMax:32.0]]
[2020.04.08-21.06.46:259][441]LogConfig: Setting CVar [[r.SkyAtmosphere.TransmittanceLUT.UseSmallFormat:0]]
[2020.04.08-21.06.46:259][441]LogConfig: Setting CVar [[r.SkyAtmosphere.TransmittanceLUT.SampleCount:30.0]]
[2020.04.08-21.06.46:260][441]LogConfig: Setting CVar [[r.SkyAtmosphere.MultiScatteringLUT.SampleCount:20.0]]
[2020.04.08-21.06.46:260][441]LogConfig: Applying CVar settings from Section [FoliageQuality@Cine] File [C:/Users/SWIZZ_DC/Documents/GitHub/UE4COLLAB-/Code_DM/Saved/Config/Windows/Scalability.ini]
[2020.04.08-21.06.46:260][441]LogConfig: Setting CVar [[foliage.DensityScale:1.0]]
[2020.04.08-21.06.46:260][441]LogConfig: Setting CVar [[grass.DensityScale:1.0]]
[2020.04.08-21.06.46:260][441]LogConfig: Applying CVar settings from Section [ShadingQuality@Cine] File [C:/Users/SWIZZ_DC/Documents/GitHub/UE4COLLAB-/Code_DM/Saved/Config/Windows/Scalability.ini]
[2020.04.08-21.06.46:260][441]LogConfig: Setting CVar [[r.HairStrands.SkyLighting.SampleCount:64]]
[2020.04.08-21.06.46:261][441]LogConfig: Setting CVar [[r.HairStrands.SkyLighting.JitterIntegration:1]]
[2020.04.08-21.06.46:261][441]LogConfig: Setting CVar [[r.HairStrands.SkyAO.SampleCount:32]]
[2020.04.08-21.06.46:299][442]LogRenderer: Reallocating scene render targets to support 688x300 Format 10 NumSamples 1 (Frame:224).
[2020.04.08-21.06.46:301][442]LogContentStreaming: Texture pool size now 3000 MB
[2020.04.08-21.06.49:575][515]LogSlate: Prevented a slow task dialog from being summoned while a context menu was open
[2020.04.08-21.06.49:600][515]LogSynthBenchmark: Display: FSynthBenchmark (V0.95):  requested WorkScale=1.00
[2020.04.08-21.06.49:600][515]LogSynthBenchmark: Display: ===============
[2020.04.08-21.06.49:600][515]LogSynthBenchmark: Display: Main Processor:
[2020.04.08-21.06.49:898][515]LogSynthBenchmark: Display:          ... 0.161363 s/Run 'RayIntersect'
[2020.04.08-21.06.49:898][515]LogSynthBenchmark: Display:          ... 0.136255 s/Run 'Fractal'
[2020.04.08-21.06.49:899][515]LogSynthBenchmark: Display: 
[2020.04.08-21.06.49:899][515]LogSynthBenchmark: Display:   CompiledTarget_x_Bits: 64
[2020.04.08-21.06.49:899][515]LogSynthBenchmark: Display:   UE_BUILD_SHIPPING: 0
[2020.04.08-21.06.49:899][515]LogSynthBenchmark: Display:   UE_BUILD_TEST: 0
[2020.04.08-21.06.49:899][515]LogSynthBenchmark: Display:   UE_BUILD_DEBUG: 0
[2020.04.08-21.06.49:899][515]LogSynthBenchmark: Display:   TotalPhysicalGBRam: 8
[2020.04.08-21.06.49:899][515]LogSynthBenchmark: Display:   NumberOfCores (physical): 4
[2020.04.08-21.06.49:900][515]LogSynthBenchmark: Display:   NumberOfCores (logical): 8
[2020.04.08-21.06.49:900][515]LogSynthBenchmark: Display:   CPU Perf Index 0: 15.9 (weight 1.00)
[2020.04.08-21.06.49:900][515]LogSynthBenchmark: Display:   CPU Perf Index 1: 21.0 (weight 1.50)
[2020.04.08-21.06.49:900][515]LogSynthBenchmark: Display:  
[2020.04.08-21.06.49:900][515]LogSynthBenchmark: Display: Graphics:
[2020.04.08-21.06.49:900][515]LogSynthBenchmark: Display:   Adapter Name: 'AMD Radeon(TM) Vega 8 Graphics'
[2020.04.08-21.06.49:900][515]LogSynthBenchmark: Display:   (On Optimus the name might be wrong, memory should be ok)
[2020.04.08-21.06.49:901][515]LogSynthBenchmark: Display:   Vendor Id: 0x1002
[2020.04.08-21.06.49:901][515]LogSynthBenchmark: Display:   Device Id: 0x15DD
[2020.04.08-21.06.49:901][515]LogSynthBenchmark: Display:   Device Revision: 0xC4
[2020.04.08-21.06.49:901][515]LogSynthBenchmark: Display:   GPU Memory: 241/0/3915 MB
[2020.04.08-21.06.51:009][515]LogSynthBenchmark: Display:   GPU first test: 0.06s
[2020.04.08-21.06.51:010][515]LogSynthBenchmark: Display:          ... 0.259 s/GigaPix, Confidence=89% 'ALUHeavyNoise' (likely to be very inaccurate)
[2020.04.08-21.06.51:010][515]LogSynthBenchmark: Display:          ... 0.208 s/GigaPix, Confidence=100% 'TexHeavy' (likely to be very inaccurate)
[2020.04.08-21.06.51:010][515]LogSynthBenchmark: Display:          ... 0.190 s/GigaPix, Confidence=100% 'DepTexHeavy' (likely to be very inaccurate)
[2020.04.08-21.06.51:010][515]LogSynthBenchmark: Display:          ... 0.438 s/GigaPix, Confidence=100% 'FillOnly' (likely to be very inaccurate)
[2020.04.08-21.06.51:010][515]LogSynthBenchmark: Display:          ... 0.043 s/GigaPix, Confidence=100% 'Bandwidth' (likely to be very inaccurate)
[2020.04.08-21.06.51:011][515]LogSynthBenchmark: Display:          ... 0.144 s/GigaVert, Confidence=100% 'VertThroughPut1' (likely to be very inaccurate)
[2020.04.08-21.06.51:011][515]LogSynthBenchmark: Display:          ... 0.181 s/GigaVert, Confidence=100% 'VertThroughPut2' (likely to be very inaccurate)
[2020.04.08-21.06.52:237][515]LogSynthBenchmark: Display:   GPU second test: 0.45s
[2020.04.08-21.06.52:237][515]LogSynthBenchmark: Display:          ... 0.515 s/GigaPix, Confidence=89% 'ALUHeavyNoise' (likely to be inaccurate)
[2020.04.08-21.06.52:237][515]LogSynthBenchmark: Display:          ... 0.358 s/GigaPix, Confidence=100% 'TexHeavy' (likely to be inaccurate)
[2020.04.08-21.06.52:237][515]LogSynthBenchmark: Display:          ... 0.342 s/GigaPix, Confidence=100% 'DepTexHeavy' (likely to be inaccurate)
[2020.04.08-21.06.52:237][515]LogSynthBenchmark: Display:          ... 1.686 s/GigaPix, Confidence=100% 'FillOnly' (likely to be inaccurate)
[2020.04.08-21.06.52:238][515]LogSynthBenchmark: Display:          ... 0.053 s/GigaPix, Confidence=100% 'Bandwidth' (likely to be inaccurate)
[2020.04.08-21.06.52:238][515]LogSynthBenchmark: Display:          ... 0.155 s/GigaVert, Confidence=100% 'VertThroughPut1' (likely to be inaccurate)
[2020.04.08-21.06.52:238][515]LogSynthBenchmark: Display:          ... 0.182 s/GigaVert, Confidence=100% 'VertThroughPut2' (likely to be inaccurate)
[2020.04.08-21.06.52:238][515]LogSynthBenchmark: Display:   GPU Final Results:
[2020.04.08-21.06.52:238][515]LogSynthBenchmark: Display:          ... 0.515 s/GigaPix, Confidence=89% 'ALUHeavyNoise'
[2020.04.08-21.06.52:238][515]LogSynthBenchmark: Display:          ... 0.358 s/GigaPix, Confidence=100% 'TexHeavy'
[2020.04.08-21.06.52:238][515]LogSynthBenchmark: Display:          ... 0.342 s/GigaPix, Confidence=100% 'DepTexHeavy'
[2020.04.08-21.06.52:239][515]LogSynthBenchmark: Display:          ... 1.686 s/GigaPix, Confidence=100% 'FillOnly'
[2020.04.08-21.06.52:239][515]LogSynthBenchmark: Display:          ... 0.053 s/GigaPix, Confidence=100% 'Bandwidth'
[2020.04.08-21.06.52:239][515]LogSynthBenchmark: Display:          ... 0.155 s/GigaVert, Confidence=100% 'VertThroughPut1'
[2020.04.08-21.06.52:239][515]LogSynthBenchmark: Display:          ... 0.182 s/GigaVert, Confidence=100% 'VertThroughPut2'
[2020.04.08-21.06.52:239][515]LogSynthBenchmark: Display: 
[2020.04.08-21.06.52:239][515]LogSynthBenchmark: Display:   GPU Perf Index 0: 11.2 (weight 1.00)
[2020.04.08-21.06.52:240][515]LogSynthBenchmark: Display:   GPU Perf Index 1: 4.8 (weight 0.10)
[2020.04.08-21.06.52:240][515]LogSynthBenchmark: Display:   GPU Perf Index 2: 8.9 (weight 0.10)
[2020.04.08-21.06.52:240][515]LogSynthBenchmark: Display:   GPU Perf Index 3: 6.6 (weight 3.00)
[2020.04.08-21.06.52:240][515]LogSynthBenchmark: Display:   GPU Perf Index 4: 5.0 (weight 1.00)
[2020.04.08-21.06.52:240][515]LogSynthBenchmark: Display:   GPU Perf Index 5: 10.1 (weight 0.00)
[2020.04.08-21.06.52:240][515]LogSynthBenchmark: Display:   GPU Perf Index 6: 10.3 (weight 0.00)
[2020.04.08-21.06.52:240][515]LogSynthBenchmark: Display:   GPUIndex: 7.2
[2020.04.08-21.06.52:241][515]LogSynthBenchmark: Display:   CPUIndex: 18.9
[2020.04.08-21.06.52:241][515]LogSynthBenchmark: Display: 
[2020.04.08-21.06.52:241][515]LogSynthBenchmark: Display:          ... Total Time: 2.641381 sec
[2020.04.08-21.06.52:242][515]LogConfig: Applying CVar settings from Section [ViewDistanceQuality@0] File [C:/Users/SWIZZ_DC/Documents/GitHub/UE4COLLAB-/Code_DM/Saved/Config/Windows/Scalability.ini]
[2020.04.08-21.06.52:242][515]LogConfig: Setting CVar [[r.SkeletalMeshLODBias:2]]
[2020.04.08-21.06.52:242][515]LogConfig: Setting CVar [[r.ViewDistanceScale:0.4]]
[2020.04.08-21.06.52:242][515]LogConfig: Applying CVar settings from Section [AntiAliasingQuality@0] File [C:/Users/SWIZZ_DC/Documents/GitHub/UE4COLLAB-/Code_DM/Saved/Config/Windows/Scalability.ini]
[2020.04.08-21.06.52:242][515]LogConfig: Setting CVar [[r.PostProcessAAQuality:0]]
[2020.04.08-21.06.52:243][515]LogConfig: Applying CVar settings from Section [ShadowQuality@0] File [C:/Users/SWIZZ_DC/Documents/GitHub/UE4COLLAB-/Code_DM/Saved/Config/Windows/Scalability.ini]
[2020.04.08-21.06.52:243][515]LogConfig: Setting CVar [[r.LightFunctionQuality:0]]
[2020.04.08-21.06.52:243][515]LogConfig: Setting CVar [[r.ShadowQuality:0]]
[2020.04.08-21.06.52:243][515]LogConfig: Setting CVar [[r.Shadow.CSM.MaxCascades:1]]
[2020.04.08-21.06.52:243][515]LogConfig: Setting CVar [[r.Shadow.MaxResolution:512]]
[2020.04.08-21.06.52:244][515]LogConfig: Setting CVar [[r.Shadow.MaxCSMResolution:512]]
[2020.04.08-21.06.52:244][515]LogConfig: Setting CVar [[r.Shadow.RadiusThreshold:0.06]]
[2020.04.08-21.06.52:244][515]LogConfig: Setting CVar [[r.Shadow.DistanceScale:0.6]]
[2020.04.08-21.06.52:244][515]LogConfig: Setting CVar [[r.Shadow.CSM.TransitionScale:0]]
[2020.04.08-21.06.52:244][515]LogConfig: Setting CVar [[r.Shadow.PreShadowResolutionFactor:0.5]]
[2020.04.08-21.06.52:244][515]LogConfig: Setting CVar [[r.DistanceFieldShadowing:0]]
[2020.04.08-21.06.52:245][515]LogConfig: Setting CVar [[r.DistanceFieldAO:0]]
[2020.04.08-21.06.52:245][515]LogConfig: Setting CVar [[r.VolumetricFog:0]]
[2020.04.08-21.06.52:245][515]LogConfig: Setting CVar [[r.LightMaxDrawDistanceScale:0]]
[2020.04.08-21.06.52:245][515]LogConfig: Setting CVar [[r.CapsuleShadows:0]]
[2020.04.08-21.06.52:245][515]LogConfig: Applying CVar settings from Section [PostProcessQuality@0] File [C:/Users/SWIZZ_DC/Documents/GitHub/UE4COLLAB-/Code_DM/Saved/Config/Windows/Scalability.ini]
[2020.04.08-21.06.52:245][515]LogConfig: Setting CVar [[r.MotionBlurQuality:0]]
[2020.04.08-21.06.52:246][515]LogConfig: Setting CVar [[r.AmbientOcclusionMipLevelFactor:1.0]]
[2020.04.08-21.06.52:246][515]LogConfig: Setting CVar [[r.AmbientOcclusionMaxQuality:0]]
[2020.04.08-21.06.52:246][515]LogConfig: Setting CVar [[r.AmbientOcclusionLevels:0]]
[2020.04.08-21.06.52:246][515]LogConfig: Setting CVar [[r.AmbientOcclusionRadiusScale:1.2]]
[2020.04.08-21.06.52:246][515]LogConfig: Setting CVar [[r.DepthOfFieldQuality:0]]
[2020.04.08-21.06.52:246][515]LogConfig: Setting CVar [[r.RenderTargetPoolMin:300]]
[2020.04.08-21.06.52:246][515]LogConfig: Setting CVar [[r.LensFlareQuality:0]]
[2020.04.08-21.06.52:247][515]LogConfig: Setting CVar [[r.SceneColorFringeQuality:0]]
[2020.04.08-21.06.52:247][515]LogConfig: Setting CVar [[r.EyeAdaptationQuality:0]]
[2020.04.08-21.06.52:247][515]LogConfig: Setting CVar [[r.BloomQuality:4]]
[2020.04.08-21.06.52:247][515]LogConfig: Setting CVar [[r.FastBlurThreshold:0]]
[2020.04.08-21.06.52:247][515]LogConfig: Setting CVar [[r.Upscale.Quality:1]]
[2020.04.08-21.06.52:247][515]LogConfig: Setting CVar [[r.Tonemapper.GrainQuantization:0]]
[2020.04.08-21.06.52:248][515]LogConfig: Setting CVar [[r.LightShaftQuality:0]]
[2020.04.08-21.06.52:248][515]LogConfig: Setting CVar [[r.Filter.SizeScale:0.6]]
[2020.04.08-21.06.52:248][515]LogConfig: Setting CVar [[r.Tonemapper.Quality:0]]
[2020.04.08-21.06.52:248][515]LogConfig: Applying CVar settings from Section [TextureQuality@0] File [C:/Users/SWIZZ_DC/Documents/GitHub/UE4COLLAB-/Code_DM/Saved/Config/Windows/Scalability.ini]
[2020.04.08-21.06.52:248][515]LogConfig: Setting CVar [[r.Streaming.MipBias:16]]
[2020.04.08-21.06.52:248][515]LogConfig: Setting CVar [[r.Streaming.AmortizeCPUToGPUCopy:1]]
[2020.04.08-21.06.52:248][515]LogConfig: Setting CVar [[r.Streaming.MaxNumTexturesToStreamPerFrame:1]]
[2020.04.08-21.06.52:249][515]LogConfig: Setting CVar [[r.Streaming.Boost:0.3]]
[2020.04.08-21.06.52:249][515]LogConfig: Setting CVar [[r.MaxAnisotropy:0]]
[2020.04.08-21.06.52:249][515]LogConfig: Setting CVar [[r.VT.MaxAnisotropy:4]]
[2020.04.08-21.06.52:250][515]LogConfig: Setting CVar [[r.Streaming.LimitPoolSizeToVRAM:1]]
[2020.04.08-21.06.52:250][515]LogConfig: Setting CVar [[r.Streaming.PoolSize:400]]
[2020.04.08-21.06.52:250][515]LogConfig: Setting CVar [[r.Streaming.MaxEffectiveScreenSize:0]]
[2020.04.08-21.06.52:250][515]LogConfig: Applying CVar settings from Section [EffectsQuality@0] File [C:/Users/SWIZZ_DC/Documents/GitHub/UE4COLLAB-/Code_DM/Saved/Config/Windows/Scalability.ini]
[2020.04.08-21.06.52:250][515]LogConfig: Setting CVar [[r.TranslucencyLightingVolumeDim:24]]
[2020.04.08-21.06.52:251][515]LogConfig: Setting CVar [[r.RefractionQuality:0]]
[2020.04.08-21.06.52:251][515]LogConfig: Setting CVar [[r.SSR.Quality:0]]
[2020.04.08-21.06.52:251][515]LogConfig: Setting CVar [[r.SSR.HalfResSceneColor:1]]
[2020.04.08-21.06.52:251][515]LogConfig: Setting CVar [[r.SceneColorFormat:3]]
[2020.04.08-21.06.52:251][515]LogConfig: Setting CVar [[r.DetailMode:0]]
[2020.04.08-21.06.52:251][515]LogConfig: Setting CVar [[r.TranslucencyVolumeBlur:0]]
[2020.04.08-21.06.52:252][515]LogConfig: Setting CVar [[r.MaterialQualityLevel:0 ; Low quality]]
[2020.04.08-21.06.52:252][515]LogConfig: Setting CVar [[r.SSS.Scale:0]]
[2020.04.08-21.06.52:252][515]LogConfig: Setting CVar [[r.SSS.SampleSet:0]]
[2020.04.08-21.06.52:252][515]LogConfig: Setting CVar [[r.SSS.Quality:0]]
[2020.04.08-21.06.52:252][515]LogConfig: Setting CVar [[r.SSS.HalfRes:1]]
[2020.04.08-21.06.52:252][515]LogConfig: Setting CVar [[r.SSGI.Quality:0]]
[2020.04.08-21.06.52:253][515]LogConfig: Setting CVar [[r.EmitterSpawnRateScale:0.125]]
[2020.04.08-21.06.52:253][515]LogConfig: Setting CVar [[r.ParticleLightQuality:0]]
[2020.04.08-21.06.52:253][515]LogConfig: Setting CVar [[r.SkyAtmosphere.AerialPerspectiveLUT.FastApplyOnOpaque:1 ; Always have FastSkyLUT 1 in this case to avoid wrong sky]]
[2020.04.08-21.06.52:253][515]LogConfig: Setting CVar [[r.SkyAtmosphere.AerialPerspectiveLUT.SampleCountPerSlice:1]]
[2020.04.08-21.06.52:254][515]LogConfig: Setting CVar [[r.SkyAtmosphere.AerialPerspectiveLUT.DepthResolution:8.0]]
[2020.04.08-21.06.52:254][515]LogConfig: Setting CVar [[r.SkyAtmosphere.FastSkyLUT:1]]
[2020.04.08-21.06.52:254][515]LogConfig: Setting CVar [[r.SkyAtmosphere.FastSkyLUT.SampleCountMin:2.0]]
[2020.04.08-21.06.52:254][515]LogConfig: Setting CVar [[r.SkyAtmosphere.FastSkyLUT.SampleCountMax:16.0]]
[2020.04.08-21.06.52:254][515]LogConfig: Setting CVar [[r.SkyAtmosphere.SampleCountMin:2.0]]
[2020.04.08-21.06.52:255][515]LogConfig: Setting CVar [[r.SkyAtmosphere.SampleCountMax:16.0]]
[2020.04.08-21.06.52:255][515]LogConfig: Setting CVar [[r.SkyAtmosphere.TransmittanceLUT.UseSmallFormat:1]]
[2020.04.08-21.06.52:255][515]LogConfig: Setting CVar [[r.SkyAtmosphere.TransmittanceLUT.SampleCount:10.0]]
[2020.04.08-21.06.52:255][515]LogConfig: Setting CVar [[r.SkyAtmosphere.MultiScatteringLUT.SampleCount:15.0]]
[2020.04.08-21.06.52:255][515]LogConfig: Applying CVar settings from Section [FoliageQuality@0] File [C:/Users/SWIZZ_DC/Documents/GitHub/UE4COLLAB-/Code_DM/Saved/Config/Windows/Scalability.ini]
[2020.04.08-21.06.52:256][515]LogConfig: Setting CVar [[foliage.DensityScale:0]]
[2020.04.08-21.06.52:256][515]LogConfig: Setting CVar [[grass.DensityScale:0]]
[2020.04.08-21.06.52:256][515]LogConfig: Applying CVar settings from Section [ShadingQuality@0] File [C:/Users/SWIZZ_DC/Documents/GitHub/UE4COLLAB-/Code_DM/Saved/Config/Windows/Scalability.ini]
[2020.04.08-21.06.52:256][515]LogConfig: Setting CVar [[r.HairStrands.SkyLighting.SampleCount:8]]
[2020.04.08-21.06.52:256][515]LogConfig: Setting CVar [[r.HairStrands.SkyLighting.JitterIntegration:0]]
[2020.04.08-21.06.52:256][515]LogConfig: Setting CVar [[r.HairStrands.SkyAO.SampleCount:8]]
[2020.04.08-21.06.52:340][515]LogMaterial: Display: Missing cached shader map for material WorldGridMaterial, compiling. Is special engine material.
