Log file open, 04/04/20 12:31:38
LogWindows: Failed to load 'aqProf.dll' (GetLastError=126)
LogWindows: File 'aqProf.dll' does not exist
LogWindows: Failed to load 'VtuneApi.dll' (GetLastError=126)
LogWindows: File 'VtuneApi.dll' does not exist
LogWindows: Failed to load 'VtuneApi32e.dll' (GetLastError=126)
LogWindows: File 'VtuneApi32e.dll' does not exist
LogConsoleResponse: Display: Failed to find resolution value strings in scalability ini. Falling back to default.
LogInit: Display: Running engine for game: Code_DM
LogPlatformFile: Not using cached read wrapper
LogTaskGraph: Started task graph with 5 named threads and 23 total threads with 3 sets of task threads.
LogStats: Stats thread started at 1.030088
LogD3D11RHI: Loaded GFSDK_Aftermath_Lib.x64.dll
LogICUInternationalization: ICU TimeZone Detection - Raw Offset: -8:00, Platform Override: ''
LogPluginManager: Mounting plugin Paper2D
LogPluginManager: Mounting plugin AISupport
LogPluginManager: Mounting plugin LightPropagationVolume
LogPluginManager: Mounting plugin ActorLayerUtilities
LogPluginManager: Mounting plugin AnimationSharing
LogPluginManager: Mounting plugin CLionSourceCodeAccess
LogPluginManager: Mounting plugin CodeLiteSourceCodeAccess
LogPluginManager: Mounting plugin GitSourceControl
LogPluginManager: Mounting plugin KDevelopSourceCodeAccess
LogPluginManager: Mounting plugin NullSourceCodeAccess
LogPluginManager: Mounting plugin PerforceSourceControl
LogPluginManager: Mounting plugin PlasticSourceControl
LogPluginManager: Mounting plugin SubversionSourceControl
LogPluginManager: Mounting plugin UObjectPlugin
LogPluginManager: Mounting plugin VisualStudioCodeSourceCodeAccess
LogPluginManager: Mounting plugin VisualStudioSourceCodeAccess
LogPluginManager: Mounting plugin XCodeSourceCodeAccess
LogPluginManager: Mounting plugin AssetManagerEditor
LogPluginManager: Mounting plugin CryptoKeys
LogPluginManager: Mounting plugin CurveEditorTools
LogPluginManager: Mounting plugin DataValidation
LogPluginManager: Mounting plugin FacialAnimation
LogPluginManager: Mounting plugin GameplayTagsEditor
LogPluginManager: Mounting plugin MacGraphicsSwitching
LogPluginManager: Mounting plugin MaterialAnalyzer
LogPluginManager: Mounting plugin MobileLauncherProfileWizard
LogPluginManager: Mounting plugin PluginBrowser
LogPluginManager: Mounting plugin SpeedTreeImporter
LogPluginManager: Mounting plugin DatasmithContent
LogPluginManager: Mounting plugin VariantManagerContent
LogPluginManager: Mounting plugin AlembicImporter
LogPluginManager: Mounting plugin AutomationUtils
LogPluginManager: Mounting plugin BackChannel
LogPluginManager: Mounting plugin CharacterAI
LogPluginManager: Mounting plugin GeometryCache
LogPluginManager: Mounting plugin PlatformCrypto
LogPluginManager: Mounting plugin ProxyLODPlugin
LogPluginManager: Mounting plugin SkeletalReduction
LogPluginManager: Mounting plugin MagicLeap
LogPluginManager: Mounting plugin MagicLeapMedia
LogPluginManager: Mounting plugin MLSDK
LogPluginManager: Mounting plugin AndroidMedia
LogPluginManager: Mounting plugin AvfMedia
LogPluginManager: Mounting plugin ImgMedia
LogPluginManager: Mounting plugin MediaCompositing
LogPluginManager: Mounting plugin MediaPlayerEditor
LogPluginManager: Mounting plugin WebMMedia
LogPluginManager: Mounting plugin WmfMedia
LogPluginManager: Mounting plugin TcpMessaging
LogPluginManager: Mounting plugin UdpMessaging
LogPluginManager: Mounting plugin ActorSequence
LogPluginManager: Mounting plugin LevelSequenceEditor
LogPluginManager: Mounting plugin MatineeToLevelSequence
LogPluginManager: Mounting plugin NetcodeUnitTest
LogPluginManager: Mounting plugin NUTUnrealEngine4
LogPluginManager: Mounting plugin OnlineSubsystemGooglePlay
LogPluginManager: Mounting plugin OnlineSubsystemIOS
LogPluginManager: Mounting plugin OnlineSubsystem
LogPluginManager: Mounting plugin OnlineSubsystemNull
LogPluginManager: Mounting plugin OnlineSubsystemUtils
LogPluginManager: Mounting plugin LauncherChunkInstaller
LogPluginManager: Mounting plugin AndroidDeviceProfileSelector
LogPluginManager: Mounting plugin AndroidMoviePlayer
LogPluginManager: Mounting plugin AndroidPermission
LogPluginManager: Mounting plugin AppleImageUtils
LogPluginManager: Mounting plugin AppleMoviePlayer
LogPluginManager: Mounting plugin ArchVisCharacter
LogPluginManager: Mounting plugin AssetTags
LogPluginManager: Mounting plugin AudioCapture
LogPluginManager: Mounting plugin CableComponent
LogPluginManager: Mounting plugin CustomMeshComponent
LogPluginManager: Mounting plugin EditableMesh
LogPluginManager: Mounting plugin ExampleDeviceProfileSelector
LogPluginManager: Mounting plugin GoogleCloudMessaging
LogPluginManager: Mounting plugin IOSDeviceProfileSelector
LogPluginManager: Mounting plugin LinuxDeviceProfileSelector
LogPluginManager: Mounting plugin LocationServicesBPLibrary
LogPluginManager: Mounting plugin MobilePatchingUtils
LogPluginManager: Mounting plugin OculusVR
LogPluginManager: Mounting plugin PhysXVehicles
LogPluginManager: Mounting plugin PostSplashScreen
LogPluginManager: Mounting plugin ProceduralMeshComponent
LogPluginManager: Mounting plugin RuntimePhysXCooking
LogPluginManager: Mounting plugin SignificanceManager
LogPluginManager: Mounting plugin SteamVR
LogPluginManager: Mounting plugin WebMMoviePlayer
LogPluginManager: Mounting plugin WindowsMoviePlayer
LogPluginManager: Mounting plugin ScreenshotTools
LogInit: Using libcurl 7.55.1-DEV
LogInit:  - built for x86_64-pc-win32
LogInit:  - supports SSL with OpenSSL/1.1.1
LogInit:  - supports HTTP deflate (compression) using libz 1.2.8
LogInit:  - other features:
LogInit:      CURL_VERSION_SSL
LogInit:      CURL_VERSION_LIBZ
LogInit:      CURL_VERSION_IPV6
LogInit:      CURL_VERSION_ASYNCHDNS
LogInit:      CURL_VERSION_LARGEFILE
LogInit:      CURL_VERSION_IDN
LogInit:  CurlRequestOptions (configurable via config and command line):
LogInit:  - bVerifyPeer = true  - Libcurl will verify peer certificate
LogInit:  - bUseHttpProxy = false  - Libcurl will NOT use HTTP proxy
LogInit:  - bDontReuseConnections = false  - Libcurl will reuse connections
LogInit:  - MaxHostConnections = 16  - Libcurl will limit the number of connections to a host
LogInit:  - LocalHostAddr = Default
LogInit:  - BufferSize = 65536
LogOnline: OSS: Creating online subsystem instance for: NULL
LogInit: WinSock: version 1.1 (2.2), MaxSocks=32767, MaxUdp=65467
LogOnline: OSS: TryLoadSubsystemAndSetDefault: Loaded subsystem for module [NULL]
LogInit: Build: ++UE4+Release-4.24-CL-11590370
LogInit: Engine Version: 4.24.3-11590370+++UE4+Release-4.24
LogInit: Compatible Engine Version: 4.24.0-10570792+++UE4+Release-4.24
LogInit: Net CL: 10570792
LogInit: OS: Windows 10 (Release 1903) (), CPU: AMD Ryzen 5 2500U with Radeon Vega Mobile Gfx  , GPU: AMD Radeon(TM) Vega 8 Graphics
LogInit: Compiled (64-bit): Feb 24 2020 15:39:18
LogInit: Compiled with Visual C++: 19.16.27032.01
LogInit: Build Configuration: Development
LogInit: Branch Name: ++UE4+Release-4.24
LogInit: Command Line:  -EpicPortal -epicusername=Dctuxie -epicuserid=95d067b3c5ab4440b4970d78d05f11d9 -epiclocale=en
LogInit: Base Directory: C:/Program Files/Epic Games/UE_4.24/Engine/Binaries/Win64/
LogInit: Installed Engine Build: 1
LogDevObjectVersion: Number of dev versions registered: 25
LogDevObjectVersion:   Dev-Blueprints (B0D832E4-1F89-4F0D-ACCF-7EB736FD4AA2): 10
LogDevObjectVersion:   Dev-Build (E1C64328-A22C-4D53-A36C-8E866417BD8C): 0
LogDevObjectVersion:   Dev-Core (375EC13C-06E4-48FB-B500-84F0262A717E): 3
LogDevObjectVersion:   Dev-Editor (E4B068ED-F494-42E9-A231-DA0B2E46BB41): 37
LogDevObjectVersion:   Dev-Framework (CFFC743F-43B0-4480-9391-14DF171D2073): 36
LogDevObjectVersion:   Dev-Mobile (B02B49B5-BB20-44E9-A304-32B752E40360): 2
LogDevObjectVersion:   Dev-Networking (A4E4105C-59A1-49B5-A7C5-40C4547EDFEE): 0
LogDevObjectVersion:   Dev-Online (39C831C9-5AE6-47DC-9A44-9C173E1C8E7C): 0
LogDevObjectVersion:   Dev-Physics (78F01B33-EBEA-4F98-B9B4-84EACCB95AA2): 2
LogDevObjectVersion:   Dev-Platform (6631380F-2D4D-43E0-8009-CF276956A95A): 0
LogDevObjectVersion:   Dev-Rendering (12F88B9F-8875-4AFC-A67C-D90C383ABD29): 36
LogDevObjectVersion:   Dev-Sequencer (7B5AE74C-D270-4C10-A958-57980B212A5A): 11
LogDevObjectVersion:   Dev-VR (D7296918-1DD6-4BDD-9DE2-64A83CC13884): 2
LogDevObjectVersion:   Dev-LoadTimes (C2A15278-BFE7-4AFE-6C17-90FF531DF755): 1
LogDevObjectVersion:   Private-Geometry (6EACA3D4-40EC-4CC1-B786-8BED09428FC5): 3
LogDevObjectVersion:   Dev-AnimPhys (29E575DD-E0A3-4627-9D10-D276232CDCEA): 17
LogDevObjectVersion:   Dev-Anim (AF43A65D-7FD3-4947-9873-3E8ED9C1BB05): 2
LogDevObjectVersion:   Dev-ReflectionCapture (6B266CEC-1EC7-4B8F-A30B-E4D90942FC07): 1
LogDevObjectVersion:   Dev-Automation (0DF73D61-A23F-47EA-B727-89E90C41499A): 1
LogDevObjectVersion:   FortniteMain (601D1886-AC64-4F84-AA16-D3DE0DEAC7D6): 31
LogDevObjectVersion:   Dev-Enterprise (9DFFBCD6-494F-0158-E221-12823C92A888): 8
LogDevObjectVersion:   Dev-Niagara (F2AED0AC-9AFE-416F-8664-AA7FFA26D6FC): 1
LogDevObjectVersion:   Dev-Destruction (174F1F0B-B4C6-45A5-B13F-2EE8D0FB917D): 9
LogDevObjectVersion:   Dev-Physics-Ext (35F94A83-E258-406C-A318-09F59610247C): 8
LogDevObjectVersion:   Dev-CineCamera (B2E18506-4273-CFC2-A54E-F4BB758BBA07): 1
LogInit: Presizing for max 25165824 objects, including 0 objects not considered by GC, pre-allocating 0 bytes for permanent pool.
LogInit: Object subsystem initialized
LogConfig: Setting CVar [[con.DebugEarlyDefault:1]]
LogConfig: Setting CVar [[r.setres:1280x720]]
[2020.04.04-19.31.41:522][  0]LogConfig: Setting CVar [[r.VSync:0]]
[2020.04.04-19.31.41:522][  0]LogConfig: Setting CVar [[r.RHICmdBypass:0]]
[2020.04.04-19.31.41:522][  0]LogConfig: Applying CVar settings from Section [/Script/Engine.RendererSettings] File [C:/Users/SWIZZ_DC/Documents/GitHub/UE4COLLAB-/Code_DM/Saved/Config/Windows/Engine.ini]
[2020.04.04-19.31.41:522][  0]LogConfig: Setting CVar [[r.GPUCrashDebugging:0]]
[2020.04.04-19.31.41:522][  0]LogConfig: Applying CVar settings from Section [/Script/Engine.RendererOverrideSettings] File [C:/Users/SWIZZ_DC/Documents/GitHub/UE4COLLAB-/Code_DM/Saved/Config/Windows/Engine.ini]
[2020.04.04-19.31.41:523][  0]LogConfig: Applying CVar settings from Section [/Script/Engine.StreamingSettings] File [C:/Users/SWIZZ_DC/Documents/GitHub/UE4COLLAB-/Code_DM/Saved/Config/Windows/Engine.ini]
[2020.04.04-19.31.41:523][  0]LogConfig: Setting CVar [[s.MinBulkDataSizeForAsyncLoading:131072]]
[2020.04.04-19.31.41:523][  0]LogConfig: Setting CVar [[s.AsyncLoadingThreadEnabled:0]]
[2020.04.04-19.31.41:523][  0]LogConfig: Setting CVar [[s.EventDrivenLoaderEnabled:1]]
[2020.04.04-19.31.41:523][  0]LogConfig: Setting CVar [[s.WarnIfTimeLimitExceeded:0]]
[2020.04.04-19.31.41:524][  0]LogConfig: Setting CVar [[s.TimeLimitExceededMultiplier:1.5]]
[2020.04.04-19.31.41:524][  0]LogConfig: Setting CVar [[s.TimeLimitExceededMinTime:0.005]]
[2020.04.04-19.31.41:524][  0]LogConfig: Setting CVar [[s.UseBackgroundLevelStreaming:1]]
[2020.04.04-19.31.41:524][  0]LogConfig: Setting CVar [[s.PriorityAsyncLoadingExtraTime:15.0]]
[2020.04.04-19.31.41:524][  0]LogConfig: Setting CVar [[s.LevelStreamingActorsUpdateTimeLimit:5.0]]
[2020.04.04-19.31.41:524][  0]LogConfig: Setting CVar [[s.PriorityLevelStreamingActorsUpdateExtraTime:5.0]]
[2020.04.04-19.31.41:524][  0]LogConfig: Setting CVar [[s.LevelStreamingComponentsRegistrationGranularity:10]]
[2020.04.04-19.31.41:525][  0]LogConfig: Setting CVar [[s.UnregisterComponentsTimeLimit:1.0]]
[2020.04.04-19.31.41:525][  0]LogConfig: Setting CVar [[s.LevelStreamingComponentsUnregistrationGranularity:5]]
[2020.04.04-19.31.41:525][  0]LogConfig: Setting CVar [[s.FlushStreamingOnExit:1]]
[2020.04.04-19.31.41:525][  0]LogConfig: Applying CVar settings from Section [/Script/Engine.GarbageCollectionSettings] File [C:/Users/SWIZZ_DC/Documents/GitHub/UE4COLLAB-/Code_DM/Saved/Config/Windows/Engine.ini]
[2020.04.04-19.31.41:525][  0]LogConfig: Setting CVar [[gc.MaxObjectsNotConsideredByGC:1]]
[2020.04.04-19.31.41:525][  0]LogConfig: Setting CVar [[gc.SizeOfPermanentObjectPool:0]]
[2020.04.04-19.31.41:526][  0]LogConfig: Setting CVar [[gc.FlushStreamingOnGC:0]]
[2020.04.04-19.31.41:526][  0]LogConfig: Setting CVar [[gc.NumRetriesBeforeForcingGC:10]]
[2020.04.04-19.31.41:526][  0]LogConfig: Setting CVar [[gc.AllowParallelGC:1]]
[2020.04.04-19.31.41:526][  0]LogConfig: Setting CVar [[gc.TimeBetweenPurgingPendingKillObjects:61.1]]
[2020.04.04-19.31.41:526][  0]LogConfig: Setting CVar [[gc.MaxObjectsInEditor:25165824]]
[2020.04.04-19.31.41:527][  0]LogConfig: Setting CVar [[gc.IncrementalBeginDestroyEnabled:1]]
[2020.04.04-19.31.41:527][  0]LogConfig: Setting CVar [[gc.CreateGCClusters:1]]
[2020.04.04-19.31.41:528][  0]LogConfig: Setting CVar [[gc.MinGCClusterSize:5]]
[2020.04.04-19.31.41:529][  0]LogConfig: Setting CVar [[gc.ActorClusteringEnabled:0]]
[2020.04.04-19.31.41:529][  0]LogConfig: Setting CVar [[gc.BlueprintClusteringEnabled:0]]
[2020.04.04-19.31.41:529][  0]LogConfig: Setting CVar [[gc.UseDisregardForGCOnDedicatedServers:0]]
[2020.04.04-19.31.41:529][  0]LogConfig: Applying CVar settings from Section [/Script/Engine.NetworkSettings] File [C:/Users/SWIZZ_DC/Documents/GitHub/UE4COLLAB-/Code_DM/Saved/Config/Windows/Engine.ini]
[2020.04.04-19.31.41:529][  0]LogConfig: Applying CVar settings from Section [/Script/UnrealEd.CookerSettings] File [C:/Users/SWIZZ_DC/Documents/GitHub/UE4COLLAB-/Code_DM/Saved/Config/Windows/Engine.ini]
[2020.04.04-19.31.41:552][  0]LogConfig: Applying CVar settings from Section [ViewDistanceQuality@3] File [C:/Users/SWIZZ_DC/Documents/GitHub/UE4COLLAB-/Code_DM/Saved/Config/Windows/Scalability.ini]
[2020.04.04-19.31.41:553][  0]LogConfig: Setting CVar [[r.SkeletalMeshLODBias:0]]
[2020.04.04-19.31.41:553][  0]LogConfig: Setting CVar [[r.ViewDistanceScale:1.0]]
[2020.04.04-19.31.41:553][  0]LogConfig: Applying CVar settings from Section [AntiAliasingQuality@3] File [C:/Users/SWIZZ_DC/Documents/GitHub/UE4COLLAB-/Code_DM/Saved/Config/Windows/Scalability.ini]
[2020.04.04-19.31.41:553][  0]LogConfig: Setting CVar [[r.PostProcessAAQuality:4]]
[2020.04.04-19.31.41:553][  0]LogConfig: Applying CVar settings from Section [ShadowQuality@3] File [C:/Users/SWIZZ_DC/Documents/GitHub/UE4COLLAB-/Code_DM/Saved/Config/Windows/Scalability.ini]
[2020.04.04-19.31.41:553][  0]LogConfig: Setting CVar [[r.LightFunctionQuality:1]]
[2020.04.04-19.31.41:554][  0]LogConfig: Setting CVar [[r.ShadowQuality:5]]
[2020.04.04-19.31.41:554][  0]LogConfig: Setting CVar [[r.Shadow.CSM.MaxCascades:10]]
[2020.04.04-19.31.41:554][  0]LogConfig: Setting CVar [[r.Shadow.MaxResolution:2048]]
[2020.04.04-19.31.41:554][  0]LogConfig: Setting CVar [[r.Shadow.MaxCSMResolution:2048]]
[2020.04.04-19.31.41:554][  0]LogConfig: Setting CVar [[r.Shadow.RadiusThreshold:0.01]]
[2020.04.04-19.31.41:554][  0]LogConfig: Setting CVar [[r.Shadow.DistanceScale:1.0]]
[2020.04.04-19.31.41:555][  0]LogConfig: Setting CVar [[r.Shadow.CSM.TransitionScale:1.0]]
[2020.04.04-19.31.41:555][  0]LogConfig: Setting CVar [[r.Shadow.PreShadowResolutionFactor:1.0]]
[2020.04.04-19.31.41:555][  0]LogConfig: Setting CVar [[r.DistanceFieldShadowing:1]]
[2020.04.04-19.31.41:555][  0]LogConfig: Setting CVar [[r.DistanceFieldAO:1]]
[2020.04.04-19.31.41:555][  0]LogConfig: Setting CVar [[r.AOQuality:2]]
[2020.04.04-19.31.41:555][  0]LogConfig: Setting CVar [[r.VolumetricFog:1]]
[2020.04.04-19.31.41:555][  0]LogConfig: Setting CVar [[r.VolumetricFog.GridPixelSize:8]]
[2020.04.04-19.31.41:556][  0]LogConfig: Setting CVar [[r.VolumetricFog.GridSizeZ:128]]
[2020.04.04-19.31.41:556][  0]LogConfig: Setting CVar [[r.VolumetricFog.HistoryMissSupersampleCount:4]]
[2020.04.04-19.31.41:556][  0]LogConfig: Setting CVar [[r.LightMaxDrawDistanceScale:1]]
[2020.04.04-19.31.41:556][  0]LogConfig: Setting CVar [[r.CapsuleShadows:1]]
[2020.04.04-19.31.41:556][  0]LogConfig: Applying CVar settings from Section [PostProcessQuality@3] File [C:/Users/SWIZZ_DC/Documents/GitHub/UE4COLLAB-/Code_DM/Saved/Config/Windows/Scalability.ini]
[2020.04.04-19.31.41:556][  0]LogConfig: Setting CVar [[r.MotionBlurQuality:4]]
[2020.04.04-19.31.41:556][  0]LogConfig: Setting CVar [[r.AmbientOcclusionMipLevelFactor:0.4]]
[2020.04.04-19.31.41:557][  0]LogConfig: Setting CVar [[r.AmbientOcclusionMaxQuality:100]]
[2020.04.04-19.31.41:557][  0]LogConfig: Setting CVar [[r.AmbientOcclusionLevels:-1]]
[2020.04.04-19.31.41:557][  0]LogConfig: Setting CVar [[r.AmbientOcclusionRadiusScale:1.0]]
[2020.04.04-19.31.41:557][  0]LogConfig: Setting CVar [[r.DepthOfFieldQuality:2]]
[2020.04.04-19.31.41:557][  0]LogConfig: Setting CVar [[r.RenderTargetPoolMin:400]]
[2020.04.04-19.31.41:558][  0]LogConfig: Setting CVar [[r.LensFlareQuality:2]]
[2020.04.04-19.31.41:558][  0]LogConfig: Setting CVar [[r.SceneColorFringeQuality:1]]
[2020.04.04-19.31.41:558][  0]LogConfig: Setting CVar [[r.EyeAdaptationQuality:2]]
[2020.04.04-19.31.41:558][  0]LogConfig: Setting CVar [[r.BloomQuality:5]]
[2020.04.04-19.31.41:558][  0]LogConfig: Setting CVar [[r.FastBlurThreshold:100]]
[2020.04.04-19.31.41:558][  0]LogConfig: Setting CVar [[r.Upscale.Quality:3]]
[2020.04.04-19.31.41:558][  0]LogConfig: Setting CVar [[r.Tonemapper.GrainQuantization:1]]
[2020.04.04-19.31.41:559][  0]LogConfig: Setting CVar [[r.LightShaftQuality:1]]
[2020.04.04-19.31.41:559][  0]LogConfig: Setting CVar [[r.Filter.SizeScale:1]]
[2020.04.04-19.31.41:559][  0]LogConfig: Setting CVar [[r.Tonemapper.Quality:5]]
[2020.04.04-19.31.41:559][  0]LogConfig: Setting CVar [[r.DOF.Gather.AccumulatorQuality:1        ; higher gathering accumulator quality]]
[2020.04.04-19.31.41:559][  0]LogConfig: Setting CVar [[r.DOF.Gather.PostfilterMethod:1          ; Median3x3 postfilering method]]
[2020.04.04-19.31.41:559][  0]LogConfig: Setting CVar [[r.DOF.Gather.EnableBokehSettings:0       ; no bokeh simulation when gathering]]
[2020.04.04-19.31.41:559][  0]LogConfig: Setting CVar [[r.DOF.Gather.RingCount:4                 ; medium number of samples when gathering]]
[2020.04.04-19.31.41:560][  0]LogConfig: Setting CVar [[r.DOF.Scatter.ForegroundCompositing:1    ; additive foreground scattering]]
[2020.04.04-19.31.41:560][  0]LogConfig: Setting CVar [[r.DOF.Scatter.BackgroundCompositing:2    ; additive background scattering]]
[2020.04.04-19.31.41:560][  0]LogConfig: Setting CVar [[r.DOF.Scatter.EnableBokehSettings:1      ; bokeh simulation when scattering]]
[2020.04.04-19.31.41:560][  0]LogConfig: Setting CVar [[r.DOF.Scatter.MaxSpriteRatio:0.1         ; only a maximum of 10% of scattered bokeh]]
[2020.04.04-19.31.41:560][  0]LogConfig: Setting CVar [[r.DOF.Recombine.Quality:1                ; cheap slight out of focus]]
[2020.04.04-19.31.41:560][  0]LogConfig: Setting CVar [[r.DOF.Recombine.EnableBokehSettings:0    ; no bokeh simulation on slight out of focus]]
[2020.04.04-19.31.41:561][  0]LogConfig: Setting CVar [[r.DOF.TemporalAAQuality:1                ; more stable temporal accumulation]]
[2020.04.04-19.31.41:561][  0]LogConfig: Setting CVar [[r.DOF.Kernel.MaxForegroundRadius:0.025]]
[2020.04.04-19.31.41:561][  0]LogConfig: Setting CVar [[r.DOF.Kernel.MaxBackgroundRadius:0.025]]
[2020.04.04-19.31.41:562][  0]LogConfig: Applying CVar settings from Section [TextureQuality@3] File [C:/Users/SWIZZ_DC/Documents/GitHub/UE4COLLAB-/Code_DM/Saved/Config/Windows/Scalability.ini]
[2020.04.04-19.31.41:562][  0]LogConfig: Setting CVar [[r.Streaming.MipBias:0]]
[2020.04.04-19.31.41:562][  0]LogConfig: Setting CVar [[r.Streaming.AmortizeCPUToGPUCopy:0]]
[2020.04.04-19.31.41:562][  0]LogConfig: Setting CVar [[r.Streaming.MaxNumTexturesToStreamPerFrame:0]]
[2020.04.04-19.31.41:562][  0]LogConfig: Setting CVar [[r.Streaming.Boost:1]]
[2020.04.04-19.31.41:562][  0]LogConfig: Setting CVar [[r.MaxAnisotropy:8]]
[2020.04.04-19.31.41:562][  0]LogConfig: Setting CVar [[r.VT.MaxAnisotropy:8]]
[2020.04.04-19.31.41:563][  0]LogConfig: Setting CVar [[r.Streaming.LimitPoolSizeToVRAM:0]]
[2020.04.04-19.31.41:563][  0]LogConfig: Setting CVar [[r.Streaming.PoolSize:1000]]
[2020.04.04-19.31.41:563][  0]LogConfig: Setting CVar [[r.Streaming.MaxEffectiveScreenSize:0]]
[2020.04.04-19.31.41:563][  0]LogConfig: Applying CVar settings from Section [EffectsQuality@3] File [C:/Users/SWIZZ_DC/Documents/GitHub/UE4COLLAB-/Code_DM/Saved/Config/Windows/Scalability.ini]
[2020.04.04-19.31.41:563][  0]LogConfig: Setting CVar [[r.TranslucencyLightingVolumeDim:64]]
[2020.04.04-19.31.41:563][  0]LogConfig: Setting CVar [[r.RefractionQuality:2]]
[2020.04.04-19.31.41:563][  0]LogConfig: Setting CVar [[r.SSR.Quality:3]]
[2020.04.04-19.31.41:564][  0]LogConfig: Setting CVar [[r.SSR.HalfResSceneColor:0]]
[2020.04.04-19.31.41:564][  0]LogConfig: Setting CVar [[r.SceneColorFormat:4]]
[2020.04.04-19.31.41:564][  0]LogConfig: Setting CVar [[r.DetailMode:2]]
[2020.04.04-19.31.41:564][  0]LogConfig: Setting CVar [[r.TranslucencyVolumeBlur:1]]
[2020.04.04-19.31.41:564][  0]LogConfig: Setting CVar [[r.MaterialQualityLevel:1 ; High quality]]
[2020.04.04-19.31.41:564][  0]LogConfig: Setting CVar [[r.SSS.Scale:1]]
[2020.04.04-19.31.41:564][  0]LogConfig: Setting CVar [[r.SSS.SampleSet:2]]
[2020.04.04-19.31.41:565][  0]LogConfig: Setting CVar [[r.SSS.Quality:1]]
[2020.04.04-19.31.41:565][  0]LogConfig: Setting CVar [[r.SSS.HalfRes:1]]
[2020.04.04-19.31.41:565][  0]LogConfig: Setting CVar [[r.SSGI.Quality:3]]
[2020.04.04-19.31.41:565][  0]LogConfig: Setting CVar [[r.EmitterSpawnRateScale:1.0]]
[2020.04.04-19.31.41:565][  0]LogConfig: Setting CVar [[r.ParticleLightQuality:2]]
[2020.04.04-19.31.41:565][  0]LogConfig: Setting CVar [[r.SkyAtmosphere.AerialPerspectiveLUT.FastApplyOnOpaque:1 ; Always have FastSkyLUT 1 in this case to avoid wrong sky]]
[2020.04.04-19.31.41:565][  0]LogConfig: Setting CVar [[r.SkyAtmosphere.AerialPerspectiveLUT.SampleCountPerSlice:1]]
[2020.04.04-19.31.41:566][  0]LogConfig: Setting CVar [[r.SkyAtmosphere.AerialPerspectiveLUT.DepthResolution:16.0]]
[2020.04.04-19.31.41:566][  0]LogConfig: Setting CVar [[r.SkyAtmosphere.FastSkyLUT:1]]
[2020.04.04-19.31.41:566][  0]LogConfig: Setting CVar [[r.SkyAtmosphere.FastSkyLUT.SampleCountMin:4.0]]
[2020.04.04-19.31.41:566][  0]LogConfig: Setting CVar [[r.SkyAtmosphere.FastSkyLUT.SampleCountMax:32.0]]
[2020.04.04-19.31.41:566][  0]LogConfig: Setting CVar [[r.SkyAtmosphere.SampleCountMin:4.0]]
[2020.04.04-19.31.41:566][  0]LogConfig: Setting CVar [[r.SkyAtmosphere.SampleCountMax:32.0]]
[2020.04.04-19.31.41:566][  0]LogConfig: Setting CVar [[r.SkyAtmosphere.TransmittanceLUT.UseSmallFormat:0]]
[2020.04.04-19.31.41:567][  0]LogConfig: Setting CVar [[r.SkyAtmosphere.TransmittanceLUT.SampleCount:10.0]]
[2020.04.04-19.31.41:567][  0]LogConfig: Setting CVar [[r.SkyAtmosphere.MultiScatteringLUT.SampleCount:15.0]]
[2020.04.04-19.31.41:567][  0]LogConfig: Applying CVar settings from Section [FoliageQuality@3] File [C:/Users/SWIZZ_DC/Documents/GitHub/UE4COLLAB-/Code_DM/Saved/Config/Windows/Scalability.ini]
[2020.04.04-19.31.41:567][  0]LogConfig: Setting CVar [[foliage.DensityScale:1.0]]
[2020.04.04-19.31.41:567][  0]LogConfig: Setting CVar [[grass.DensityScale:1.0]]
[2020.04.04-19.31.41:567][  0]LogConfig: Applying CVar settings from Section [ShadingQuality@3] File [C:/Users/SWIZZ_DC/Documents/GitHub/UE4COLLAB-/Code_DM/Saved/Config/Windows/Scalability.ini]
[2020.04.04-19.31.41:567][  0]LogConfig: Setting CVar [[r.HairStrands.SkyLighting.SampleCount:16]]
[2020.04.04-19.31.41:568][  0]LogConfig: Setting CVar [[r.HairStrands.SkyLighting.JitterIntegration:0]]
[2020.04.04-19.31.41:568][  0]LogConfig: Setting CVar [[r.HairStrands.SkyAO.SampleCount:16]]
[2020.04.04-19.31.41:568][  0]LogInit: Selected Device Profile: [Windows]
[2020.04.04-19.31.41:569][  0]LogInit: Applying CVar settings loaded from the selected device profile: [Windows]
[2020.04.04-19.31.41:603][  0]LogHAL: Display: Platform has ~ 8 GB [8208637952 / 8589934592 / 8], which maps to Default [LargestMinGB=32, LargerMinGB=12, DefaultMinGB=8, SmallerMinGB=6, SmallestMinGB=0)
[2020.04.04-19.31.41:603][  0]LogInit: Going up to parent DeviceProfile []
[2020.04.04-19.31.41:604][  0]LogConfig: Applying CVar settings from Section [ViewDistanceQuality@3] File [C:/Users/SWIZZ_DC/Documents/GitHub/UE4COLLAB-/Code_DM/Saved/Config/Windows/Scalability.ini]
[2020.04.04-19.31.41:604][  0]LogConfig: Setting CVar [[r.SkeletalMeshLODBias:0]]
[2020.04.04-19.31.41:604][  0]LogConfig: Setting CVar [[r.ViewDistanceScale:1.0]]
[2020.04.04-19.31.41:604][  0]LogConfig: Applying CVar settings from Section [AntiAliasingQuality@3] File [C:/Users/SWIZZ_DC/Documents/GitHub/UE4COLLAB-/Code_DM/Saved/Config/Windows/Scalability.ini]
[2020.04.04-19.31.41:605][  0]LogConfig: Setting CVar [[r.PostProcessAAQuality:4]]
[2020.04.04-19.31.41:605][  0]LogConfig: Applying CVar settings from Section [ShadowQuality@3] File [C:/Users/SWIZZ_DC/Documents/GitHub/UE4COLLAB-/Code_DM/Saved/Config/Windows/Scalability.ini]
[2020.04.04-19.31.41:605][  0]LogConfig: Setting CVar [[r.LightFunctionQuality:1]]
[2020.04.04-19.31.41:605][  0]LogConfig: Setting CVar [[r.ShadowQuality:5]]
[2020.04.04-19.31.41:606][  0]LogConfig: Setting CVar [[r.Shadow.CSM.MaxCascades:10]]
[2020.04.04-19.31.41:606][  0]LogConfig: Setting CVar [[r.Shadow.MaxResolution:2048]]
[2020.04.04-19.31.41:606][  0]LogConfig: Setting CVar [[r.Shadow.MaxCSMResolution:2048]]
[2020.04.04-19.31.41:606][  0]LogConfig: Setting CVar [[r.Shadow.RadiusThreshold:0.01]]
[2020.04.04-19.31.41:606][  0]LogConfig: Setting CVar [[r.Shadow.DistanceScale:1.0]]
[2020.04.04-19.31.41:607][  0]LogConfig: Setting CVar [[r.Shadow.CSM.TransitionScale:1.0]]
[2020.04.04-19.31.41:607][  0]LogConfig: Setting CVar [[r.Shadow.PreShadowResolutionFactor:1.0]]
[2020.04.04-19.31.41:607][  0]LogConfig: Setting CVar [[r.DistanceFieldShadowing:1]]
[2020.04.04-19.31.41:607][  0]LogConfig: Setting CVar [[r.DistanceFieldAO:1]]
[2020.04.04-19.31.41:607][  0]LogConfig: Setting CVar [[r.AOQuality:2]]
[2020.04.04-19.31.41:608][  0]LogConfig: Setting CVar [[r.VolumetricFog:1]]
[2020.04.04-19.31.41:608][  0]LogConfig: Setting CVar [[r.VolumetricFog.GridPixelSize:8]]
[2020.04.04-19.31.41:608][  0]LogConfig: Setting CVar [[r.VolumetricFog.GridSizeZ:128]]
[2020.04.04-19.31.41:608][  0]LogConfig: Setting CVar [[r.VolumetricFog.HistoryMissSupersampleCount:4]]
[2020.04.04-19.31.41:608][  0]LogConfig: Setting CVar [[r.LightMaxDrawDistanceScale:1]]
[2020.04.04-19.31.41:609][  0]LogConfig: Setting CVar [[r.CapsuleShadows:1]]
[2020.04.04-19.31.41:609][  0]LogConfig: Applying CVar settings from Section [PostProcessQuality@3] File [C:/Users/SWIZZ_DC/Documents/GitHub/UE4COLLAB-/Code_DM/Saved/Config/Windows/Scalability.ini]
[2020.04.04-19.31.41:609][  0]LogConfig: Setting CVar [[r.MotionBlurQuality:4]]
[2020.04.04-19.31.41:609][  0]LogConfig: Setting CVar [[r.AmbientOcclusionMipLevelFactor:0.4]]
[2020.04.04-19.31.41:609][  0]LogConfig: Setting CVar [[r.AmbientOcclusionMaxQuality:100]]
[2020.04.04-19.31.41:610][  0]LogConfig: Setting CVar [[r.AmbientOcclusionLevels:-1]]
[2020.04.04-19.31.41:611][  0]LogConfig: Setting CVar [[r.AmbientOcclusionRadiusScale:1.0]]
[2020.04.04-19.31.41:611][  0]LogConfig: Setting CVar [[r.DepthOfFieldQuality:2]]
[2020.04.04-19.31.41:611][  0]LogConfig: Setting CVar [[r.RenderTargetPoolMin:400]]
[2020.04.04-19.31.41:611][  0]LogConfig: Setting CVar [[r.LensFlareQuality:2]]
[2020.04.04-19.31.41:611][  0]LogConfig: Setting CVar [[r.SceneColorFringeQuality:1]]
[2020.04.04-19.31.41:612][  0]LogConfig: Setting CVar [[r.EyeAdaptationQuality:2]]
[2020.04.04-19.31.41:612][  0]LogConfig: Setting CVar [[r.BloomQuality:5]]
[2020.04.04-19.31.41:612][  0]LogConfig: Setting CVar [[r.FastBlurThreshold:100]]
[2020.04.04-19.31.41:612][  0]LogConfig: Setting CVar [[r.Upscale.Quality:3]]
[2020.04.04-19.31.41:612][  0]LogConfig: Setting CVar [[r.Tonemapper.GrainQuantization:1]]
[2020.04.04-19.31.41:613][  0]LogConfig: Setting CVar [[r.LightShaftQuality:1]]
[2020.04.04-19.31.41:613][  0]LogConfig: Setting CVar [[r.Filter.SizeScale:1]]
[2020.04.04-19.31.41:613][  0]LogConfig: Setting CVar [[r.Tonemapper.Quality:5]]
[2020.04.04-19.31.41:613][  0]LogConfig: Setting CVar [[r.DOF.Gather.AccumulatorQuality:1        ; higher gathering accumulator quality]]
[2020.04.04-19.31.41:613][  0]LogConfig: Setting CVar [[r.DOF.Gather.PostfilterMethod:1          ; Median3x3 postfilering method]]
[2020.04.04-19.31.41:614][  0]LogConfig: Setting CVar [[r.DOF.Gather.EnableBokehSettings:0       ; no bokeh simulation when gathering]]
[2020.04.04-19.31.41:614][  0]LogConfig: Setting CVar [[r.DOF.Gather.RingCount:4                 ; medium number of samples when gathering]]
[2020.04.04-19.31.41:614][  0]LogConfig: Setting CVar [[r.DOF.Scatter.ForegroundCompositing:1    ; additive foreground scattering]]
[2020.04.04-19.31.41:614][  0]LogConfig: Setting CVar [[r.DOF.Scatter.BackgroundCompositing:2    ; additive background scattering]]
[2020.04.04-19.31.41:615][  0]LogConfig: Setting CVar [[r.DOF.Scatter.EnableBokehSettings:1      ; bokeh simulation when scattering]]
[2020.04.04-19.31.41:615][  0]LogConfig: Setting CVar [[r.DOF.Scatter.MaxSpriteRatio:0.1         ; only a maximum of 10% of scattered bokeh]]
[2020.04.04-19.31.41:615][  0]LogConfig: Setting CVar [[r.DOF.Recombine.Quality:1                ; cheap slight out of focus]]
[2020.04.04-19.31.41:615][  0]LogConfig: Setting CVar [[r.DOF.Recombine.EnableBokehSettings:0    ; no bokeh simulation on slight out of focus]]
[2020.04.04-19.31.41:615][  0]LogConfig: Setting CVar [[r.DOF.TemporalAAQuality:1                ; more stable temporal accumulation]]
[2020.04.04-19.31.41:616][  0]LogConfig: Setting CVar [[r.DOF.Kernel.MaxForegroundRadius:0.025]]
[2020.04.04-19.31.41:616][  0]LogConfig: Setting CVar [[r.DOF.Kernel.MaxBackgroundRadius:0.025]]
[2020.04.04-19.31.41:616][  0]LogConfig: Applying CVar settings from Section [TextureQuality@3] File [C:/Users/SWIZZ_DC/Documents/GitHub/UE4COLLAB-/Code_DM/Saved/Config/Windows/Scalability.ini]
[2020.04.04-19.31.41:616][  0]LogConfig: Setting CVar [[r.Streaming.MipBias:0]]
[2020.04.04-19.31.41:617][  0]LogConfig: Setting CVar [[r.Streaming.AmortizeCPUToGPUCopy:0]]
[2020.04.04-19.31.41:617][  0]LogConfig: Setting CVar [[r.Streaming.MaxNumTexturesToStreamPerFrame:0]]
[2020.04.04-19.31.41:617][  0]LogConfig: Setting CVar [[r.Streaming.Boost:1]]
[2020.04.04-19.31.41:617][  0]LogConfig: Setting CVar [[r.MaxAnisotropy:8]]
[2020.04.04-19.31.41:617][  0]LogConfig: Setting CVar [[r.VT.MaxAnisotropy:8]]
[2020.04.04-19.31.41:618][  0]LogConfig: Setting CVar [[r.Streaming.LimitPoolSizeToVRAM:0]]
[2020.04.04-19.31.41:618][  0]LogConfig: Setting CVar [[r.Streaming.PoolSize:1000]]
[2020.04.04-19.31.41:618][  0]LogConfig: Setting CVar [[r.Streaming.MaxEffectiveScreenSize:0]]
[2020.04.04-19.31.41:618][  0]LogConfig: Applying CVar settings from Section [EffectsQuality@3] File [C:/Users/SWIZZ_DC/Documents/GitHub/UE4COLLAB-/Code_DM/Saved/Config/Windows/Scalability.ini]
[2020.04.04-19.31.41:619][  0]LogConfig: Setting CVar [[r.TranslucencyLightingVolumeDim:64]]
[2020.04.04-19.31.41:619][  0]LogConfig: Setting CVar [[r.RefractionQuality:2]]
[2020.04.04-19.31.41:619][  0]LogConfig: Setting CVar [[r.SSR.Quality:3]]
[2020.04.04-19.31.41:619][  0]LogConfig: Setting CVar [[r.SSR.HalfResSceneColor:0]]
[2020.04.04-19.31.41:619][  0]LogConfig: Setting CVar [[r.SceneColorFormat:4]]
[2020.04.04-19.31.41:619][  0]LogConfig: Setting CVar [[r.DetailMode:2]]
[2020.04.04-19.31.41:620][  0]LogConfig: Setting CVar [[r.TranslucencyVolumeBlur:1]]
[2020.04.04-19.31.41:620][  0]LogConfig: Setting CVar [[r.MaterialQualityLevel:1 ; High quality]]
[2020.04.04-19.31.41:620][  0]LogConfig: Setting CVar [[r.SSS.Scale:1]]
[2020.04.04-19.31.41:620][  0]LogConfig: Setting CVar [[r.SSS.SampleSet:2]]
[2020.04.04-19.31.41:620][  0]LogConfig: Setting CVar [[r.SSS.Quality:1]]
[2020.04.04-19.31.41:621][  0]LogConfig: Setting CVar [[r.SSS.HalfRes:1]]
[2020.04.04-19.31.41:621][  0]LogConfig: Setting CVar [[r.SSGI.Quality:3]]
[2020.04.04-19.31.41:621][  0]LogConfig: Setting CVar [[r.EmitterSpawnRateScale:1.0]]
[2020.04.04-19.31.41:621][  0]LogConfig: Setting CVar [[r.ParticleLightQuality:2]]
[2020.04.04-19.31.41:621][  0]LogConfig: Setting CVar [[r.SkyAtmosphere.AerialPerspectiveLUT.FastApplyOnOpaque:1 ; Always have FastSkyLUT 1 in this case to avoid wrong sky]]
[2020.04.04-19.31.41:622][  0]LogConfig: Setting CVar [[r.SkyAtmosphere.AerialPerspectiveLUT.SampleCountPerSlice:1]]
[2020.04.04-19.31.41:622][  0]LogConfig: Setting CVar [[r.SkyAtmosphere.AerialPerspectiveLUT.DepthResolution:16.0]]
[2020.04.04-19.31.41:622][  0]LogConfig: Setting CVar [[r.SkyAtmosphere.FastSkyLUT:1]]
[2020.04.04-19.31.41:622][  0]LogConfig: Setting CVar [[r.SkyAtmosphere.FastSkyLUT.SampleCountMin:4.0]]
[2020.04.04-19.31.41:622][  0]LogConfig: Setting CVar [[r.SkyAtmosphere.FastSkyLUT.SampleCountMax:32.0]]
[2020.04.04-19.31.41:623][  0]LogConfig: Setting CVar [[r.SkyAtmosphere.SampleCountMin:4.0]]
[2020.04.04-19.31.41:623][  0]LogConfig: Setting CVar [[r.SkyAtmosphere.SampleCountMax:32.0]]
[2020.04.04-19.31.41:623][  0]LogConfig: Setting CVar [[r.SkyAtmosphere.TransmittanceLUT.UseSmallFormat:0]]
[2020.04.04-19.31.41:623][  0]LogConfig: Setting CVar [[r.SkyAtmosphere.TransmittanceLUT.SampleCount:10.0]]
[2020.04.04-19.31.41:624][  0]LogConfig: Setting CVar [[r.SkyAtmosphere.MultiScatteringLUT.SampleCount:15.0]]
[2020.04.04-19.31.41:624][  0]LogConfig: Applying CVar settings from Section [FoliageQuality@3] File [C:/Users/SWIZZ_DC/Documents/GitHub/UE4COLLAB-/Code_DM/Saved/Config/Windows/Scalability.ini]
[2020.04.04-19.31.41:624][  0]LogConfig: Setting CVar [[foliage.DensityScale:1.0]]
[2020.04.04-19.31.41:624][  0]LogConfig: Setting CVar [[grass.DensityScale:1.0]]
[2020.04.04-19.31.41:624][  0]LogConfig: Applying CVar settings from Section [ShadingQuality@3] File [C:/Users/SWIZZ_DC/Documents/GitHub/UE4COLLAB-/Code_DM/Saved/Config/Windows/Scalability.ini]
[2020.04.04-19.31.41:625][  0]LogConfig: Setting CVar [[r.HairStrands.SkyLighting.SampleCount:16]]
[2020.04.04-19.31.41:625][  0]LogConfig: Setting CVar [[r.HairStrands.SkyLighting.JitterIntegration:0]]
[2020.04.04-19.31.41:625][  0]LogConfig: Setting CVar [[r.HairStrands.SkyAO.SampleCount:16]]
[2020.04.04-19.31.41:625][  0]LogConfig: Applying CVar settings from Section [Startup] File [../../../Engine/Config/ConsoleVariables.ini]
[2020.04.04-19.31.41:629][  0]LogConfig: Setting CVar [[net.UseAdaptiveNetUpdateFrequency:0]]
[2020.04.04-19.31.41:629][  0]LogConfig: Setting CVar [[p.chaos.AllowCreatePhysxBodies:1]]
[2020.04.04-19.31.41:630][  0]LogConfig: Applying CVar settings from Section [ConsoleVariables] File [C:/Users/SWIZZ_DC/Documents/GitHub/UE4COLLAB-/Code_DM/Saved/Config/Windows/Engine.ini]
[2020.04.04-19.31.41:631][  0]LogInit: Computer: DESKTOP-V65GGMP
[2020.04.04-19.31.41:631][  0]LogInit: User: SWIZZDC
[2020.04.04-19.31.41:631][  0]LogInit: CPU Page size=4096, Cores=4
[2020.04.04-19.31.41:631][  0]LogInit: High frequency timer resolution =10.000000 MHz
[2020.04.04-19.31.41:633][  0]LogMemory: Memory total: Physical=7.6GB (8GB approx)
[2020.04.04-19.31.41:634][  0]LogMemory: Platform Memory Stats for Windows
[2020.04.04-19.31.41:634][  0]LogMemory: Process Physical Memory: 105.26 MB used, 105.26 MB peak
[2020.04.04-19.31.41:634][  0]LogMemory: Process Virtual Memory: 100.43 MB used, 100.43 MB peak
[2020.04.04-19.31.41:634][  0]LogMemory: Physical Memory: 3604.53 MB used,  4223.84 MB free, 7828.37 MB total
[2020.04.04-19.31.41:635][  0]LogMemory: Virtual Memory: 5137.60 MB used,  134212592.00 MB free, 134217728.00 MB total
[2020.04.04-19.31.41:657][  0]LogWindows: WindowsPlatformFeatures enabled
[2020.04.04-19.31.41:833][  0]LogInit: Using OS detected language (en-US).
[2020.04.04-19.31.41:833][  0]LogInit: Using OS detected locale (en-US).
[2020.04.04-19.31.41:846][  0]LogTextLocalizationManager: No specific localization for 'en-US' exists, so the 'en' localization will be used.
[2020.04.04-19.31.43:566][  0]LogInit: Setting process to per monitor DPI aware
[2020.04.04-19.31.43:809][  0]LogSlate: New Slate User Created.  User Index 0, Is Virtual User: 0
[2020.04.04-19.31.43:809][  0]LogSlate: Slate User Registered.  User Index 0, Is Virtual User: 0
[2020.04.04-19.31.45:549][  0]LogHMD: Failed to initialize OpenVR with code 110
[2020.04.04-19.31.45:549][  0]LogD3D11RHI: D3D11 min allowed feature level: 11_0
[2020.04.04-19.31.45:549][  0]LogD3D11RHI: D3D11 max allowed feature level: 11_0
[2020.04.04-19.31.45:549][  0]LogD3D11RHI: D3D11 adapters:
[2020.04.04-19.31.45:769][  0]LogD3D11RHI:    0. 'AMD Radeon(TM) Vega 8 Graphics' (Feature Level 11_0)
[2020.04.04-19.31.45:769][  0]LogD3D11RHI:       240/0/3914 MB DedicatedVideo/DedicatedSystem/SharedSystem, Outputs:1, VendorId:0x1002
[2020.04.04-19.31.45:791][  0]LogD3D11RHI:    1. 'Microsoft Basic Render Driver' (Feature Level 11_0)
[2020.04.04-19.31.45:792][  0]LogD3D11RHI:       0/0/3914 MB DedicatedVideo/DedicatedSystem/SharedSystem, Outputs:0, VendorId:0x1414
[2020.04.04-19.31.45:792][  0]LogD3D11RHI: Chosen D3D11 Adapter: 0
[2020.04.04-19.31.45:836][  0]LogD3D11RHI: Creating new Direct3DDevice
[2020.04.04-19.31.45:837][  0]LogD3D11RHI:     GPU DeviceId: 0x15dd (for the marketing name, search the web for "GPU Device Id")
[2020.04.04-19.31.45:837][  0]LogWindows: EnumDisplayDevices:
[2020.04.04-19.31.45:839][  0]LogWindows:    0. 'AMD Radeon(TM) Vega 8 Graphics' (P:1 D:1)
[2020.04.04-19.31.45:842][  0]LogWindows:    1. 'AMD Radeon(TM) Vega 8 Graphics' (P:0 D:0)
[2020.04.04-19.31.45:847][  0]LogWindows:    2. 'AMD Radeon(TM) Vega 8 Graphics' (P:0 D:0)
[2020.04.04-19.31.45:851][  0]LogWindows:    3. 'AMD Radeon(TM) Vega 8 Graphics' (P:0 D:0)
[2020.04.04-19.31.45:855][  0]LogWindows:    4. 'AMD Radeon(TM) Vega 8 Graphics' (P:0 D:0)
[2020.04.04-19.31.45:861][  0]LogWindows:    5. 'AMD Radeon(TM) Vega 8 Graphics' (P:0 D:0)
[2020.04.04-19.31.45:864][  0]LogWindows: DebugString: FoundDriverCount:6 
[2020.04.04-19.31.45:865][  0]LogD3D11RHI:     Adapter Name: AMD Radeon(TM) Vega 8 Graphics
[2020.04.04-19.31.45:865][  0]LogD3D11RHI:   Driver Version: Adrenalin 2019 19.11.2 (internal:26.20.13031.15006, unified:26.20.13031.15006)
[2020.04.04-19.31.45:865][  0]LogD3D11RHI:      Driver Date: 11-12-2019
[2020.04.04-19.31.45:865][  0]LogRHI: Texture pool is 168 MB (70% of 240 MB)
[2020.04.04-19.31.46:265][  0]LogD3D11RHI: RHI does not have support for 64 bit atomics
[2020.04.04-19.31.46:265][  0]LogD3D11RHI: Async texture creation enabled
[2020.04.04-19.31.46:326][  0]LogD3D11RHI: GPU Timing Frequency: 25.000000 (Debug: 2 1)
[2020.04.04-19.31.49:279][  0]LogTargetPlatformManager: Display: Loaded TargetPlatform 'AllDesktop'
[2020.04.04-19.31.49:604][  0]LogTargetPlatformManager: Display: Loaded TargetPlatform 'Android'
[2020.04.04-19.31.49:605][  0]LogTargetPlatformManager: Display: Loaded TargetPlatform 'Android_ASTC'
[2020.04.04-19.31.49:605][  0]LogTargetPlatformManager: Display: Loaded TargetPlatform 'Android_ATC'
[2020.04.04-19.31.49:605][  0]LogTargetPlatformManager: Display: Loaded TargetPlatform 'Android_DXT'
[2020.04.04-19.31.49:605][  0]LogTargetPlatformManager: Display: Loaded TargetPlatform 'Android_ETC1'
[2020.04.04-19.31.49:605][  0]LogTargetPlatformManager: Display: Loaded TargetPlatform 'Android_ETC1a'
[2020.04.04-19.31.49:605][  0]LogTargetPlatformManager: Display: Loaded TargetPlatform 'Android_ETC2'
[2020.04.04-19.31.49:605][  0]LogTargetPlatformManager: Display: Loaded TargetPlatform 'Android_PVRTC'
[2020.04.04-19.31.49:606][  0]LogTargetPlatformManager: Display: Loaded TargetPlatform 'AndroidClient'
[2020.04.04-19.31.49:606][  0]LogTargetPlatformManager: Display: Loaded TargetPlatform 'Android_ASTCClient'
[2020.04.04-19.31.49:606][  0]LogTargetPlatformManager: Display: Loaded TargetPlatform 'Android_ATCClient'
[2020.04.04-19.31.49:606][  0]LogTargetPlatformManager: Display: Loaded TargetPlatform 'Android_DXTClient'
[2020.04.04-19.31.49:606][  0]LogTargetPlatformManager: Display: Loaded TargetPlatform 'Android_ETC1Client'
[2020.04.04-19.31.49:606][  0]LogTargetPlatformManager: Display: Loaded TargetPlatform 'Android_ETC1aClient'
[2020.04.04-19.31.49:606][  0]LogTargetPlatformManager: Display: Loaded TargetPlatform 'Android_ETC2Client'
[2020.04.04-19.31.49:607][  0]LogTargetPlatformManager: Display: Loaded TargetPlatform 'Android_PVRTCClient'
[2020.04.04-19.31.49:607][  0]LogTargetPlatformManager: Display: Loaded TargetPlatform 'Android_Multi'
[2020.04.04-19.31.49:607][  0]LogTargetPlatformManager: Display: Loaded TargetPlatform 'Android_MultiClient'
[2020.04.04-19.31.49:794][  0]LogTargetPlatformManager: Display: Loaded TargetPlatform 'IOSClient'
[2020.04.04-19.31.49:794][  0]LogTargetPlatformManager: Display: Loaded TargetPlatform 'IOS'
[2020.04.04-19.31.49:867][  0]LogTargetPlatformManager: Display: Loaded TargetPlatform 'LinuxNoEditor'
[2020.04.04-19.31.49:936][  0]LogTargetPlatformManager: Display: Loaded TargetPlatform 'LinuxClient'
[2020.04.04-19.31.50:006][  0]LogTargetPlatformManager: Display: Loaded TargetPlatform 'LinuxServer'
[2020.04.04-19.31.50:077][  0]LogTargetPlatformManager: Display: Loaded TargetPlatform 'LinuxAArch64NoEditor'
[2020.04.04-19.31.50:153][  0]LogTargetPlatformManager: Display: Loaded TargetPlatform 'LinuxAArch64Client'
[2020.04.04-19.31.50:226][  0]LogTargetPlatformManager: Display: Loaded TargetPlatform 'LinuxAArch64Server'
[2020.04.04-19.31.50:478][  0]LogTargetPlatformManager: Display: Loaded TargetPlatform 'Lumin'
[2020.04.04-19.31.50:478][  0]LogTargetPlatformManager: Display: Loaded TargetPlatform 'LuminClient'
[2020.04.04-19.31.50:616][  0]LogTargetPlatformManager: Display: Loaded TargetPlatform 'TVOSClient'
[2020.04.04-19.31.50:616][  0]LogTargetPlatformManager: Display: Loaded TargetPlatform 'TVOS'
[2020.04.04-19.31.50:687][  0]LogTargetPlatformManager: Display: Loaded TargetPlatform 'WindowsNoEditor'
[2020.04.04-19.31.50:760][  0]LogTargetPlatformManager: Display: Loaded TargetPlatform 'Windows'
[2020.04.04-19.31.50:831][  0]LogTargetPlatformManager: Display: Loaded TargetPlatform 'WindowsClient'
[2020.04.04-19.31.50:903][  0]LogTargetPlatformManager: Display: Loaded TargetPlatform 'WindowsServer'
[2020.04.04-19.31.50:904][  0]LogTargetPlatformManager: Display: Building Assets For Windows
[2020.04.04-19.31.50:932][  0]LogAudioDebug: Display: Lib vorbis DLL was dynamically loaded.
[2020.04.04-19.31.51:160][  0]LogShaderCompilers: Guid format shader working directory is -19 characters bigger than the processId version (../../../../../../Users/SWIZZ_DC/Documents/GitHub/UE4COLLAB-/Code_DM/Intermediate/Shaders/WorkingDirectory/9300/).
[2020.04.04-19.31.51:162][  0]LogShaderCompilers: Cleaned the shader compiler working directory 'C:/Users/SWIZZ_DC/AppData/Local/Temp/UnrealShaderWorkingDir/E6BA3627410EFAFFB6ECD397292FFA48/'.
[2020.04.04-19.31.51:166][  0]LogXGEController: Cannot use XGE Controller as Incredibuild is not installed on this machine.
[2020.04.04-19.31.51:167][  0]LogShaderCompilers: Cannot use XGE Shader Compiler as Incredibuild is not installed on this machine.
[2020.04.04-19.31.51:167][  0]LogShaderCompilers: Display: Using Local Shader Compiler.
[2020.04.04-19.31.58:106][  0]LogDerivedDataCache: Display: Max Cache Size: 512 MB
[2020.04.04-19.31.58:450][  0]LogDerivedDataCache: Loaded boot cache 0.34s 78MB C:/Users/SWIZZ_DC/AppData/Local/UnrealEngine/4.24/DerivedDataCache/Boot.ddc.
[2020.04.04-19.31.58:450][  0]LogDerivedDataCache: Display: Loaded Boot cache: C:/Users/SWIZZ_DC/AppData/Local/UnrealEngine/4.24/DerivedDataCache/Boot.ddc
[2020.04.04-19.31.58:451][  0]LogDerivedDataCache: FDerivedDataBackendGraph:  Pak pak cache file ../../../../../../Users/SWIZZ_DC/Documents/GitHub/UE4COLLAB-/Code_DM/DerivedDataCache/DDC.ddp not found, will not use a pak cache.
[2020.04.04-19.31.58:451][  0]LogDerivedDataCache: Unable to find inner node Pak for hierarchical cache Hierarchy.
[2020.04.04-19.31.58:452][  0]LogDerivedDataCache: FDerivedDataBackendGraph:  CompressedPak pak cache file ../../../../../../Users/SWIZZ_DC/Documents/GitHub/UE4COLLAB-/Code_DM/DerivedDataCache/Compressed.ddp not found, will not use a pak cache.
[2020.04.04-19.31.58:452][  0]LogDerivedDataCache: Unable to find inner node CompressedPak for hierarchical cache Hierarchy.
[2020.04.04-19.31.58:548][  0]LogDerivedDataCache: Display: Pak cache opened for reading ../../../Engine/DerivedDataCache/Compressed.ddp.
[2020.04.04-19.31.58:549][  0]LogDerivedDataCache: FDerivedDataBackendGraph:  EnterprisePak pak cache file ../../../Enterprise/DerivedDataCache/Compressed.ddp not found, will not use a pak cache.
[2020.04.04-19.31.58:549][  0]LogDerivedDataCache: Unable to find inner node EnterprisePak for hierarchical cache Hierarchy.
[2020.04.04-19.31.58:558][  0]LogDerivedDataCache: Using Local data cache path C:/Users/SWIZZ_DC/AppData/Local/UnrealEngine/Common/DerivedDataCache: Writable
[2020.04.04-19.31.58:559][  0]LogDerivedDataCache: Shared data cache path not found in *engine.ini, will not use an Shared cache.
[2020.04.04-19.31.58:559][  0]LogDerivedDataCache: Unable to find inner node Shared for hierarchical cache Hierarchy.
[2020.04.04-19.31.58:799][  0]LogMaterial: Verifying Global Shaders for PCD3D_SM5
[2020.04.04-19.31.58:829][  0]LogSlate: Using FreeType 2.10.0
[2020.04.04-19.31.58:833][  0]LogSlate: SlateFontServices - WITH_FREETYPE: 1, WITH_HARFBUZZ: 1
[2020.04.04-19.31.59:464][  0]LogAssetRegistry: FAssetRegistry took 0.0365 seconds to start up
[2020.04.04-19.32.03:302][  0]LogInit: Selected Device Profile: [Windows]
[2020.04.04-19.32.04:892][  0]LogMeshReduction: Using QuadricMeshReduction for automatic static mesh reduction
[2020.04.04-19.32.04:892][  0]LogMeshReduction: Using SimplygonMeshReduction for automatic skeletal mesh reduction
[2020.04.04-19.32.04:892][  0]LogMeshReduction: Using ProxyLODMeshReduction for automatic mesh merging
[2020.04.04-19.32.04:892][  0]LogMeshReduction: No distributed automatic mesh merging module available
[2020.04.04-19.32.04:893][  0]LogMeshMerging: No distributed automatic mesh merging module available
[2020.04.04-19.32.05:013][  0]LogNetVersion: Code_DM 1.0.0, NetCL: 10570792, EngineNetVer: 13, GameNetVer: 0 (Checksum: 1792905491)
[2020.04.04-19.32.17:712][  0]LogPackageLocalizationCache: Processed 10 localized package path(s) for 1 prioritized culture(s) in 0.595450 seconds
[2020.04.04-19.32.17:786][  0]LogUObjectArray: 46750 objects as part of root set at end of initial load.
[2020.04.04-19.32.17:786][  0]LogUObjectAllocator: 8137160 out of 0 bytes used by permanent object pool.
[2020.04.04-19.32.17:786][  0]LogUObjectArray: CloseDisregardForGC: 0/0 objects in disregard for GC pool
[2020.04.04-19.32.23:192][  0]LogTcpMessaging: Initializing TcpMessaging bridge
[2020.04.04-19.32.23:222][  0]LogUdpMessaging: Initializing bridge on interface 0.0.0.0:0 to multicast group 230.0.0.1:6666.
[2020.04.04-19.32.23:794][  0]SourceControl: Source control is disabled
[2020.04.04-19.32.23:795][  0]SourceControl: Source control is disabled
[2020.04.04-19.32.23:808][  0]SourceControl: Source control is disabled
[2020.04.04-19.32.23:818][  0]SourceControl: Source control is disabled
[2020.04.04-19.32.23:826][  0]SourceControl: Source control is disabled
[2020.04.04-19.32.23:894][  0]LogVSAccessor: Display: Unable to create Visual Studio setup instance: 80040154
[2020.04.04-19.32.23:899][  0]LogVSAccessor: Display: Unable to create Visual Studio setup instance: 80040154
[2020.04.04-19.32.24:732][  0]LogAndroidPermission: UAndroidPermissionCallbackProxy::GetInstance
[2020.04.04-19.32.24:839][  0]LogAudioCaptureCore: Display: No Audio Capture implementations found. Audio input will be silent.
[2020.04.04-19.32.24:839][  0]LogAudioCaptureCore: Display: No Audio Capture implementations found. Audio input will be silent.
[2020.04.04-19.32.25:900][  0]LogOcInput: OculusInput pre-init called
[2020.04.04-19.32.25:975][  0]LogWindows: Failed to load 'OVRPlugin.dll' (GetLastError=126)
[2020.04.04-19.32.25:976][  0]LogWindows: File 'OVRPlugin.dll' does not exist
[2020.04.04-19.32.26:871][  0]LogEngine: Initializing Engine...
[2020.04.04-19.32.26:879][  0]LogHMD: Failed to initialize OpenVR with code 110
[2020.04.04-19.32.26:890][  0]LogStats: UGameplayTagsManager::InitializeManager -  0.002 s
[2020.04.04-19.32.31:171][  0]LogInit: Initializing FReadOnlyCVARCache
[2020.04.04-19.32.31:260][  0]LogAIModule: Creating AISystem for world Untitled
[2020.04.04-19.32.31:280][  0]LogAudioMixer: Display: Audio Mixer Platform Settings:
[2020.04.04-19.32.31:281][  0]LogAudioMixer: Display: 	Sample Rate:						  48000
[2020.04.04-19.32.31:282][  0]LogAudioMixer: Display: 	Callback Buffer Frame Size Requested: 1024
[2020.04.04-19.32.31:282][  0]LogAudioMixer: Display: 	Callback Buffer Frame Size To Use:	  1024
[2020.04.04-19.32.31:282][  0]LogAudioMixer: Display: 	Number of buffers to queue:			  2
[2020.04.04-19.32.31:282][  0]LogAudioMixer: Display: 	Max Channels (voices):				  32
[2020.04.04-19.32.31:282][  0]LogAudioMixer: Display: 	Number of Async Source Workers:		  0
[2020.04.04-19.32.31:283][  0]LogAudio: Display: AudioDevice MaxSources: 32
[2020.04.04-19.32.31:286][  0]LogAudio: Display: Using built-in audio occlusion.
[2020.04.04-19.32.31:286][  0]LogAudioMixer: Display: Initializing audio mixer.
[2020.04.04-19.32.31:476][  0]LogAudioMixer: Display: Audio Device Output Speaker Info:
[2020.04.04-19.32.31:476][  0]LogAudioMixer: Display: Name: 1 - NS-19E310A13 (2- AMD High Definition Audio Device)
[2020.04.04-19.32.31:476][  0]LogAudioMixer: Display: Is Default: Yes
[2020.04.04-19.32.31:476][  0]LogAudioMixer: Display: Sample Rate: 48000
[2020.04.04-19.32.31:477][  0]LogAudioMixer: Display: Channel Count Used: 2
[2020.04.04-19.32.31:477][  0]LogAudioMixer: Display: Device Channel Count: 2
[2020.04.04-19.32.31:477][  0]LogAudioMixer: Display: Channel Order:
[2020.04.04-19.32.31:477][  0]LogAudioMixer: Display: 0: FrontLeft
[2020.04.04-19.32.31:477][  0]LogAudioMixer: Display: 1: FrontRight
[2020.04.04-19.32.31:807][  0]LogAudioMixer: Display: Using Audio Device 1 - NS-19E310A13 (2- AMD High Definition Audio Device)
[2020.04.04-19.32.31:854][  0]LogInit: FAudioDevice initialized.
[2020.04.04-19.32.31:857][  0]LogNetVersion: Set ProjectVersion to 1.0.0.0. Version Checksum will be recalculated on next use.
[2020.04.04-19.32.32:401][  0]LogDerivedDataCache: Saved boot cache 0.54s 78MB C:/Users/SWIZZ_DC/AppData/Local/UnrealEngine/4.24/DerivedDataCache/Boot.ddc.
[2020.04.04-19.32.32:445][  0]LogInit: Texture streaming: Enabled
[2020.04.04-19.32.32:528][  0]LogEngineSessionManager: EngineSessionManager initialized
[2020.04.04-19.32.32:528][  0]LogEditorSessionSummary: Verbose: Initializing EditorSessionSummaryWriter for editor session tracking
[2020.04.04-19.32.32:549][  0]LogEditorSessionSummary: EditorSessionSummaryWriter initialized
[2020.04.04-19.32.33:438][  0]LogInit: Transaction tracking system initialized
[2020.04.04-19.32.33:586][  0]BlueprintLog: New page: Editor Load
[2020.04.04-19.32.33:987][  0]LocalizationService: Localization service is disabled
[2020.04.04-19.32.34:722][  0]LogVSAccessor: Display: Unable to create Visual Studio setup instance: 80040154
[2020.04.04-19.32.34:739][  0]LogVSAccessor: Display: Unable to create Visual Studio setup instance: 80040154
[2020.04.04-19.32.37:885][  0]LogFileCache: Scanning file cache for directory 'C:/Users/SWIZZ_DC/Documents/GitHub/UE4COLLAB-/Code_DM/Content/' took 0.14s
[2020.04.04-19.32.37:885][  0]LogCook: Display: Max memory allowance for cook 16384mb min free memory 0mb
[2020.04.04-19.32.37:886][  0]LogCook: Display: Mobile HDR setting 1
[2020.04.04-19.32.44:937][  0]SourceControl: Source control is disabled
[2020.04.04-19.32.44:938][  0]Cmd: MAP LOAD FILE="../../../../../../Users/SWIZZ_DC/Documents/GitHub/UE4COLLAB-/Code_DM/Content/ThirdPersonBP/Maps/ThirdPersonExampleMap.umap" TEMPLATE=0 SHOWPROGRESS=1 FEATURELEVEL=3
[2020.04.04-19.32.45:140][  0]LightingResults: New page: Lighting Build
[2020.04.04-19.32.45:147][  0]LogWorld: UWorld::CleanupWorld for Untitled, bSessionEnded=true, bCleanupResources=true
[2020.04.04-19.32.45:148][  0]LogSlate: InvalidateAllWidgets triggered.  All widgets were invalidated
[2020.04.04-19.32.45:149][  0]MapCheck: New page: Map Check
[2020.04.04-19.32.45:149][  0]LightingResults: New page: Lighting Build
[2020.04.04-19.32.45:354][  0]LogUObjectHash: Compacting FUObjectHashTables data took  17.93ms
[2020.04.04-19.33.07:795][  0]LogAIModule: Creating AISystem for world ThirdPersonExampleMap
[2020.04.04-19.33.07:858][  0]LogEditorServer: Finished looking for orphan Actors (0.001 secs)
[2020.04.04-19.33.08:113][  0]LogUObjectHash: Compacting FUObjectHashTables data took  24.26ms
[2020.04.04-19.33.08:115][  0]Cmd: MAP CHECKDEP NOCLEARLOG
[2020.04.04-19.33.08:117][  0]MapCheck: Map check complete: 0 Error(s), 0 Warning(s), took 1.278ms to complete.
[2020.04.04-19.33.08:118][  0]LogFileHelpers: Loading map 'ThirdPersonExampleMap' took 23.180
[2020.04.04-19.33.08:907][  0]LogSlate: Updating window title bar state: overlay mode, drag disabled, window buttons hidden, title bar hidden
[2020.04.04-19.33.08:967][  0]LogSlate: Updating window title bar state: overlay mode, drag disabled, window buttons hidden, title bar hidden
[2020.04.04-19.33.09:030][  0]LogSlate: Updating window title bar state: overlay mode, drag disabled, window buttons hidden, title bar hidden
[2020.04.04-19.33.09:093][  0]LogSlate: Updating window title bar state: overlay mode, drag disabled, window buttons hidden, title bar hidden
[2020.04.04-19.33.09:179][  0]LogCollectionManager: Loaded 0 collections in 0.019206 seconds
[2020.04.04-19.33.09:300][  0]LogFileCache: Scanning file cache for directory 'C:/Users/SWIZZ_DC/Documents/GitHub/UE4COLLAB-/Code_DM/Saved/Collections/' took 0.01s
[2020.04.04-19.33.09:301][  0]LogFileCache: Scanning file cache for directory 'C:/Users/SWIZZ_DC/Documents/GitHub/UE4COLLAB-/Code_DM/Content/Developers/SWIZZDC/Collections/' took 0.00s
[2020.04.04-19.33.09:301][  0]LogFileCache: Scanning file cache for directory 'C:/Users/SWIZZ_DC/Documents/GitHub/UE4COLLAB-/Code_DM/Content/Collections/' took 0.00s
[2020.04.04-19.33.09:301][  0]LogContentBrowser: Native class hierarchy populated in 0.0782 seconds. Added 3015 classes and 717 folders.
[2020.04.04-19.33.09:375][  0]LogContentBrowser: Native class hierarchy updated for 'WidgetCarousel' in 0.0020 seconds. Added 0 classes and 0 folders.
[2020.04.04-19.33.13:750][  0]LogContentBrowser: Native class hierarchy updated for 'AddContentDialog' in 0.0019 seconds. Added 0 classes and 0 folders.
[2020.04.04-19.33.13:819][  0]LogContentBrowser: Native class hierarchy updated for 'SceneOutliner' in 0.0020 seconds. Added 2 classes and 3 folders.
[2020.04.04-19.33.15:024][  0]LogSlate: Took 0.001339 seconds to synchronously load lazily loaded font '../../../Engine/Content/Slate/Fonts/Roboto-Regular.ttf' (155K)
[2020.04.04-19.33.15:043][  0]LogSlate: Took 0.001373 seconds to synchronously load lazily loaded font '../../../Engine/Content/Slate/Fonts/Roboto-Bold.ttf' (160K)
[2020.04.04-19.33.15:147][  0]LogSlate: Took 0.064552 seconds to synchronously load lazily loaded font '../../../Engine/Content/Editor/Slate/Fonts/FontAwesome.ttf' (139K)
[2020.04.04-19.33.16:635][  0]LogRenderer: Reallocating scene render targets to support 880x388 Format 10 NumSamples 1 (Frame:1).
[2020.04.04-19.33.17:753][  0]LogContentBrowser: Native class hierarchy updated for 'HierarchicalLODOutliner' in 0.0022 seconds. Added 0 classes and 0 folders.
[2020.04.04-19.33.17:754][  0]LogLoad: (Engine Initialization) Total time: 121.77 seconds
[2020.04.04-19.33.17:754][  0]LogLoad: (Engine Initialization) Total Blueprint compile time: 0.00 seconds
[2020.04.04-19.33.17:884][  0]LogContentStreaming: Texture pool size now 1000 MB
[2020.04.04-19.33.18:243][  0]LogSlate: Took 0.050598 seconds to synchronously load lazily loaded font '../../../Engine/Content/Slate/Fonts/Roboto-Light.ttf' (167K)
[2020.04.04-19.33.20:652][ 17]LogAssetRegistry: Asset discovery search completed in 81.1974 seconds
[2020.04.04-19.33.20:683][ 17]LogCollectionManager: Fixed up redirectors for 0 collections in 0.000079 seconds (updated 0 objects)
[2020.04.04-20.06.04:605][913]LogRendererCore: Warning: Query 'Unaccounted' not ready.
[2020.04.04-21.12.22:089][885]LogD3D11RHI: Timed out while waiting for GPU to catch up. (0.5 s) (ErrorCode 00000001)
[2020.04.04-21.12.35:823][183]LogEditorViewport: Clicking on Actor (LMB): ThirdPersonCharacter_C (ThirdPersonCharacter)
[2020.04.04-21.12.54:205][391]LogSlate: Took 0.002136 seconds to synchronously load lazily loaded font '../../../Engine/Content/Slate/Fonts/Roboto-Light.ttf' (167K)
[2020.04.04-21.12.54:342][391]LogAssetEditorSubsystem: Opening Asset editor for Blueprint /Game/ThirdPersonBP/Blueprints/ThirdPersonCharacter.ThirdPersonCharacter
[2020.04.04-21.12.56:881][391]LogContentBrowser: Native class hierarchy updated for 'BlueprintGraph' in 0.0137 seconds. Added 121 classes and 0 folders.
[2020.04.04-21.13.07:100][391]LogSlate: Took 0.001674 seconds to synchronously load lazily loaded font '../../../Engine/Content/Slate/Fonts/Roboto-BoldCondensed.ttf' (158K)
[2020.04.04-21.13.08:856][392]LogSlate: Took 0.088165 seconds to synchronously load lazily loaded font '../../../Engine/Content/Slate/Fonts/Roboto-Italic.ttf' (157K)
[2020.04.04-21.14.03:489][533]BlueprintLog: New page: Compile ThirdPersonCharacter
[2020.04.04-21.14.06:746][533]LogUObjectHash: Compacting FUObjectHashTables data took  35.41ms
[2020.04.04-21.14.09:651][543]LogSavePackage: Moving '../../../../../../Users/SWIZZ_DC/Documents/GitHub/UE4COLLAB-/Code_DM/Saved/ThirdPersonCharacter99FB043D493524429E802EAD5ED8E7C2.tmp' to '../../../../../../Users/SWIZZ_DC/Documents/GitHub/UE4COLLAB-/Code_DM/Content/ThirdPersonBP/Blueprints/ThirdPersonCharacter.uasset'
[2020.04.04-21.14.09:830][543]AssetCheck: New page: Asset Save: ThirdPersonCharacter
[2020.04.04-21.14.09:831][543]LogContentValidation: Display: Validating Blueprint /Game/ThirdPersonBP/Blueprints/ThirdPersonCharacter.ThirdPersonCharacter
[2020.04.04-21.14.13:365][595]LogTemp: Repeating last play command: Selected Viewport
[2020.04.04-21.14.13:541][595]LogBlueprintUserMessages: Early PlayInEditor Detection: Level '/Game/ThirdPersonBP/Maps/ThirdPersonExampleMap.ThirdPersonExampleMap:PersistentLevel' has LevelScriptBlueprint '/Game/ThirdPersonBP/Maps/ThirdPersonExampleMap.ThirdPersonExampleMap:PersistentLevel.ThirdPersonExampleMap' with GeneratedClass '/Game/ThirdPersonBP/Maps/ThirdPersonExampleMap.ThirdPersonExampleMap_C' with ClassGeneratedBy '/Game/ThirdPersonBP/Maps/ThirdPersonExampleMap.ThirdPersonExampleMap:PersistentLevel.ThirdPersonExampleMap'
[2020.04.04-21.14.13:555][595]LogPlayLevel: PlayLevel: No blueprints needed recompiling
[2020.04.04-21.14.13:612][595]PIE: New page: PIE session: ThirdPersonExampleMap (Apr 4, 2020, 7:14:13 AM)
[2020.04.04-21.14.13:645][595]LogOnline: OSS: Creating online subsystem instance for: NULL
[2020.04.04-21.14.13:652][595]LogOnline: OSS: TryLoadSubsystemAndSetDefault: Loaded subsystem for module [NULL]
[2020.04.04-21.14.13:653][595]LogPlayLevel: Creating play world package: /Game/ThirdPersonBP/Maps/UEDPIE_0_ThirdPersonExampleMap
[2020.04.04-21.14.13:768][595]LogPlayLevel: PIE: StaticDuplicateObject took: (0.113445s)
[2020.04.04-21.14.13:785][595]LogAIModule: Creating AISystem for world ThirdPersonExampleMap
[2020.04.04-21.14.13:787][595]LogPlayLevel: PIE: World Init took: (0.018606s)
[2020.04.04-21.14.13:787][595]LogPlayLevel: PIE: Created PIE world by copying editor world from /Game/ThirdPersonBP/Maps/ThirdPersonExampleMap.ThirdPersonExampleMap to /Game/ThirdPersonBP/Maps/UEDPIE_0_ThirdPersonExampleMap.ThirdPersonExampleMap (0.134067s)
[2020.04.04-21.14.14:060][595]LogUObjectHash: Compacting FUObjectHashTables data took  29.07ms
[2020.04.04-21.14.14:071][595]LogAudioMixer: Display: Audio Mixer Platform Settings:
[2020.04.04-21.14.14:071][595]LogAudioMixer: Display: 	Sample Rate:						  48000
[2020.04.04-21.14.14:071][595]LogAudioMixer: Display: 	Callback Buffer Frame Size Requested: 1024
[2020.04.04-21.14.14:072][595]LogAudioMixer: Display: 	Callback Buffer Frame Size To Use:	  1024
[2020.04.04-21.14.14:072][595]LogAudioMixer: Display: 	Number of buffers to queue:			  2
[2020.04.04-21.14.14:072][595]LogAudioMixer: Display: 	Max Channels (voices):				  32
[2020.04.04-21.14.14:072][595]LogAudioMixer: Display: 	Number of Async Source Workers:		  0
[2020.04.04-21.14.14:072][595]LogAudio: Display: AudioDevice MaxSources: 32
[2020.04.04-21.14.14:074][595]LogAudio: Display: Using built-in audio occlusion.
[2020.04.04-21.14.14:074][595]LogAudioMixer: Display: Initializing audio mixer.
[2020.04.04-21.14.14:184][595]LogAudioMixer: Display: Audio Device Output Speaker Info:
[2020.04.04-21.14.14:184][595]LogAudioMixer: Display: Name: 1 - NS-19E310A13 (2- AMD High Definition Audio Device)
[2020.04.04-21.14.14:185][595]LogAudioMixer: Display: Is Default: Yes
[2020.04.04-21.14.14:185][595]LogAudioMixer: Display: Sample Rate: 48000
[2020.04.04-21.14.14:185][595]LogAudioMixer: Display: Channel Count Used: 2
[2020.04.04-21.14.14:185][595]LogAudioMixer: Display: Device Channel Count: 2
[2020.04.04-21.14.14:185][595]LogAudioMixer: Display: Channel Order:
[2020.04.04-21.14.14:185][595]LogAudioMixer: Display: 0: FrontLeft
[2020.04.04-21.14.14:185][595]LogAudioMixer: Display: 1: FrontRight
[2020.04.04-21.14.14:263][595]LogAudioMixer: Display: Using Audio Device 1 - NS-19E310A13 (2- AMD High Definition Audio Device)
[2020.04.04-21.14.14:281][595]LogInit: FAudioDevice initialized.
[2020.04.04-21.14.14:366][595]LogLoad: Game class is 'BP_FPS_GameMode_C'
[2020.04.04-21.14.14:384][595]LogWorld: Bringing World /Game/ThirdPersonBP/Maps/UEDPIE_0_ThirdPersonExampleMap.ThirdPersonExampleMap up for play (max tick rate 0) at 2020.04.04-14.14.14
[2020.04.04-21.14.14:509][595]LogWorld: Bringing up level for play took: 0.131736
[2020.04.04-21.14.14:511][595]LogOnline: OSS: Creating online subsystem instance for: :Context_3
[2020.04.04-21.14.14:698][595]LogContentBrowser: Native class hierarchy updated for 'MovieSceneCapture' in 0.0029 seconds. Added 20 classes and 0 folders.
[2020.04.04-21.14.14:719][595]PIE: Play in editor start time for /Game/ThirdPersonBP/Maps/UEDPIE_0_ThirdPersonExampleMap 0.59
[2020.04.04-21.14.14:720][595]LogBlueprintUserMessages: Late PlayInEditor Detection: Level '/Game/ThirdPersonBP/Maps/ThirdPersonExampleMap.ThirdPersonExampleMap:PersistentLevel' has LevelScriptBlueprint '/Game/ThirdPersonBP/Maps/ThirdPersonExampleMap.ThirdPersonExampleMap:PersistentLevel.ThirdPersonExampleMap' with GeneratedClass '/Game/ThirdPersonBP/Maps/ThirdPersonExampleMap.ThirdPersonExampleMap_C' with ClassGeneratedBy '/Game/ThirdPersonBP/Maps/ThirdPersonExampleMap.ThirdPersonExampleMap:PersistentLevel.ThirdPersonExampleMap'
[2020.04.04-21.14.25:857][771]LogAudioMixer: Display: No commands were queued while flushing the source manager.
[2020.04.04-21.14.25:868][771]LogAudioMixer: Display: Flush succeeded in the source manager command queue (1).
[2020.04.04-21.14.25:888][771]LogAudioMixer: Display: Flush succeeded the source manager command queue (2).
[2020.04.04-21.14.25:908][771]LogBlueprintUserMessages: Early EndPlayMap Detection: Level '/Game/ThirdPersonBP/Maps/ThirdPersonExampleMap.ThirdPersonExampleMap:PersistentLevel' has LevelScriptBlueprint '/Game/ThirdPersonBP/Maps/ThirdPersonExampleMap.ThirdPersonExampleMap:PersistentLevel.ThirdPersonExampleMap' with GeneratedClass '/Game/ThirdPersonBP/Maps/ThirdPersonExampleMap.ThirdPersonExampleMap_C' with ClassGeneratedBy '/Game/ThirdPersonBP/Maps/ThirdPersonExampleMap.ThirdPersonExampleMap:PersistentLevel.ThirdPersonExampleMap'
[2020.04.04-21.14.25:934][771]LogSlate: Updating window title bar state: overlay mode, drag disabled, window buttons hidden, title bar hidden
[2020.04.04-21.14.25:934][771]LogWorld: BeginTearingDown for /Game/ThirdPersonBP/Maps/UEDPIE_0_ThirdPersonExampleMap
[2020.04.04-21.14.25:935][771]LogAudioMixer: Display: No commands were queued while flushing the source manager.
[2020.04.04-21.14.25:936][771]LogWorld: UWorld::CleanupWorld for ThirdPersonExampleMap, bSessionEnded=true, bCleanupResources=true
[2020.04.04-21.14.25:938][771]LogSlate: InvalidateAllWidgets triggered.  All widgets were invalidated
[2020.04.04-21.14.26:063][771]LogPlayLevel: Display: Shutting down PIE online subsystems
[2020.04.04-21.14.26:064][771]LogBlueprintUserMessages: Late EndPlayMap Detection: Level '/Game/ThirdPersonBP/Maps/ThirdPersonExampleMap.ThirdPersonExampleMap:PersistentLevel' has LevelScriptBlueprint '/Game/ThirdPersonBP/Maps/ThirdPersonExampleMap.ThirdPersonExampleMap:PersistentLevel.ThirdPersonExampleMap' with GeneratedClass '/Game/ThirdPersonBP/Maps/ThirdPersonExampleMap.ThirdPersonExampleMap_C' with ClassGeneratedBy '/Game/ThirdPersonBP/Maps/ThirdPersonExampleMap.ThirdPersonExampleMap:PersistentLevel.ThirdPersonExampleMap'
[2020.04.04-21.14.26:110][771]LogSlate: InvalidateAllWidgets triggered.  All widgets were invalidated
[2020.04.04-21.14.26:330][771]LogAudioMixer: Display: No commands were queued while flushing the source manager.
[2020.04.04-21.14.26:360][771]LogSlate: Updating window title bar state: overlay mode, drag disabled, window buttons hidden, title bar hidden
[2020.04.04-21.14.26:568][771]LogUObjectHash: Compacting FUObjectHashTables data took  39.33ms
[2020.04.04-21.14.26:703][772]LogPlayLevel: Display: Destroying online subsystem :Context_3
[2020.04.04-21.14.35:274][910]LogSlate: Prevented a slow task dialog from being summoned while a context menu was open
[2020.04.04-21.14.39:000][946]LogUObjectHash: Compacting FUObjectHashTables data took  46.81ms
[2020.04.04-21.14.42:242][946]LogSavePackage: Moving '../../../../../../Users/SWIZZ_DC/Documents/GitHub/UE4COLLAB-/Code_DM/Saved/ThirdPersonExampleMapF2AA59BF4031CAC0DE63B4B922A321C1.tmp' to '../../../../../../Users/SWIZZ_DC/Documents/GitHub/UE4COLLAB-/Code_DM/Content/ThirdPersonBP/Maps/ThirdPersonExampleMap.umap'
[2020.04.04-21.14.44:671][946]LogSavePackage: Moving '../../../../../../Users/SWIZZ_DC/Documents/GitHub/UE4COLLAB-/Code_DM/Saved/ThirdPersonExampleMap_BuiltData74C02BA54A75B84337FD83AE77D67879.tmp' to '../../../../../../Users/SWIZZ_DC/Documents/GitHub/UE4COLLAB-/Code_DM/Content/ThirdPersonBP/Maps/ThirdPersonExampleMap_BuiltData.uasset'
[2020.04.04-21.14.44:849][946]AssetCheck: New page: Asset Save: multiple assets
[2020.04.04-21.14.44:850][946]LogContentValidation: Display: Validating World /Game/ThirdPersonBP/Maps/ThirdPersonExampleMap.ThirdPersonExampleMap
[2020.04.04-21.14.44:851][946]LogContentValidation: Display: Validating MapBuildDataRegistry /Game/ThirdPersonBP/Maps/ThirdPersonExampleMap_BuiltData.ThirdPersonExampleMap_BuiltData
[2020.04.04-21.14.46:159][973]LogTemp: Repeating last play command: Selected Viewport
[2020.04.04-21.14.46:332][973]LogBlueprintUserMessages: Early PlayInEditor Detection: Level '/Game/ThirdPersonBP/Maps/ThirdPersonExampleMap.ThirdPersonExampleMap:PersistentLevel' has LevelScriptBlueprint '/Game/ThirdPersonBP/Maps/ThirdPersonExampleMap.ThirdPersonExampleMap:PersistentLevel.ThirdPersonExampleMap' with GeneratedClass '/Game/ThirdPersonBP/Maps/ThirdPersonExampleMap.ThirdPersonExampleMap_C' with ClassGeneratedBy '/Game/ThirdPersonBP/Maps/ThirdPersonExampleMap.ThirdPersonExampleMap:PersistentLevel.ThirdPersonExampleMap'
[2020.04.04-21.14.46:335][973]LogPlayLevel: PlayLevel: No blueprints needed recompiling
[2020.04.04-21.14.46:336][973]PIE: New page: PIE session: ThirdPersonExampleMap (Apr 4, 2020, 7:14:46 AM)
[2020.04.04-21.14.46:336][973]LogPlayLevel: Creating play world package: /Game/ThirdPersonBP/Maps/UEDPIE_0_ThirdPersonExampleMap
[2020.04.04-21.14.46:401][973]LogPlayLevel: PIE: StaticDuplicateObject took: (0.064747s)
[2020.04.04-21.14.46:412][973]LogAIModule: Creating AISystem for world ThirdPersonExampleMap
[2020.04.04-21.14.46:414][973]LogPlayLevel: PIE: World Init took: (0.012089s)
[2020.04.04-21.14.46:414][973]LogPlayLevel: PIE: Created PIE world by copying editor world from /Game/ThirdPersonBP/Maps/ThirdPersonExampleMap.ThirdPersonExampleMap to /Game/ThirdPersonBP/Maps/UEDPIE_0_ThirdPersonExampleMap.ThirdPersonExampleMap (0.077967s)
[2020.04.04-21.14.46:671][973]LogUObjectHash: Compacting FUObjectHashTables data took  29.97ms
[2020.04.04-21.14.46:674][973]LogAudioMixer: Display: Audio Mixer Platform Settings:
[2020.04.04-21.14.46:674][973]LogAudioMixer: Display: 	Sample Rate:						  48000
[2020.04.04-21.14.46:675][973]LogAudioMixer: Display: 	Callback Buffer Frame Size Requested: 1024
[2020.04.04-21.14.46:675][973]LogAudioMixer: Display: 	Callback Buffer Frame Size To Use:	  1024
[2020.04.04-21.14.46:675][973]LogAudioMixer: Display: 	Number of buffers to queue:			  2
[2020.04.04-21.14.46:675][973]LogAudioMixer: Display: 	Max Channels (voices):				  32
[2020.04.04-21.14.46:675][973]LogAudioMixer: Display: 	Number of Async Source Workers:		  0
[2020.04.04-21.14.46:675][973]LogAudio: Display: AudioDevice MaxSources: 32
[2020.04.04-21.14.46:677][973]LogAudio: Display: Using built-in audio occlusion.
[2020.04.04-21.14.46:678][973]LogAudioMixer: Display: Initializing audio mixer.
[2020.04.04-21.14.46:761][973]LogAudioMixer: Display: Audio Device Output Speaker Info:
[2020.04.04-21.14.46:761][973]LogAudioMixer: Display: Name: 1 - NS-19E310A13 (2- AMD High Definition Audio Device)
[2020.04.04-21.14.46:761][973]LogAudioMixer: Display: Is Default: Yes
[2020.04.04-21.14.46:762][973]LogAudioMixer: Display: Sample Rate: 48000
[2020.04.04-21.14.46:762][973]LogAudioMixer: Display: Channel Count Used: 2
[2020.04.04-21.14.46:762][973]LogAudioMixer: Display: Device Channel Count: 2
[2020.04.04-21.14.46:762][973]LogAudioMixer: Display: Channel Order:
[2020.04.04-21.14.46:762][973]LogAudioMixer: Display: 0: FrontLeft
[2020.04.04-21.14.46:762][973]LogAudioMixer: Display: 1: FrontRight
[2020.04.04-21.14.46:837][973]LogAudioMixer: Display: Using Audio Device 1 - NS-19E310A13 (2- AMD High Definition Audio Device)
[2020.04.04-21.14.46:848][973]LogInit: FAudioDevice initialized.
[2020.04.04-21.14.46:881][973]LogLoad: Game class is 'FPMenu_C'
[2020.04.04-21.14.46:895][973]LogWorld: Bringing World /Game/ThirdPersonBP/Maps/UEDPIE_0_ThirdPersonExampleMap.ThirdPersonExampleMap up for play (max tick rate 0) at 2020.04.04-14.14.46
[2020.04.04-21.14.46:897][973]LogWorld: Bringing up level for play took: 0.010734
[2020.04.04-21.14.46:898][973]LogOnline: OSS: Creating online subsystem instance for: :Context_4
[2020.04.04-21.14.47:060][973]PIE: Play in editor start time for /Game/ThirdPersonBP/Maps/UEDPIE_0_ThirdPersonExampleMap 0.932
[2020.04.04-21.14.47:061][973]LogBlueprintUserMessages: Late PlayInEditor Detection: Level '/Game/ThirdPersonBP/Maps/ThirdPersonExampleMap.ThirdPersonExampleMap:PersistentLevel' has LevelScriptBlueprint '/Game/ThirdPersonBP/Maps/ThirdPersonExampleMap.ThirdPersonExampleMap:PersistentLevel.ThirdPersonExampleMap' with GeneratedClass '/Game/ThirdPersonBP/Maps/ThirdPersonExampleMap.ThirdPersonExampleMap_C' with ClassGeneratedBy '/Game/ThirdPersonBP/Maps/ThirdPersonExampleMap.ThirdPersonExampleMap:PersistentLevel.ThirdPersonExampleMap'
[2020.04.04-21.14.52:449][ 64]LogRenderer: Reallocating scene render targets to support 880x392 Format 10 NumSamples 1 (Frame:89).
[2020.04.04-21.14.52:968][ 65]LogRenderer: Reallocating scene render targets to support 880x404 Format 10 NumSamples 1 (Frame:90).
[2020.04.04-21.14.53:292][ 66]LogRenderer: Reallocating scene render targets to support 880x448 Format 10 NumSamples 1 (Frame:91).
[2020.04.04-21.14.53:533][ 69]LogRenderer: Reallocating scene render targets to support 880x456 Format 10 NumSamples 1 (Frame:92).
[2020.04.04-21.14.53:713][ 70]LogRenderer: Reallocating scene render targets to support 880x472 Format 10 NumSamples 1 (Frame:93).
[2020.04.04-21.14.54:025][ 71]LogRenderer: Reallocating scene render targets to support 880x476 Format 10 NumSamples 1 (Frame:94).
[2020.04.04-21.15.20:424][597]LogAudioMixer: Display: No commands were queued while flushing the source manager.
[2020.04.04-21.15.20:478][597]LogAudioMixer: Display: Flush succeeded in the source manager command queue (1).
[2020.04.04-21.15.20:498][597]LogAudioMixer: Display: Flush succeeded the source manager command queue (2).
[2020.04.04-21.15.20:498][597]LogBlueprintUserMessages: Early EndPlayMap Detection: Level '/Game/ThirdPersonBP/Maps/ThirdPersonExampleMap.ThirdPersonExampleMap:PersistentLevel' has LevelScriptBlueprint '/Game/ThirdPersonBP/Maps/ThirdPersonExampleMap.ThirdPersonExampleMap:PersistentLevel.ThirdPersonExampleMap' with GeneratedClass '/Game/ThirdPersonBP/Maps/ThirdPersonExampleMap.ThirdPersonExampleMap_C' with ClassGeneratedBy '/Game/ThirdPersonBP/Maps/ThirdPersonExampleMap.ThirdPersonExampleMap:PersistentLevel.ThirdPersonExampleMap'
[2020.04.04-21.15.20:553][597]LogSlate: Updating window title bar state: overlay mode, drag disabled, window buttons hidden, title bar hidden
[2020.04.04-21.15.20:554][597]LogWorld: BeginTearingDown for /Game/ThirdPersonBP/Maps/UEDPIE_0_ThirdPersonExampleMap
[2020.04.04-21.15.20:554][597]LogAudioMixer: Display: No commands were queued while flushing the source manager.
[2020.04.04-21.15.20:555][597]LogWorld: UWorld::CleanupWorld for ThirdPersonExampleMap, bSessionEnded=true, bCleanupResources=true
[2020.04.04-21.15.20:557][597]LogSlate: InvalidateAllWidgets triggered.  All widgets were invalidated
[2020.04.04-21.15.20:634][597]LogPlayLevel: Display: Shutting down PIE online subsystems
[2020.04.04-21.15.20:636][597]LogBlueprintUserMessages: Late EndPlayMap Detection: Level '/Game/ThirdPersonBP/Maps/ThirdPersonExampleMap.ThirdPersonExampleMap:PersistentLevel' has LevelScriptBlueprint '/Game/ThirdPersonBP/Maps/ThirdPersonExampleMap.ThirdPersonExampleMap:PersistentLevel.ThirdPersonExampleMap' with GeneratedClass '/Game/ThirdPersonBP/Maps/ThirdPersonExampleMap.ThirdPersonExampleMap_C' with ClassGeneratedBy '/Game/ThirdPersonBP/Maps/ThirdPersonExampleMap.ThirdPersonExampleMap:PersistentLevel.ThirdPersonExampleMap'
[2020.04.04-21.15.20:668][597]LogSlate: InvalidateAllWidgets triggered.  All widgets were invalidated
[2020.04.04-21.15.20:927][597]LogAudioMixer: Display: No commands were queued while flushing the source manager.
[2020.04.04-21.15.20:951][597]LogSlate: Updating window title bar state: overlay mode, drag disabled, window buttons hidden, title bar hidden
[2020.04.04-21.15.20:989][597]LogUObjectHash: Compacting FUObjectHashTables data took  32.33ms
[2020.04.04-21.15.21:121][598]LogPlayLevel: Display: Destroying online subsystem :Context_4
[2020.04.04-21.15.39:401][939]LogAssetEditorSubsystem: Opening Asset editor for Skeleton /Game/Mannequin/Character/Mesh/UE4_Mannequin_Skeleton.UE4_Mannequin_Skeleton
[2020.04.04-21.15.39:523][939]LogContentBrowser: Native class hierarchy updated for 'SkeletonEditor' in 0.0021 seconds. Added 1 classes and 2 folders.
[2020.04.04-21.15.41:811][939]LogActorComponent: RegisterComponentWithWorld: (/Engine/Transient.World_4:PersistentLevel.AnimationEditorPreviewActor_0.DebugSkelMeshComponent_0) Already registered. Aborting.
[2020.04.04-21.15.41:860][939]LogContentBrowser: Native class hierarchy updated for 'PinnedCommandList' in 0.0032 seconds. Added 1 classes and 0 folders.
[2020.04.04-21.15.42:688][939]LogSkeletalMesh: USkeletalMeshComponent::InitArticulated : Bodies already created (/Engine/Transient.World_4:PersistentLevel.AnimationEditorPreviewActor_0.DebugSkelMeshComponent_0) - call TermArticulated first.
[2020.04.04-21.15.48:867][940]LogRenderer: Reallocating scene render targets to support 880x572 Format 10 NumSamples 1 (Frame:1).
[2020.04.04-21.16.35:298][982]LogAssetEditorSubsystem: Opening Asset editor for Skeleton /Game/ThirdPersonBP/Y-botFolder/Y-bot_Skeleton.Y-bot_Skeleton
[2020.04.04-21.16.36:669][982]LogActorComponent: RegisterComponentWithWorld: (/Engine/Transient.World_7:PersistentLevel.AnimationEditorPreviewActor_0.DebugSkelMeshComponent_0) Already registered. Aborting.
[2020.04.04-21.16.36:915][982]LogSkeletalMesh: USkeletalMeshComponent::InitArticulated : Bodies already created (/Engine/Transient.World_7:PersistentLevel.AnimationEditorPreviewActor_0.DebugSkelMeshComponent_0) - call TermArticulated first.
[2020.04.04-21.19.07:937][165]LogSavePackage: Moving '../../../../../../Users/SWIZZ_DC/Documents/GitHub/UE4COLLAB-/Code_DM/Saved/Y-bot_Skeleton38C6182E4A26ECEE5E7A4894F4B94CD4.tmp' to '../../../../../../Users/SWIZZ_DC/Documents/GitHub/UE4COLLAB-/Code_DM/Content/ThirdPersonBP/Y-botFolder/Y-bot_Skeleton.uasset'
[2020.04.04-21.19.08:051][165]AssetCheck: New page: Asset Save: Y-bot_Skeleton
[2020.04.04-21.19.08:051][165]LogContentValidation: Display: Validating Skeleton /Game/ThirdPersonBP/Y-botFolder/Y-bot_Skeleton.Y-bot_Skeleton
[2020.04.04-21.19.21:379][420]LogSavePackage: Moving '../../../../../../Users/SWIZZ_DC/Documents/GitHub/UE4COLLAB-/Code_DM/Saved/Y-bot_Skeleton2CD7861A479D2D72AC50E785C1F5445A.tmp' to '../../../../../../Users/SWIZZ_DC/Documents/GitHub/UE4COLLAB-/Code_DM/Content/ThirdPersonBP/Y-botFolder/Y-bot_Skeleton.uasset'
[2020.04.04-21.19.21:484][420]AssetCheck: New page: Asset Save: Y-bot_Skeleton
[2020.04.04-21.19.21:484][420]LogContentValidation: Display: Validating Skeleton /Game/ThirdPersonBP/Y-botFolder/Y-bot_Skeleton.Y-bot_Skeleton
[2020.04.04-21.20.09:820][121]LogAssetEditorSubsystem: Opening Asset editor for AnimSequence /Game/Mannequin/Animations/Yelling_mixamo_com1.Yelling_mixamo_com1
[2020.04.04-21.20.09:934][121]LogActorComponent: RegisterComponentWithWorld: (/Engine/Transient.World_9:PersistentLevel.AnimationEditorPreviewActor_0.DebugSkelMeshComponent_0) Already registered. Aborting.
[2020.04.04-21.20.10:364][121]LogSkeletalMesh: USkeletalMeshComponent::InitArticulated : Bodies already created (/Engine/Transient.World_9:PersistentLevel.AnimationEditorPreviewActor_0.DebugSkelMeshComponent_0) - call TermArticulated first.
[2020.04.04-21.20.17:119][121]LogContentBrowser: Verbose: The majority of assets in the view are of type: AnimSequence
[2020.04.04-21.20.23:810][178]LogSlate: Window 'Yelling_mixamo_com1' being destroyed
[2020.04.04-21.20.25:902][212]LogWorld: UWorld::CleanupWorld for World_4, bSessionEnded=true, bCleanupResources=true
[2020.04.04-21.20.25:903][212]LogSlate: InvalidateAllWidgets triggered.  All widgets were invalidated
[2020.04.04-21.20.28:611][231]LogWorld: UWorld::CleanupWorld for World_7, bSessionEnded=true, bCleanupResources=true
[2020.04.04-21.20.28:611][231]LogSlate: InvalidateAllWidgets triggered.  All widgets were invalidated
[2020.04.04-21.20.34:652][280]LogAssetEditorSubsystem: Opening Asset editor for AnimSequence /Game/Mannequin/Animations/Gunplay_mixamo_com1.Gunplay_mixamo_com1
[2020.04.04-21.20.35:750][280]LogWorld: UWorld::CleanupWorld for World_11, bSessionEnded=true, bCleanupResources=true
[2020.04.04-21.20.35:751][280]LogSlate: InvalidateAllWidgets triggered.  All widgets were invalidated
[2020.04.04-21.20.42:414][372]LogSavePackage: Moving '../../../../../../Users/SWIZZ_DC/Documents/GitHub/UE4COLLAB-/Code_DM/Saved/Gunplay_mixamo_com13BD8954F48902CF9AD844E87EE596C28.tmp' to '../../../../../../Users/SWIZZ_DC/Documents/GitHub/UE4COLLAB-/Code_DM/Content/Mannequin/Animations/Gunplay_mixamo_com1.uasset'
[2020.04.04-21.20.42:519][372]AssetCheck: New page: Asset Save: Gunplay_mixamo_com1
[2020.04.04-21.20.42:520][372]LogContentValidation: Display: Validating AnimSequence /Game/Mannequin/Animations/Gunplay_mixamo_com1.Gunplay_mixamo_com1
[2020.04.04-21.20.50:458][462]LogUObjectHash: Compacting FUObjectHashTables data took  58.16ms
[2020.04.04-21.20.55:476][462]LogSlate: Window 'Delete Assets' being destroyed
